========== creating folders ==========
========== Processing tmp/dump_archives/4/enwiki-20230601-pages-meta-history18.xml-p25685750p25776142.7z ==========
INFO: archive enwiki-20230601-pages-meta-history18.xml-p25685750p25776142.7z already exists
========== Processing tmp/dump_archives/4/enwiki-20230601-pages-meta-history18.xml-p26036294p26181918.7z ==========
INFO: archive enwiki-20230601-pages-meta-history18.xml-p26036294p26181918.7z already exists
========== Processing tmp/dump_archives/4/enwiki-20230601-pages-meta-history18.xml-p26181919p26303183.7z ==========
INFO: archive enwiki-20230601-pages-meta-history18.xml-p26181919p26303183.7z already exists
========== Processing tmp/dump_archives/4/enwiki-20230601-pages-meta-history18.xml-p25776143p25904647.7z ==========
INFO: archive enwiki-20230601-pages-meta-history18.xml-p25776143p25904647.7z already exists
========== Processing tmp/dump_archives/4/enwiki-20230601-pages-meta-history18.xml-p26303184p26447122.7z ==========
INFO: archive enwiki-20230601-pages-meta-history18.xml-p26303184p26447122.7z already exists
========== Processing tmp/dump_archives/4/enwiki-20230601-pages-meta-history18.xml-p26856377p26998695.7z ==========
INFO: archive enwiki-20230601-pages-meta-history18.xml-p26856377p26998695.7z already exists
========== Processing tmp/dump_archives/4/enwiki-20230601-pages-meta-history19.xml-p27121851p27277453.7z ==========
INFO: archive enwiki-20230601-pages-meta-history19.xml-p27121851p27277453.7z already exists
========== Processing tmp/dump_archives/4/enwiki-20230601-pages-meta-history19.xml-p27277454p27410197.7z ==========
INFO: archive enwiki-20230601-pages-meta-history19.xml-p27277454p27410197.7z already exists
========== Processing tmp/dump_archives/4/enwiki-20230601-pages-meta-history18.xml-p26580919p26728708.7z ==========
INFO: archive enwiki-20230601-pages-meta-history18.xml-p26580919p26728708.7z already exists
========== Processing tmp/dump_archives/4/enwiki-20230601-pages-meta-history18.xml-p25904648p26036293.7z ==========
INFO: archive enwiki-20230601-pages-meta-history18.xml-p25904648p26036293.7z already exists
========== Processing tmp/dump_archives/4/enwiki-20230601-pages-meta-history18.xml-p26998696p27121850.7z ==========
INFO: archive enwiki-20230601-pages-meta-history18.xml-p26998696p27121850.7z already exists
========== Processing tmp/dump_archives/4/enwiki-20230601-pages-meta-history18.xml-p26447123p26580918.7z ==========
INFO: archive enwiki-20230601-pages-meta-history18.xml-p26447123p26580918.7z already exists
========== Processing tmp/dump_archives/4/enwiki-20230601-pages-meta-history18.xml-p26728709p26856376.7z ==========
INFO: archive enwiki-20230601-pages-meta-history18.xml-p26728709p26856376.7z already exists
========== Processing tmp/dump_archives/4/enwiki-20230601-pages-meta-history19.xml-p27558128p27691733.7z ==========
INFO: archive enwiki-20230601-pages-meta-history19.xml-p27558128p27691733.7z already exists
========== Processing tmp/dump_archives/4/enwiki-20230601-pages-meta-history19.xml-p27410198p27558127.7z ==========
INFO: archive enwiki-20230601-pages-meta-history19.xml-p27410198p27558127.7z already exists
========== Processing tmp/dump_archives/4/enwiki-20230601-pages-meta-history19.xml-p27691734p27848858.7z ==========
INFO: archive enwiki-20230601-pages-meta-history19.xml-p27691734p27848858.7z already exists
========== Processing tmp/dump_archives/4/enwiki-20230601-pages-meta-history19.xml-p27848859p27981804.7z ==========
INFO: archive enwiki-20230601-pages-meta-history19.xml-p27848859p27981804.7z already exists
========== Processing tmp/dump_archives/4/enwiki-20230601-pages-meta-history19.xml-p28109091p28245544.7z ==========
INFO: archive enwiki-20230601-pages-meta-history19.xml-p28109091p28245544.7z already exists
========== Processing tmp/dump_archives/4/enwiki-20230601-pages-meta-history19.xml-p27981805p28109090.7z ==========
INFO: archive enwiki-20230601-pages-meta-history19.xml-p27981805p28109090.7z already exists
========== Processing tmp/dump_archives/4/enwiki-20230601-pages-meta-history19.xml-p28379417p28580462.7z ==========
INFO: archive enwiki-20230601-pages-meta-history19.xml-p28379417p28580462.7z already exists
========== Processing tmp/dump_archives/4/enwiki-20230601-pages-meta-history19.xml-p28245545p28379416.7z ==========
INFO: archive enwiki-20230601-pages-meta-history19.xml-p28245545p28379416.7z already exists
========== Processing tmp/dump_archives/4/enwiki-20230601-pages-meta-history19.xml-p28755576p28898909.7z ==========
INFO: archive enwiki-20230601-pages-meta-history19.xml-p28755576p28898909.7z already exists
========== Processing tmp/dump_archives/4/enwiki-20230601-pages-meta-history19.xml-p28580463p28755575.7z ==========
INFO: archive enwiki-20230601-pages-meta-history19.xml-p28580463p28755575.7z already exists
========== Processing tmp/dump_archives/4/enwiki-20230601-pages-meta-history19.xml-p28898910p29046606.7z ==========
INFO: archive enwiki-20230601-pages-meta-history19.xml-p28898910p29046606.7z already exists
========== Processing tmp/dump_archives/4/enwiki-20230601-pages-meta-history19.xml-p29046607p29214683.7z ==========
INFO: archive enwiki-20230601-pages-meta-history19.xml-p29046607p29214683.7z already exists
========== Processing tmp/dump_archives/4/enwiki-20230601-pages-meta-history19.xml-p29214684p29388724.7z ==========
INFO: archive enwiki-20230601-pages-meta-history19.xml-p29214684p29388724.7z already exists
========== Processing tmp/dump_archives/4/enwiki-20230601-pages-meta-history19.xml-p29538570p29703295.7z ==========
INFO: archive enwiki-20230601-pages-meta-history19.xml-p29538570p29703295.7z already exists
========== Processing tmp/dump_archives/4/enwiki-20230601-pages-meta-history19.xml-p29388725p29538569.7z ==========
INFO: archive enwiki-20230601-pages-meta-history19.xml-p29388725p29538569.7z already exists
========== Processing tmp/dump_archives/4/enwiki-20230601-pages-meta-history19.xml-p29898549p30072254.7z ==========
INFO: archive enwiki-20230601-pages-meta-history19.xml-p29898549p30072254.7z already exists
========== Processing tmp/dump_archives/4/enwiki-20230601-pages-meta-history19.xml-p29703296p29898548.7z ==========
INFO: archive enwiki-20230601-pages-meta-history19.xml-p29703296p29898548.7z already exists
========== Processing tmp/dump_archives/4/enwiki-20230601-pages-meta-history19.xml-p30234937p30401959.7z ==========
INFO: archive enwiki-20230601-pages-meta-history19.xml-p30234937p30401959.7z already exists
========== Processing tmp/dump_archives/4/enwiki-20230601-pages-meta-history19.xml-p30072255p30234936.7z ==========
INFO: archive enwiki-20230601-pages-meta-history19.xml-p30072255p30234936.7z already exists
========== Processing tmp/dump_archives/4/enwiki-20230601-pages-meta-history19.xml-p30401960p30474503.7z ==========
INFO: archive enwiki-20230601-pages-meta-history19.xml-p30401960p30474503.7z already exists
========== Processing tmp/dump_archives/4/enwiki-20230601-pages-meta-history19.xml-p30474504p30641488.7z ==========
INFO: archive enwiki-20230601-pages-meta-history19.xml-p30474504p30641488.7z already exists
========== Processing tmp/dump_archives/4/enwiki-20230601-pages-meta-history19.xml-p30866013p30966373.7z ==========
INFO: archive enwiki-20230601-pages-meta-history19.xml-p30866013p30966373.7z already exists
========== Processing tmp/dump_archives/4/enwiki-20230601-pages-meta-history19.xml-p30782460p30866012.7z ==========
INFO: archive enwiki-20230601-pages-meta-history19.xml-p30782460p30866012.7z already exists
========== Processing tmp/dump_archives/4/enwiki-20230601-pages-meta-history19.xml-p31104221p31248776.7z ==========
INFO: archive enwiki-20230601-pages-meta-history19.xml-p31104221p31248776.7z already exists
========== Processing tmp/dump_archives/4/enwiki-20230601-pages-meta-history19.xml-p30641489p30782459.7z ==========
INFO: archive enwiki-20230601-pages-meta-history19.xml-p30641489p30782459.7z already exists
========== Processing tmp/dump_archives/4/enwiki-20230601-pages-meta-history19.xml-p31248777p31308442.7z ==========
INFO: archive enwiki-20230601-pages-meta-history19.xml-p31248777p31308442.7z already exists
========== Processing tmp/dump_archives/4/enwiki-20230601-pages-meta-history2.xml-p101707p105582.7z ==========
INFO: archive enwiki-20230601-pages-meta-history2.xml-p101707p105582.7z already exists
========== Processing tmp/dump_archives/4/enwiki-20230601-pages-meta-history2.xml-p105583p109823.7z ==========
INFO: archive enwiki-20230601-pages-meta-history2.xml-p105583p109823.7z already exists
========== Processing tmp/dump_archives/4/enwiki-20230601-pages-meta-history19.xml-p30966374p31104220.7z ==========
INFO: archive enwiki-20230601-pages-meta-history19.xml-p30966374p31104220.7z already exists
========== Processing tmp/dump_archives/4/enwiki-20230601-pages-meta-history2.xml-p109824p116360.7z ==========
INFO: archive enwiki-20230601-pages-meta-history2.xml-p109824p116360.7z already exists
========== Processing tmp/dump_archives/4/enwiki-20230601-pages-meta-history2.xml-p125268p131445.7z ==========
INFO: archive enwiki-20230601-pages-meta-history2.xml-p125268p131445.7z already exists
========== Processing tmp/dump_archives/4/enwiki-20230601-pages-meta-history2.xml-p116361p125267.7z ==========
INFO: archive enwiki-20230601-pages-meta-history2.xml-p116361p125267.7z already exists
========== Processing tmp/dump_archives/4/enwiki-20230601-pages-meta-history2.xml-p139693p142869.7z ==========
INFO: archive enwiki-20230601-pages-meta-history2.xml-p139693p142869.7z already exists
========== Processing tmp/dump_archives/4/enwiki-20230601-pages-meta-history2.xml-p131446p139692.7z ==========
INFO: archive enwiki-20230601-pages-meta-history2.xml-p131446p139692.7z already exists
========== Processing tmp/dump_archives/4/enwiki-20230601-pages-meta-history2.xml-p142870p145540.7z ==========
INFO: archive enwiki-20230601-pages-meta-history2.xml-p142870p145540.7z already exists
========== Processing tmp/dump_archives/4/enwiki-20230601-pages-meta-history2.xml-p145541p148047.7z ==========
INFO: archive enwiki-20230601-pages-meta-history2.xml-p145541p148047.7z already exists
========== Processing tmp/dump_archives/4/enwiki-20230601-pages-meta-history2.xml-p41243p42767.7z ==========
INFO: archive enwiki-20230601-pages-meta-history2.xml-p41243p42767.7z already exists
========== Processing tmp/dump_archives/4/enwiki-20230601-pages-meta-history2.xml-p148048p150078.7z ==========
INFO: archive enwiki-20230601-pages-meta-history2.xml-p148048p150078.7z already exists
========== Processing tmp/dump_archives/4/enwiki-20230601-pages-meta-history2.xml-p42768p43829.7z ==========
INFO: archive enwiki-20230601-pages-meta-history2.xml-p42768p43829.7z already exists
========== Processing tmp/dump_archives/4/enwiki-20230601-pages-meta-history2.xml-p43830p45112.7z ==========
INFO: archive enwiki-20230601-pages-meta-history2.xml-p43830p45112.7z already exists
========== Processing tmp/dump_archives/4/enwiki-20230601-pages-meta-history2.xml-p49117p50547.7z ==========
INFO: archive enwiki-20230601-pages-meta-history2.xml-p49117p50547.7z already exists
========== Processing tmp/dump_archives/4/enwiki-20230601-pages-meta-history2.xml-p45113p46376.7z ==========
INFO: archive enwiki-20230601-pages-meta-history2.xml-p45113p46376.7z already exists
========== Processing tmp/dump_archives/4/enwiki-20230601-pages-meta-history2.xml-p46377p47777.7z ==========
INFO: archive enwiki-20230601-pages-meta-history2.xml-p46377p47777.7z already exists
========== Processing tmp/dump_archives/4/enwiki-20230601-pages-meta-history2.xml-p150079p151573.7z ==========
INFO: archive enwiki-20230601-pages-meta-history2.xml-p150079p151573.7z already exists
========== Processing tmp/dump_archives/4/enwiki-20230601-pages-meta-history2.xml-p50548p51803.7z ==========
INFO: archive enwiki-20230601-pages-meta-history2.xml-p50548p51803.7z already exists
========== Processing tmp/dump_archives/4/enwiki-20230601-pages-meta-history2.xml-p51804p52896.7z ==========
INFO: archive enwiki-20230601-pages-meta-history2.xml-p51804p52896.7z already exists
========== Processing tmp/dump_archives/4/enwiki-20230601-pages-meta-history2.xml-p47778p49116.7z ==========
INFO: archive enwiki-20230601-pages-meta-history2.xml-p47778p49116.7z already exists
========== Processing tmp/dump_archives/4/enwiki-20230601-pages-meta-history2.xml-p54015p55563.7z ==========
INFO: archive enwiki-20230601-pages-meta-history2.xml-p54015p55563.7z already exists
========== Processing tmp/dump_archives/4/enwiki-20230601-pages-meta-history2.xml-p52897p54014.7z ==========
INFO: archive enwiki-20230601-pages-meta-history2.xml-p52897p54014.7z already exists
========== Processing tmp/dump_archives/4/enwiki-20230601-pages-meta-history2.xml-p55564p57320.7z ==========
INFO: archive enwiki-20230601-pages-meta-history2.xml-p55564p57320.7z already exists
========== Processing tmp/dump_archives/4/enwiki-20230601-pages-meta-history2.xml-p57321p58654.7z ==========
INFO: archive enwiki-20230601-pages-meta-history2.xml-p57321p58654.7z already exists
========== Processing tmp/dump_archives/4/enwiki-20230601-pages-meta-history2.xml-p61349p63441.7z ==========
INFO: archive enwiki-20230601-pages-meta-history2.xml-p61349p63441.7z already exists
========== Processing tmp/dump_archives/4/enwiki-20230601-pages-meta-history2.xml-p58655p59896.7z ==========
INFO: archive enwiki-20230601-pages-meta-history2.xml-p58655p59896.7z already exists
========== Processing tmp/dump_archives/4/enwiki-20230601-pages-meta-history2.xml-p63442p65064.7z ==========
INFO: archive enwiki-20230601-pages-meta-history2.xml-p63442p65064.7z already exists
========== Processing tmp/dump_archives/4/enwiki-20230601-pages-meta-history2.xml-p59897p61348.7z ==========
INFO: archive enwiki-20230601-pages-meta-history2.xml-p59897p61348.7z already exists
========== Processing tmp/dump_archives/4/enwiki-20230601-pages-meta-history2.xml-p65065p66559.7z ==========
INFO: archive enwiki-20230601-pages-meta-history2.xml-p65065p66559.7z already exists
========== Processing tmp/dump_archives/4/enwiki-20230601-pages-meta-history2.xml-p66560p68334.7z ==========
INFO: archive enwiki-20230601-pages-meta-history2.xml-p66560p68334.7z already exists
========== Processing tmp/dump_archives/4/enwiki-20230601-pages-meta-history2.xml-p68335p70161.7z ==========
INFO: archive enwiki-20230601-pages-meta-history2.xml-p68335p70161.7z already exists
========== Processing tmp/dump_archives/4/enwiki-20230601-pages-meta-history2.xml-p72742p74421.7z ==========
INFO: archive enwiki-20230601-pages-meta-history2.xml-p72742p74421.7z already exists
========== Processing tmp/dump_archives/4/enwiki-20230601-pages-meta-history2.xml-p74422p75755.7z ==========
INFO: archive enwiki-20230601-pages-meta-history2.xml-p74422p75755.7z already exists
========== Processing tmp/dump_archives/4/enwiki-20230601-pages-meta-history2.xml-p75756p78270.7z ==========
INFO: archive enwiki-20230601-pages-meta-history2.xml-p75756p78270.7z already exists
========== Processing tmp/dump_archives/4/enwiki-20230601-pages-meta-history2.xml-p70162p72741.7z ==========
INFO: archive enwiki-20230601-pages-meta-history2.xml-p70162p72741.7z already exists
========== Processing tmp/dump_archives/4/enwiki-20230601-pages-meta-history2.xml-p81045p83840.7z ==========
INFO: archive enwiki-20230601-pages-meta-history2.xml-p81045p83840.7z already exists
========== Processing tmp/dump_archives/4/enwiki-20230601-pages-meta-history2.xml-p83841p87412.7z ==========
INFO: archive enwiki-20230601-pages-meta-history2.xml-p83841p87412.7z already exists
========== Processing tmp/dump_archives/4/enwiki-20230601-pages-meta-history2.xml-p87413p90450.7z ==========
INFO: archive enwiki-20230601-pages-meta-history2.xml-p87413p90450.7z already exists
========== Processing tmp/dump_archives/4/enwiki-20230601-pages-meta-history2.xml-p78271p81044.7z ==========
INFO: archive enwiki-20230601-pages-meta-history2.xml-p78271p81044.7z already exists
========== Processing tmp/dump_archives/4/enwiki-20230601-pages-meta-history2.xml-p98449p101706.7z ==========
INFO: archive enwiki-20230601-pages-meta-history2.xml-p98449p101706.7z already exists
========== Processing tmp/dump_archives/4/enwiki-20230601-pages-meta-history2.xml-p90451p93784.7z ==========
INFO: archive enwiki-20230601-pages-meta-history2.xml-p90451p93784.7z already exists
========== Processing tmp/dump_archives/4/enwiki-20230601-pages-meta-history20.xml-p31462598p31556145.7z ==========
INFO: archive enwiki-20230601-pages-meta-history20.xml-p31462598p31556145.7z already exists
========== Processing tmp/dump_archives/4/enwiki-20230601-pages-meta-history20.xml-p31308443p31462597.7z ==========
INFO: archive enwiki-20230601-pages-meta-history20.xml-p31308443p31462597.7z already exists
========== Processing tmp/dump_archives/4/enwiki-20230601-pages-meta-history2.xml-p93785p98448.7z ==========
INFO: archive enwiki-20230601-pages-meta-history2.xml-p93785p98448.7z already exists
========== Processing tmp/dump_archives/4/enwiki-20230601-pages-meta-history20.xml-p31556146p31686740.7z ==========
INFO: archive enwiki-20230601-pages-meta-history20.xml-p31556146p31686740.7z already exists
========== Processing tmp/dump_archives/4/enwiki-20230601-pages-meta-history20.xml-p31686741p31800319.7z ==========
INFO: archive enwiki-20230601-pages-meta-history20.xml-p31686741p31800319.7z already exists
========== Processing tmp/dump_archives/4/enwiki-20230601-pages-meta-history20.xml-p31800320p31930812.7z ==========
INFO: archive enwiki-20230601-pages-meta-history20.xml-p31800320p31930812.7z already exists
========== Processing tmp/dump_archives/4/enwiki-20230601-pages-meta-history20.xml-p32023705p32101145.7z ==========
INFO: archive enwiki-20230601-pages-meta-history20.xml-p32023705p32101145.7z already exists
========== Processing tmp/dump_archives/4/enwiki-20230601-pages-meta-history20.xml-p32101146p32263857.7z ==========
INFO: archive enwiki-20230601-pages-meta-history20.xml-p32101146p32263857.7z already exists
========== Processing tmp/dump_archives/4/enwiki-20230601-pages-meta-history20.xml-p31930813p32023704.7z ==========
INFO: archive enwiki-20230601-pages-meta-history20.xml-p31930813p32023704.7z already exists
========== Processing tmp/dump_archives/4/enwiki-20230601-pages-meta-history20.xml-p32263858p32416377.7z ==========
INFO: archive enwiki-20230601-pages-meta-history20.xml-p32263858p32416377.7z already exists
========== Processing tmp/dump_archives/4/enwiki-20230601-pages-meta-history20.xml-p32572755p32727666.7z ==========
INFO: archive enwiki-20230601-pages-meta-history20.xml-p32572755p32727666.7z already exists
========== Processing tmp/dump_archives/4/enwiki-20230601-pages-meta-history20.xml-p32416378p32572754.7z ==========
INFO: archive enwiki-20230601-pages-meta-history20.xml-p32416378p32572754.7z already exists
========== Processing tmp/dump_archives/4/enwiki-20230601-pages-meta-history20.xml-p32727667p32883613.7z ==========
INFO: archive enwiki-20230601-pages-meta-history20.xml-p32727667p32883613.7z already exists
========== Processing tmp/dump_archives/4/enwiki-20230601-pages-meta-history20.xml-p32883614p33040031.7z ==========
INFO: archive enwiki-20230601-pages-meta-history20.xml-p32883614p33040031.7z already exists
========== Processing tmp/dump_archives/4/enwiki-20230601-pages-meta-history20.xml-p33192304p33346390.7z ==========
INFO: archive enwiki-20230601-pages-meta-history20.xml-p33192304p33346390.7z already exists
========== Processing tmp/dump_archives/4/enwiki-20230601-pages-meta-history20.xml-p33346391p33506886.7z ==========
INFO: archive enwiki-20230601-pages-meta-history20.xml-p33346391p33506886.7z already exists
========== Processing tmp/dump_archives/4/enwiki-20230601-pages-meta-history20.xml-p33040032p33192303.7z ==========
INFO: archive enwiki-20230601-pages-meta-history20.xml-p33040032p33192303.7z already exists
========== Processing tmp/dump_archives/4/enwiki-20230601-pages-meta-history20.xml-p33506887p33654708.7z ==========
INFO: archive enwiki-20230601-pages-meta-history20.xml-p33506887p33654708.7z already exists
========== Processing tmp/dump_archives/4/enwiki-20230601-pages-meta-history5.xml-p779628p802349.7z ==========
INFO: archive enwiki-20230601-pages-meta-history5.xml-p779628p802349.7z already exists
========== Processing tmp/dump_archives/4/enwiki-20230601-pages-meta-history5.xml-p849277p863653.7z ==========
INFO: archive enwiki-20230601-pages-meta-history5.xml-p849277p863653.7z already exists
========== Processing tmp/dump_archives/4/enwiki-20230601-pages-meta-history5.xml-p802350p829944.7z ==========
INFO: archive enwiki-20230601-pages-meta-history5.xml-p802350p829944.7z already exists
========== Processing tmp/dump_archives/4/enwiki-20230601-pages-meta-history5.xml-p863654p878661.7z ==========
INFO: archive enwiki-20230601-pages-meta-history5.xml-p863654p878661.7z already exists
========== Processing tmp/dump_archives/4/enwiki-20230601-pages-meta-history20.xml-p33654709p33805844.7z ==========
INFO: archive enwiki-20230601-pages-meta-history20.xml-p33654709p33805844.7z already exists
========== Processing tmp/dump_archives/4/enwiki-20230601-pages-meta-history5.xml-p829945p849276.7z ==========
INFO: archive enwiki-20230601-pages-meta-history5.xml-p829945p849276.7z already exists
========== Processing tmp/dump_archives/4/enwiki-20230601-pages-meta-history5.xml-p878662p891634.7z ==========
INFO: archive enwiki-20230601-pages-meta-history5.xml-p878662p891634.7z already exists
========== Processing tmp/dump_archives/4/enwiki-20230601-pages-meta-history5.xml-p903967p918224.7z ==========
INFO: archive enwiki-20230601-pages-meta-history5.xml-p903967p918224.7z already exists
========== Processing tmp/dump_archives/4/enwiki-20230601-pages-meta-history5.xml-p918225p934871.7z ==========
INFO: archive enwiki-20230601-pages-meta-history5.xml-p918225p934871.7z already exists
========== Processing tmp/dump_archives/4/enwiki-20230601-pages-meta-history5.xml-p891635p903966.7z ==========
INFO: archive enwiki-20230601-pages-meta-history5.xml-p891635p903966.7z already exists
========== Processing tmp/dump_archives/4/enwiki-20230601-pages-meta-history6.xml-p1015586p1029627.7z ==========
INFO: archive enwiki-20230601-pages-meta-history6.xml-p1015586p1029627.7z already exists
========== Processing tmp/dump_archives/4/enwiki-20230601-pages-meta-history5.xml-p952066p958045.7z ==========
INFO: archive enwiki-20230601-pages-meta-history5.xml-p952066p958045.7z already exists
========== Processing tmp/dump_archives/4/enwiki-20230601-pages-meta-history6.xml-p1000304p1015585.7z ==========
INFO: archive enwiki-20230601-pages-meta-history6.xml-p1000304p1015585.7z already exists
========== Processing tmp/dump_archives/4/enwiki-20230601-pages-meta-history5.xml-p934872p952065.7z ==========
INFO: archive enwiki-20230601-pages-meta-history5.xml-p934872p952065.7z already exists
========== Processing tmp/dump_archives/4/enwiki-20230601-pages-meta-history6.xml-p1063480p1083045.7z ==========
INFO: archive enwiki-20230601-pages-meta-history6.xml-p1063480p1083045.7z already exists
========== Processing tmp/dump_archives/4/enwiki-20230601-pages-meta-history6.xml-p1083046p1102402.7z ==========
INFO: archive enwiki-20230601-pages-meta-history6.xml-p1083046p1102402.7z already exists
========== Processing tmp/dump_archives/4/enwiki-20230601-pages-meta-history6.xml-p1102403p1120633.7z ==========
INFO: archive enwiki-20230601-pages-meta-history6.xml-p1102403p1120633.7z already exists
========== Processing tmp/dump_archives/4/enwiki-20230601-pages-meta-history6.xml-p1046526p1063479.7z ==========
INFO: archive enwiki-20230601-pages-meta-history6.xml-p1046526p1063479.7z already exists
========== Processing tmp/dump_archives/4/enwiki-20230601-pages-meta-history6.xml-p1138199p1158206.7z ==========
INFO: archive enwiki-20230601-pages-meta-history6.xml-p1138199p1158206.7z already exists
========== Processing tmp/dump_archives/4/enwiki-20230601-pages-meta-history6.xml-p1120634p1138198.7z ==========
INFO: archive enwiki-20230601-pages-meta-history6.xml-p1120634p1138198.7z already exists
========== Processing tmp/dump_archives/4/enwiki-20230601-pages-meta-history6.xml-p1158207p1179051.7z ==========
INFO: archive enwiki-20230601-pages-meta-history6.xml-p1158207p1179051.7z already exists
========== Processing tmp/dump_archives/4/enwiki-20230601-pages-meta-history6.xml-p1199199p1218524.7z ==========
INFO: archive enwiki-20230601-pages-meta-history6.xml-p1199199p1218524.7z already exists
========== Processing tmp/dump_archives/4/enwiki-20230601-pages-meta-history6.xml-p1179052p1199198.7z ==========
INFO: archive enwiki-20230601-pages-meta-history6.xml-p1179052p1199198.7z already exists
========== Processing tmp/dump_archives/4/enwiki-20230601-pages-meta-history6.xml-p1274034p1298548.7z ==========
INFO: archive enwiki-20230601-pages-meta-history6.xml-p1274034p1298548.7z already exists
========== Processing tmp/dump_archives/4/enwiki-20230601-pages-meta-history6.xml-p1218525p1236077.7z ==========
INFO: archive enwiki-20230601-pages-meta-history6.xml-p1218525p1236077.7z already exists
========== Processing tmp/dump_archives/4/enwiki-20230601-pages-meta-history6.xml-p1236078p1254852.7z ==========
INFO: archive enwiki-20230601-pages-meta-history6.xml-p1236078p1254852.7z already exists
========== Processing tmp/dump_archives/4/enwiki-20230601-pages-meta-history6.xml-p1298549p1323402.7z ==========
INFO: archive enwiki-20230601-pages-meta-history6.xml-p1298549p1323402.7z already exists
========== Processing tmp/dump_archives/4/enwiki-20230601-pages-meta-history6.xml-p1345847p1369114.7z ==========
INFO: archive enwiki-20230601-pages-meta-history6.xml-p1345847p1369114.7z already exists
========== Processing tmp/dump_archives/4/enwiki-20230601-pages-meta-history6.xml-p1369115p1396076.7z ==========
INFO: archive enwiki-20230601-pages-meta-history6.xml-p1369115p1396076.7z already exists
========== Processing tmp/dump_archives/4/enwiki-20230601-pages-meta-history6.xml-p1396077p1421741.7z ==========
INFO: archive enwiki-20230601-pages-meta-history6.xml-p1396077p1421741.7z already exists
========== Processing tmp/dump_archives/4/enwiki-20230601-pages-meta-history6.xml-p1323403p1345846.7z ==========
INFO: archive enwiki-20230601-pages-meta-history6.xml-p1323403p1345846.7z already exists
========== Processing tmp/dump_archives/4/enwiki-20230601-pages-meta-history6.xml-p1421742p1443328.7z ==========
INFO: archive enwiki-20230601-pages-meta-history6.xml-p1421742p1443328.7z already exists
========== Processing tmp/dump_archives/4/enwiki-20230601-pages-meta-history6.xml-p1443329p1467312.7z ==========
INFO: archive enwiki-20230601-pages-meta-history6.xml-p1443329p1467312.7z already exists
========== Processing tmp/dump_archives/4/enwiki-20230601-pages-meta-history6.xml-p1467313p1470141.7z ==========
INFO: archive enwiki-20230601-pages-meta-history6.xml-p1467313p1470141.7z already exists
========== Processing tmp/dump_archives/4/enwiki-20230601-pages-meta-history6.xml-p1470142p1483661.7z ==========
INFO: archive enwiki-20230601-pages-meta-history6.xml-p1470142p1483661.7z already exists
========== Processing tmp/dump_archives/4/enwiki-20230601-pages-meta-history6.xml-p958046p972034.7z ==========
INFO: archive enwiki-20230601-pages-meta-history6.xml-p958046p972034.7z already exists
========== Processing tmp/dump_archives/4/enwiki-20230601-pages-meta-history6.xml-p972035p986146.7z ==========
INFO: archive enwiki-20230601-pages-meta-history6.xml-p972035p986146.7z already exists
========== Processing tmp/dump_archives/4/enwiki-20230601-pages-meta-history7.xml-p1510455p1535732.7z ==========
INFO: archive enwiki-20230601-pages-meta-history7.xml-p1510455p1535732.7z already exists
========== Processing tmp/dump_archives/4/enwiki-20230601-pages-meta-history7.xml-p1483662p1510454.7z ==========
INFO: archive enwiki-20230601-pages-meta-history7.xml-p1483662p1510454.7z already exists
========== Processing tmp/dump_archives/4/enwiki-20230601-pages-meta-history6.xml-p986147p1000303.7z ==========
INFO: archive enwiki-20230601-pages-meta-history6.xml-p986147p1000303.7z already exists
========== Processing tmp/dump_archives/4/enwiki-20230601-pages-meta-history7.xml-p1535733p1563018.7z ==========
INFO: archive enwiki-20230601-pages-meta-history7.xml-p1535733p1563018.7z already exists
========== Processing tmp/dump_archives/4/enwiki-20230601-pages-meta-history7.xml-p1584613p1606502.7z ==========
INFO: archive enwiki-20230601-pages-meta-history7.xml-p1584613p1606502.7z already exists
========== Processing tmp/dump_archives/4/enwiki-20230601-pages-meta-history7.xml-p1606503p1630081.7z ==========
INFO: archive enwiki-20230601-pages-meta-history7.xml-p1606503p1630081.7z already exists
========== Processing tmp/dump_archives/4/enwiki-20230601-pages-meta-history7.xml-p1630082p1652685.7z ==========
INFO: archive enwiki-20230601-pages-meta-history7.xml-p1630082p1652685.7z already exists
========== Processing tmp/dump_archives/4/enwiki-20230601-pages-meta-history7.xml-p1563019p1584612.7z ==========
INFO: archive enwiki-20230601-pages-meta-history7.xml-p1563019p1584612.7z already exists
========== Processing tmp/dump_archives/4/enwiki-20230601-pages-meta-history7.xml-p1652686p1667640.7z ==========
INFO: archive enwiki-20230601-pages-meta-history7.xml-p1652686p1667640.7z already exists
========== Processing tmp/dump_archives/4/enwiki-20230601-pages-meta-history7.xml-p1691449p1714953.7z ==========
INFO: archive enwiki-20230601-pages-meta-history7.xml-p1691449p1714953.7z already exists
========== Processing tmp/dump_archives/4/enwiki-20230601-pages-meta-history7.xml-p1714954p1742282.7z ==========
INFO: archive enwiki-20230601-pages-meta-history7.xml-p1714954p1742282.7z already exists
========== Processing tmp/dump_archives/4/enwiki-20230601-pages-meta-history7.xml-p1667641p1691448.7z ==========
INFO: archive enwiki-20230601-pages-meta-history7.xml-p1667641p1691448.7z already exists
========== Processing tmp/dump_archives/4/enwiki-20230601-pages-meta-history7.xml-p1742283p1767706.7z ==========
INFO: archive enwiki-20230601-pages-meta-history7.xml-p1742283p1767706.7z already exists
========== Processing tmp/dump_archives/4/enwiki-20230601-pages-meta-history7.xml-p1767707p1792759.7z ==========
INFO: archive enwiki-20230601-pages-meta-history7.xml-p1767707p1792759.7z already exists
========== Processing tmp/dump_archives/4/enwiki-20230601-pages-meta-history7.xml-p1792760p1817461.7z ==========
INFO: archive enwiki-20230601-pages-meta-history7.xml-p1792760p1817461.7z already exists
========== Processing tmp/dump_archives/4/enwiki-20230601-pages-meta-history7.xml-p1817462p1843148.7z ==========
INFO: archive enwiki-20230601-pages-meta-history7.xml-p1817462p1843148.7z already exists
========== Processing tmp/dump_archives/4/enwiki-20230601-pages-meta-history7.xml-p1843149p1866833.7z ==========
INFO: archive enwiki-20230601-pages-meta-history7.xml-p1843149p1866833.7z already exists
========== Processing tmp/dump_archives/4/enwiki-20230601-pages-meta-history7.xml-p1952674p1977520.7z ==========
INFO: archive enwiki-20230601-pages-meta-history7.xml-p1952674p1977520.7z already exists
========== Processing tmp/dump_archives/4/enwiki-20230601-pages-meta-history7.xml-p1866834p1892375.7z ==========
INFO: archive enwiki-20230601-pages-meta-history7.xml-p1866834p1892375.7z already exists
========== Processing tmp/dump_archives/4/enwiki-20230601-pages-meta-history7.xml-p1943716p1952673.7z ==========
INFO: archive enwiki-20230601-pages-meta-history7.xml-p1943716p1952673.7z already exists
========== Processing tmp/dump_archives/4/enwiki-20230601-pages-meta-history7.xml-p1892376p1918946.7z ==========
INFO: archive enwiki-20230601-pages-meta-history7.xml-p1892376p1918946.7z already exists
========== Processing tmp/dump_archives/4/enwiki-20230601-pages-meta-history7.xml-p1918947p1943715.7z ==========
INFO: archive enwiki-20230601-pages-meta-history7.xml-p1918947p1943715.7z already exists
========== Processing tmp/dump_archives/4/enwiki-20230601-pages-meta-history7.xml-p2005216p2033081.7z ==========
INFO: archive enwiki-20230601-pages-meta-history7.xml-p2005216p2033081.7z already exists
========== Processing tmp/dump_archives/4/enwiki-20230601-pages-meta-history7.xml-p1977521p2005215.7z ==========
INFO: archive enwiki-20230601-pages-meta-history7.xml-p1977521p2005215.7z already exists
========== Processing tmp/dump_archives/4/enwiki-20230601-pages-meta-history6.xml-p1254853p1274033.7z ==========
========== starting stage 4 (subject column detextion) for enwiki-20230601-pages-meta-history6.xml-p1254853p1274033 ==========
Thu Sep 07 05:54:59 GMT 2023 loading exception data for lemmatiser...
Thu Sep 07 05:54:59 GMT 2023 loading done
Failure for table  on page -1

========== zipping results  ==========

7-Zip [64] 16.02 : Copyright (c) 1999-2016 Igor Pavlov : 2016-05-21
p7zip Version 16.02 (locale=C,Utf16=off,HugeFiles=on,64 bits,256 CPUs AMD EPYC 7742 64-Core Processor                 (830F10),ASM,AES-NI)

Scanning the drive:
1 file, 171921 bytes (168 KiB)

Creating archive: /home/project/data/archives/enwiki-20230601-p1254853p1274033-table-row-matching.7z

Items to compress: 1


Files read from disk: 1
Archive size: 5143 bytes (6 KiB)
Everything is Ok
log4j:WARN No appenders could be found for logger (uk.ac.shef.dcs.sti.experiment.WikiTableMinerPlusBatch).
log4j:WARN Please initialize the log4j system properly.
log4j:WARN See http://logging.apache.org/log4j/1.2/faq.html#noconfig for more info.
java.lang.StringIndexOutOfBoundsException: begin 0, end -1, length 1
	at java.base/java.lang.String.checkBoundsBeginEnd(String.java:3319)
	at java.base/java.lang.String.substring(String.java:1874)
	at dragon.util.EnvVariable.getEnv(EnvVariable.java:44)
	at dragon.util.EnvVariable.getEnv(EnvVariable.java:59)
	at dragon.util.EnvVariable.getCharSet(EnvVariable.java:85)
	at dragon.util.FileUtil.getTextReader(FileUtil.java:34)
	at dragon.util.FileUtil.getTextReader(FileUtil.java:19)
	at dragon.nlp.tool.lemmatiser.ExceptionOperation.loadExceptions(ExceptionOperation.java:59)
	at dragon.nlp.tool.lemmatiser.ExceptionOperation.<init>(ExceptionOperation.java:22)
	at dragon.nlp.tool.lemmatiser.EngLemmatiser.loadLemmatiser(EngLemmatiser.java:139)
	at dragon.nlp.tool.lemmatiser.EngLemmatiser.initialize(EngLemmatiser.java:64)
	at dragon.nlp.tool.lemmatiser.EngLemmatiser.<init>(EngLemmatiser.java:41)
	at uk.ac.shef.dcs.sti.nlp.Lemmatizer.init(Lemmatizer.java:19)
	at uk.ac.shef.dcs.sti.nlp.Lemmatizer.<init>(Lemmatizer.java:15)
	at uk.ac.shef.dcs.sti.nlp.NLPTools.<init>(NLPTools.java:32)
	at uk.ac.shef.dcs.sti.nlp.NLPTools.getInstance(NLPTools.java:47)
	at uk.ac.shef.dcs.sti.core.subjectcol.CMScorer.<init>(CMScorer.java:33)
	at uk.ac.shef.dcs.sti.core.subjectcol.TColumnFeatureGenerator.<init>(TColumnFeatureGenerator.java:36)
	at uk.ac.shef.dcs.sti.core.subjectcol.SubjectColumnDetector.<init>(SubjectColumnDetector.java:42)
	at uk.ac.shef.dcs.sti.experiment.WikiTableMinerPlusBatch.initComponents(WikiTableMinerPlusBatch.java:78)
	at uk.ac.shef.dcs.sti.experiment.STIBatch.<init>(STIBatch.java:88)
	at uk.ac.shef.dcs.sti.experiment.WikiTableMinerPlusBatch.<init>(WikiTableMinerPlusBatch.java:60)
	at uk.ac.shef.dcs.sti.experiment.WikiTableMinerPlusBatch.main(WikiTableMinerPlusBatch.java:95)
java.lang.StringIndexOutOfBoundsException: begin 0, end -1, length 1
	at java.base/java.lang.String.checkBoundsBeginEnd(String.java:3319)
	at java.base/java.lang.String.substring(String.java:1874)
	at dragon.util.EnvVariable.getEnv(EnvVariable.java:44)
	at dragon.util.EnvVariable.getEnv(EnvVariable.java:59)
	at dragon.util.EnvVariable.getCharSet(EnvVariable.java:85)
	at dragon.util.FileUtil.getTextReader(FileUtil.java:34)
	at dragon.util.FileUtil.getTextReader(FileUtil.java:19)
	at dragon.nlp.tool.lemmatiser.ExceptionOperation.loadExceptions(ExceptionOperation.java:59)
	at dragon.nlp.tool.lemmatiser.ExceptionOperation.<init>(ExceptionOperation.java:22)
	at dragon.nlp.tool.lemmatiser.EngLemmatiser.loadLemmatiser(EngLemmatiser.java:139)
	at dragon.nlp.tool.lemmatiser.EngLemmatiser.initialize(EngLemmatiser.java:64)
	at dragon.nlp.tool.lemmatiser.EngLemmatiser.<init>(EngLemmatiser.java:41)
	at uk.ac.shef.dcs.sti.nlp.Lemmatizer.init(Lemmatizer.java:19)
	at uk.ac.shef.dcs.sti.nlp.Lemmatizer.<init>(Lemmatizer.java:15)
	at uk.ac.shef.dcs.sti.nlp.NLPTools.<init>(NLPTools.java:32)
	at uk.ac.shef.dcs.sti.nlp.NLPTools.getInstance(NLPTools.java:47)
	at uk.ac.shef.dcs.sti.core.subjectcol.CMScorer.<init>(CMScorer.java:33)
	at uk.ac.shef.dcs.sti.core.subjectcol.TColumnFeatureGenerator.<init>(TColumnFeatureGenerator.java:36)
	at uk.ac.shef.dcs.sti.core.subjectcol.SubjectColumnDetector.<init>(SubjectColumnDetector.java:42)
	at uk.ac.shef.dcs.sti.experiment.WikiTableMinerPlusBatch.initComponents(WikiTableMinerPlusBatch.java:78)
	at uk.ac.shef.dcs.sti.experiment.STIBatch.<init>(STIBatch.java:88)
	at uk.ac.shef.dcs.sti.experiment.WikiTableMinerPlusBatch.<init>(WikiTableMinerPlusBatch.java:60)
	at uk.ac.shef.dcs.sti.experiment.WikiTableMinerPlusBatch.main(WikiTableMinerPlusBatch.java:95)
java.lang.StringIndexOutOfBoundsException: begin 0, end -1, length 1
	at java.base/java.lang.String.checkBoundsBeginEnd(String.java:3319)
	at java.base/java.lang.String.substring(String.java:1874)
	at dragon.util.EnvVariable.getEnv(EnvVariable.java:44)
	at dragon.util.EnvVariable.getEnv(EnvVariable.java:59)
	at dragon.util.EnvVariable.getCharSet(EnvVariable.java:85)
	at dragon.util.FileUtil.getTextReader(FileUtil.java:34)
	at dragon.util.FileUtil.getTextReader(FileUtil.java:19)
	at dragon.nlp.tool.lemmatiser.ExceptionOperation.loadExceptions(ExceptionOperation.java:59)
	at dragon.nlp.tool.lemmatiser.ExceptionOperation.<init>(ExceptionOperation.java:22)
	at dragon.nlp.tool.lemmatiser.EngLemmatiser.loadLemmatiser(EngLemmatiser.java:139)
	at dragon.nlp.tool.lemmatiser.EngLemmatiser.initialize(EngLemmatiser.java:64)
	at dragon.nlp.tool.lemmatiser.EngLemmatiser.<init>(EngLemmatiser.java:41)
	at uk.ac.shef.dcs.sti.nlp.Lemmatizer.init(Lemmatizer.java:19)
	at uk.ac.shef.dcs.sti.nlp.Lemmatizer.<init>(Lemmatizer.java:15)
	at uk.ac.shef.dcs.sti.nlp.NLPTools.<init>(NLPTools.java:32)
	at uk.ac.shef.dcs.sti.nlp.NLPTools.getInstance(NLPTools.java:47)
	at uk.ac.shef.dcs.sti.core.subjectcol.CMScorer.<init>(CMScorer.java:33)
	at uk.ac.shef.dcs.sti.core.subjectcol.TColumnFeatureGenerator.<init>(TColumnFeatureGenerator.java:36)
	at uk.ac.shef.dcs.sti.core.subjectcol.SubjectColumnDetector.<init>(SubjectColumnDetector.java:42)
	at uk.ac.shef.dcs.sti.experiment.WikiTableMinerPlusBatch.initComponents(WikiTableMinerPlusBatch.java:78)
	at uk.ac.shef.dcs.sti.experiment.STIBatch.<init>(STIBatch.java:88)
	at uk.ac.shef.dcs.sti.experiment.WikiTableMinerPlusBatch.<init>(WikiTableMinerPlusBatch.java:60)
	at uk.ac.shef.dcs.sti.experiment.WikiTableMinerPlusBatch.main(WikiTableMinerPlusBatch.java:95)
java.lang.StringIndexOutOfBoundsException: begin 0, end -1, length 1
	at java.base/java.lang.String.checkBoundsBeginEnd(String.java:3319)
	at java.base/java.lang.String.substring(String.java:1874)
	at dragon.util.EnvVariable.getEnv(EnvVariable.java:44)
	at dragon.util.EnvVariable.getEnv(EnvVariable.java:59)
	at dragon.util.EnvVariable.getCharSet(EnvVariable.java:85)
	at dragon.util.FileUtil.getTextReader(FileUtil.java:34)
	at dragon.util.FileUtil.getTextReader(FileUtil.java:19)
	at dragon.nlp.tool.lemmatiser.EngLemmatiser.loadIndexList(EngLemmatiser.java:215)
	at dragon.nlp.tool.lemmatiser.EngLemmatiser.loadLemmatiser(EngLemmatiser.java:149)
	at dragon.nlp.tool.lemmatiser.EngLemmatiser.initialize(EngLemmatiser.java:64)
	at dragon.nlp.tool.lemmatiser.EngLemmatiser.<init>(EngLemmatiser.java:41)
	at uk.ac.shef.dcs.sti.nlp.Lemmatizer.init(Lemmatizer.java:19)
	at uk.ac.shef.dcs.sti.nlp.Lemmatizer.<init>(Lemmatizer.java:15)
	at uk.ac.shef.dcs.sti.nlp.NLPTools.<init>(NLPTools.java:32)
	at uk.ac.shef.dcs.sti.nlp.NLPTools.getInstance(NLPTools.java:47)
	at uk.ac.shef.dcs.sti.core.subjectcol.CMScorer.<init>(CMScorer.java:33)
	at uk.ac.shef.dcs.sti.core.subjectcol.TColumnFeatureGenerator.<init>(TColumnFeatureGenerator.java:36)
	at uk.ac.shef.dcs.sti.core.subjectcol.SubjectColumnDetector.<init>(SubjectColumnDetector.java:42)
	at uk.ac.shef.dcs.sti.experiment.WikiTableMinerPlusBatch.initComponents(WikiTableMinerPlusBatch.java:78)
	at uk.ac.shef.dcs.sti.experiment.STIBatch.<init>(STIBatch.java:88)
	at uk.ac.shef.dcs.sti.experiment.WikiTableMinerPlusBatch.<init>(WikiTableMinerPlusBatch.java:60)
	at uk.ac.shef.dcs.sti.experiment.WikiTableMinerPlusBatch.main(WikiTableMinerPlusBatch.java:95)
java.lang.StringIndexOutOfBoundsException: begin 0, end -1, length 1
	at java.base/java.lang.String.checkBoundsBeginEnd(String.java:3319)
	at java.base/java.lang.String.substring(String.java:1874)
	at dragon.util.EnvVariable.getEnv(EnvVariable.java:44)
	at dragon.util.EnvVariable.getEnv(EnvVariable.java:59)
	at dragon.util.EnvVariable.getCharSet(EnvVariable.java:85)
	at dragon.util.FileUtil.getTextReader(FileUtil.java:34)
	at dragon.util.FileUtil.getTextReader(FileUtil.java:19)
	at dragon.nlp.tool.lemmatiser.ExceptionOperation.loadExceptions(ExceptionOperation.java:59)
	at dragon.nlp.tool.lemmatiser.ExceptionOperation.<init>(ExceptionOperation.java:22)
	at dragon.nlp.tool.lemmatiser.EngLemmatiser.loadLemmatiser(EngLemmatiser.java:139)
	at dragon.nlp.tool.lemmatiser.EngLemmatiser.initialize(EngLemmatiser.java:64)
	at dragon.nlp.tool.lemmatiser.EngLemmatiser.<init>(EngLemmatiser.java:41)
	at uk.ac.shef.dcs.sti.nlp.Lemmatizer.init(Lemmatizer.java:19)
	at uk.ac.shef.dcs.sti.nlp.Lemmatizer.<init>(Lemmatizer.java:15)
	at uk.ac.shef.dcs.sti.nlp.NLPTools.<init>(NLPTools.java:32)
	at uk.ac.shef.dcs.sti.nlp.NLPTools.getInstance(NLPTools.java:47)
	at uk.ac.shef.dcs.sti.core.subjectcol.CMScorer.<init>(CMScorer.java:33)
	at uk.ac.shef.dcs.sti.core.subjectcol.TColumnFeatureGenerator.<init>(TColumnFeatureGenerator.java:36)
	at uk.ac.shef.dcs.sti.core.subjectcol.SubjectColumnDetector.<init>(SubjectColumnDetector.java:42)
	at uk.ac.shef.dcs.sti.experiment.WikiTableMinerPlusBatch.initComponents(WikiTableMinerPlusBatch.java:78)
	at uk.ac.shef.dcs.sti.experiment.STIBatch.<init>(STIBatch.java:88)
	at uk.ac.shef.dcs.sti.experiment.WikiTableMinerPlusBatch.<init>(WikiTableMinerPlusBatch.java:60)
	at uk.ac.shef.dcs.sti.experiment.WikiTableMinerPlusBatch.main(WikiTableMinerPlusBatch.java:95)
com.google.gson.JsonSyntaxException: com.google.gson.stream.MalformedJsonException: Unterminated string at line 1 column 166 path $.
	at com.google.gson.Gson.fromJson(Gson.java:876)
	at com.google.gson.Gson.fromJson(Gson.java:826)
	at com.google.gson.Gson.fromJson(Gson.java:775)
	at com.google.gson.Gson.fromJson(Gson.java:747)
	at uk.ac.shef.dcs.sti.experiment.WikiTableMinerPlusBatch.main(WikiTableMinerPlusBatch.java:131)
Caused by: com.google.gson.stream.MalformedJsonException: Unterminated string at line 1 column 166 path $.
	at com.google.gson.stream.JsonReader.syntaxError(JsonReader.java:1574)
	at com.google.gson.stream.JsonReader.nextQuotedValue(JsonReader.java:1031)
	at com.google.gson.stream.JsonReader.nextString(JsonReader.java:827)
	at com.google.gson.internal.bind.ObjectTypeAdapter.read(ObjectTypeAdapter.java:76)
	at com.google.gson.internal.bind.TypeAdapterRuntimeTypeWrapper.read(TypeAdapterRuntimeTypeWrapper.java:40)
	at com.google.gson.internal.bind.MapTypeAdapterFactory$Adapter.read(MapTypeAdapterFactory.java:187)
	at com.google.gson.internal.bind.MapTypeAdapterFactory$Adapter.read(MapTypeAdapterFactory.java:145)
	at com.google.gson.Gson.fromJson(Gson.java:861)
	... 4 more
========== Processing tmp/dump_archives/4/enwiki-20230601-pages-meta-history6.xml-p1029628p1046525.7z ==========
========== starting stage 4 (subject column detextion) for enwiki-20230601-pages-meta-history6.xml-p1029628p1046525 ==========
Thu Sep 07 05:54:59 GMT 2023 loading exception data for lemmatiser...
Thu Sep 07 05:54:59 GMT 2023 loading done
Failure for table  on page -1

========== zipping results  ==========

7-Zip [64] 16.02 : Copyright (c) 1999-2016 Igor Pavlov : 2016-05-21
p7zip Version 16.02 (locale=C,Utf16=off,HugeFiles=on,64 bits,256 CPUs AMD EPYC 7742 64-Core Processor                 (830F10),ASM,AES-NI)

Scanning the drive:
1 file, 2136615325 bytes (2038 MiB)

Creating archive: /home/project/data/archives/enwiki-20230601-p1029628p1046525-table-row-matching.7z

Items to compress: 1


Files read from disk: 1
Archive size: 36777159 bytes (36 MiB)
Everything is Ok
log4j:WARN No appenders could be found for logger (uk.ac.shef.dcs.sti.experiment.WikiTableMinerPlusBatch).
log4j:WARN Please initialize the log4j system properly.
log4j:WARN See http://logging.apache.org/log4j/1.2/faq.html#noconfig for more info.
java.lang.StringIndexOutOfBoundsException: begin 0, end -1, length 1
	at java.base/java.lang.String.checkBoundsBeginEnd(String.java:3319)
	at java.base/java.lang.String.substring(String.java:1874)
	at dragon.util.EnvVariable.getEnv(EnvVariable.java:44)
	at dragon.util.EnvVariable.getEnv(EnvVariable.java:59)
	at dragon.util.EnvVariable.getCharSet(EnvVariable.java:85)
	at dragon.util.FileUtil.getTextReader(FileUtil.java:34)
	at dragon.util.FileUtil.getTextReader(FileUtil.java:19)
	at dragon.nlp.tool.lemmatiser.ExceptionOperation.loadExceptions(ExceptionOperation.java:59)
	at dragon.nlp.tool.lemmatiser.ExceptionOperation.<init>(ExceptionOperation.java:22)
	at dragon.nlp.tool.lemmatiser.EngLemmatiser.loadLemmatiser(EngLemmatiser.java:139)
	at dragon.nlp.tool.lemmatiser.EngLemmatiser.initialize(EngLemmatiser.java:64)
	at dragon.nlp.tool.lemmatiser.EngLemmatiser.<init>(EngLemmatiser.java:41)
	at uk.ac.shef.dcs.sti.nlp.Lemmatizer.init(Lemmatizer.java:19)
	at uk.ac.shef.dcs.sti.nlp.Lemmatizer.<init>(Lemmatizer.java:15)
	at uk.ac.shef.dcs.sti.nlp.NLPTools.<init>(NLPTools.java:32)
	at uk.ac.shef.dcs.sti.nlp.NLPTools.getInstance(NLPTools.java:47)
	at uk.ac.shef.dcs.sti.core.subjectcol.CMScorer.<init>(CMScorer.java:33)
	at uk.ac.shef.dcs.sti.core.subjectcol.TColumnFeatureGenerator.<init>(TColumnFeatureGenerator.java:36)
	at uk.ac.shef.dcs.sti.core.subjectcol.SubjectColumnDetector.<init>(SubjectColumnDetector.java:42)
	at uk.ac.shef.dcs.sti.experiment.WikiTableMinerPlusBatch.initComponents(WikiTableMinerPlusBatch.java:78)
	at uk.ac.shef.dcs.sti.experiment.STIBatch.<init>(STIBatch.java:88)
	at uk.ac.shef.dcs.sti.experiment.WikiTableMinerPlusBatch.<init>(WikiTableMinerPlusBatch.java:60)
	at uk.ac.shef.dcs.sti.experiment.WikiTableMinerPlusBatch.main(WikiTableMinerPlusBatch.java:95)
java.lang.StringIndexOutOfBoundsException: begin 0, end -1, length 1
	at java.base/java.lang.String.checkBoundsBeginEnd(String.java:3319)
	at java.base/java.lang.String.substring(String.java:1874)
	at dragon.util.EnvVariable.getEnv(EnvVariable.java:44)
	at dragon.util.EnvVariable.getEnv(EnvVariable.java:59)
	at dragon.util.EnvVariable.getCharSet(EnvVariable.java:85)
	at dragon.util.FileUtil.getTextReader(FileUtil.java:34)
	at dragon.util.FileUtil.getTextReader(FileUtil.java:19)
	at dragon.nlp.tool.lemmatiser.ExceptionOperation.loadExceptions(ExceptionOperation.java:59)
	at dragon.nlp.tool.lemmatiser.ExceptionOperation.<init>(ExceptionOperation.java:22)
	at dragon.nlp.tool.lemmatiser.EngLemmatiser.loadLemmatiser(EngLemmatiser.java:139)
	at dragon.nlp.tool.lemmatiser.EngLemmatiser.initialize(EngLemmatiser.java:64)
	at dragon.nlp.tool.lemmatiser.EngLemmatiser.<init>(EngLemmatiser.java:41)
	at uk.ac.shef.dcs.sti.nlp.Lemmatizer.init(Lemmatizer.java:19)
	at uk.ac.shef.dcs.sti.nlp.Lemmatizer.<init>(Lemmatizer.java:15)
	at uk.ac.shef.dcs.sti.nlp.NLPTools.<init>(NLPTools.java:32)
	at uk.ac.shef.dcs.sti.nlp.NLPTools.getInstance(NLPTools.java:47)
	at uk.ac.shef.dcs.sti.core.subjectcol.CMScorer.<init>(CMScorer.java:33)
	at uk.ac.shef.dcs.sti.core.subjectcol.TColumnFeatureGenerator.<init>(TColumnFeatureGenerator.java:36)
	at uk.ac.shef.dcs.sti.core.subjectcol.SubjectColumnDetector.<init>(SubjectColumnDetector.java:42)
	at uk.ac.shef.dcs.sti.experiment.WikiTableMinerPlusBatch.initComponents(WikiTableMinerPlusBatch.java:78)
	at uk.ac.shef.dcs.sti.experiment.STIBatch.<init>(STIBatch.java:88)
	at uk.ac.shef.dcs.sti.experiment.WikiTableMinerPlusBatch.<init>(WikiTableMinerPlusBatch.java:60)
	at uk.ac.shef.dcs.sti.experiment.WikiTableMinerPlusBatch.main(WikiTableMinerPlusBatch.java:95)
java.lang.StringIndexOutOfBoundsException: begin 0, end -1, length 1
	at java.base/java.lang.String.checkBoundsBeginEnd(String.java:3319)
	at java.base/java.lang.String.substring(String.java:1874)
	at dragon.util.EnvVariable.getEnv(EnvVariable.java:44)
	at dragon.util.EnvVariable.getEnv(EnvVariable.java:59)
	at dragon.util.EnvVariable.getCharSet(EnvVariable.java:85)
	at dragon.util.FileUtil.getTextReader(FileUtil.java:34)
	at dragon.util.FileUtil.getTextReader(FileUtil.java:19)
	at dragon.nlp.tool.lemmatiser.ExceptionOperation.loadExceptions(ExceptionOperation.java:59)
	at dragon.nlp.tool.lemmatiser.ExceptionOperation.<init>(ExceptionOperation.java:22)
	at dragon.nlp.tool.lemmatiser.EngLemmatiser.loadLemmatiser(EngLemmatiser.java:139)
	at dragon.nlp.tool.lemmatiser.EngLemmatiser.initialize(EngLemmatiser.java:64)
	at dragon.nlp.tool.lemmatiser.EngLemmatiser.<init>(EngLemmatiser.java:41)
	at uk.ac.shef.dcs.sti.nlp.Lemmatizer.init(Lemmatizer.java:19)
	at uk.ac.shef.dcs.sti.nlp.Lemmatizer.<init>(Lemmatizer.java:15)
	at uk.ac.shef.dcs.sti.nlp.NLPTools.<init>(NLPTools.java:32)
	at uk.ac.shef.dcs.sti.nlp.NLPTools.getInstance(NLPTools.java:47)
	at uk.ac.shef.dcs.sti.core.subjectcol.CMScorer.<init>(CMScorer.java:33)
	at uk.ac.shef.dcs.sti.core.subjectcol.TColumnFeatureGenerator.<init>(TColumnFeatureGenerator.java:36)
	at uk.ac.shef.dcs.sti.core.subjectcol.SubjectColumnDetector.<init>(SubjectColumnDetector.java:42)
	at uk.ac.shef.dcs.sti.experiment.WikiTableMinerPlusBatch.initComponents(WikiTableMinerPlusBatch.java:78)
	at uk.ac.shef.dcs.sti.experiment.STIBatch.<init>(STIBatch.java:88)
	at uk.ac.shef.dcs.sti.experiment.WikiTableMinerPlusBatch.<init>(WikiTableMinerPlusBatch.java:60)
	at uk.ac.shef.dcs.sti.experiment.WikiTableMinerPlusBatch.main(WikiTableMinerPlusBatch.java:95)
java.lang.StringIndexOutOfBoundsException: begin 0, end -1, length 1
	at java.base/java.lang.String.checkBoundsBeginEnd(String.java:3319)
	at java.base/java.lang.String.substring(String.java:1874)
	at dragon.util.EnvVariable.getEnv(EnvVariable.java:44)
	at dragon.util.EnvVariable.getEnv(EnvVariable.java:59)
	at dragon.util.EnvVariable.getCharSet(EnvVariable.java:85)
	at dragon.util.FileUtil.getTextReader(FileUtil.java:34)
	at dragon.util.FileUtil.getTextReader(FileUtil.java:19)
	at dragon.nlp.tool.lemmatiser.EngLemmatiser.loadIndexList(EngLemmatiser.java:215)
	at dragon.nlp.tool.lemmatiser.EngLemmatiser.loadLemmatiser(EngLemmatiser.java:149)
	at dragon.nlp.tool.lemmatiser.EngLemmatiser.initialize(EngLemmatiser.java:64)
	at dragon.nlp.tool.lemmatiser.EngLemmatiser.<init>(EngLemmatiser.java:41)
	at uk.ac.shef.dcs.sti.nlp.Lemmatizer.init(Lemmatizer.java:19)
	at uk.ac.shef.dcs.sti.nlp.Lemmatizer.<init>(Lemmatizer.java:15)
	at uk.ac.shef.dcs.sti.nlp.NLPTools.<init>(NLPTools.java:32)
	at uk.ac.shef.dcs.sti.nlp.NLPTools.getInstance(NLPTools.java:47)
	at uk.ac.shef.dcs.sti.core.subjectcol.CMScorer.<init>(CMScorer.java:33)
	at uk.ac.shef.dcs.sti.core.subjectcol.TColumnFeatureGenerator.<init>(TColumnFeatureGenerator.java:36)
	at uk.ac.shef.dcs.sti.core.subjectcol.SubjectColumnDetector.<init>(SubjectColumnDetector.java:42)
	at uk.ac.shef.dcs.sti.experiment.WikiTableMinerPlusBatch.initComponents(WikiTableMinerPlusBatch.java:78)
	at uk.ac.shef.dcs.sti.experiment.STIBatch.<init>(STIBatch.java:88)
	at uk.ac.shef.dcs.sti.experiment.WikiTableMinerPlusBatch.<init>(WikiTableMinerPlusBatch.java:60)
	at uk.ac.shef.dcs.sti.experiment.WikiTableMinerPlusBatch.main(WikiTableMinerPlusBatch.java:95)
java.lang.StringIndexOutOfBoundsException: begin 0, end -1, length 1
	at java.base/java.lang.String.checkBoundsBeginEnd(String.java:3319)
	at java.base/java.lang.String.substring(String.java:1874)
	at dragon.util.EnvVariable.getEnv(EnvVariable.java:44)
	at dragon.util.EnvVariable.getEnv(EnvVariable.java:59)
	at dragon.util.EnvVariable.getCharSet(EnvVariable.java:85)
	at dragon.util.FileUtil.getTextReader(FileUtil.java:34)
	at dragon.util.FileUtil.getTextReader(FileUtil.java:19)
	at dragon.nlp.tool.lemmatiser.ExceptionOperation.loadExceptions(ExceptionOperation.java:59)
	at dragon.nlp.tool.lemmatiser.ExceptionOperation.<init>(ExceptionOperation.java:22)
	at dragon.nlp.tool.lemmatiser.EngLemmatiser.loadLemmatiser(EngLemmatiser.java:139)
	at dragon.nlp.tool.lemmatiser.EngLemmatiser.initialize(EngLemmatiser.java:64)
	at dragon.nlp.tool.lemmatiser.EngLemmatiser.<init>(EngLemmatiser.java:41)
	at uk.ac.shef.dcs.sti.nlp.Lemmatizer.init(Lemmatizer.java:19)
	at uk.ac.shef.dcs.sti.nlp.Lemmatizer.<init>(Lemmatizer.java:15)
	at uk.ac.shef.dcs.sti.nlp.NLPTools.<init>(NLPTools.java:32)
	at uk.ac.shef.dcs.sti.nlp.NLPTools.getInstance(NLPTools.java:47)
	at uk.ac.shef.dcs.sti.core.subjectcol.CMScorer.<init>(CMScorer.java:33)
	at uk.ac.shef.dcs.sti.core.subjectcol.TColumnFeatureGenerator.<init>(TColumnFeatureGenerator.java:36)
	at uk.ac.shef.dcs.sti.core.subjectcol.SubjectColumnDetector.<init>(SubjectColumnDetector.java:42)
	at uk.ac.shef.dcs.sti.experiment.WikiTableMinerPlusBatch.initComponents(WikiTableMinerPlusBatch.java:78)
	at uk.ac.shef.dcs.sti.experiment.STIBatch.<init>(STIBatch.java:88)
	at uk.ac.shef.dcs.sti.experiment.WikiTableMinerPlusBatch.<init>(WikiTableMinerPlusBatch.java:60)
	at uk.ac.shef.dcs.sti.experiment.WikiTableMinerPlusBatch.main(WikiTableMinerPlusBatch.java:95)
com.google.gson.JsonSyntaxException: com.google.gson.stream.MalformedJsonException: Unterminated string at line 1 column 12724 path $.[5].revisions[2].contentType
	at com.google.gson.Gson.fromJson(Gson.java:876)
	at com.google.gson.Gson.fromJson(Gson.java:826)
	at com.google.gson.Gson.fromJson(Gson.java:775)
	at com.google.gson.Gson.fromJson(Gson.java:747)
	at uk.ac.shef.dcs.sti.experiment.WikiTableMinerPlusBatch.main(WikiTableMinerPlusBatch.java:131)
Caused by: com.google.gson.stream.MalformedJsonException: Unterminated string at line 1 column 12724 path $.[5].revisions[2].contentType
	at com.google.gson.stream.JsonReader.syntaxError(JsonReader.java:1574)
	at com.google.gson.stream.JsonReader.nextQuotedValue(JsonReader.java:1031)
	at com.google.gson.stream.JsonReader.nextName(JsonReader.java:798)
	at com.google.gson.internal.bind.ObjectTypeAdapter.read(ObjectTypeAdapter.java:70)
	at com.google.gson.internal.bind.ObjectTypeAdapter.read(ObjectTypeAdapter.java:61)
	at com.google.gson.internal.bind.ObjectTypeAdapter.read(ObjectTypeAdapter.java:70)
	at com.google.gson.internal.bind.ObjectTypeAdapter.read(ObjectTypeAdapter.java:61)
	at com.google.gson.internal.bind.TypeAdapterRuntimeTypeWrapper.read(TypeAdapterRuntimeTypeWrapper.java:40)
	at com.google.gson.internal.bind.MapTypeAdapterFactory$Adapter.read(MapTypeAdapterFactory.java:187)
	at com.google.gson.internal.bind.MapTypeAdapterFactory$Adapter.read(MapTypeAdapterFactory.java:145)
	at com.google.gson.Gson.fromJson(Gson.java:861)
	... 4 more
========= DONE ========
