========== creating folders ==========
========== Processing tmp/dump_archives/5/enwiki-20230601-pages-meta-history20.xml-p33805845p33952847.7z ==========
INFO: archive enwiki-20230601-pages-meta-history20.xml-p33805845p33952847.7z already exists
========== Processing tmp/dump_archives/5/enwiki-20230601-pages-meta-history20.xml-p33952848p34112311.7z ==========
INFO: archive enwiki-20230601-pages-meta-history20.xml-p33952848p34112311.7z already exists
========== Processing tmp/dump_archives/5/enwiki-20230601-pages-meta-history20.xml-p34400392p34540698.7z ==========
INFO: archive enwiki-20230601-pages-meta-history20.xml-p34400392p34540698.7z already exists
========== Processing tmp/dump_archives/5/enwiki-20230601-pages-meta-history20.xml-p34259701p34400391.7z ==========
INFO: archive enwiki-20230601-pages-meta-history20.xml-p34259701p34400391.7z already exists
========== Processing tmp/dump_archives/5/enwiki-20230601-pages-meta-history20.xml-p34112312p34259700.7z ==========
INFO: archive enwiki-20230601-pages-meta-history20.xml-p34112312p34259700.7z already exists
========== Processing tmp/dump_archives/5/enwiki-20230601-pages-meta-history20.xml-p34540699p34717903.7z ==========
INFO: archive enwiki-20230601-pages-meta-history20.xml-p34540699p34717903.7z already exists
========== Processing tmp/dump_archives/5/enwiki-20230601-pages-meta-history20.xml-p34915758p35065071.7z ==========
INFO: archive enwiki-20230601-pages-meta-history20.xml-p34915758p35065071.7z already exists
========== Processing tmp/dump_archives/5/enwiki-20230601-pages-meta-history20.xml-p34717904p34745520.7z ==========
INFO: archive enwiki-20230601-pages-meta-history20.xml-p34717904p34745520.7z already exists
========== Processing tmp/dump_archives/5/enwiki-20230601-pages-meta-history20.xml-p35429895p35522432.7z ==========
INFO: archive enwiki-20230601-pages-meta-history20.xml-p35429895p35522432.7z already exists
========== Processing tmp/dump_archives/5/enwiki-20230601-pages-meta-history20.xml-p35227593p35429894.7z ==========
INFO: archive enwiki-20230601-pages-meta-history20.xml-p35227593p35429894.7z already exists
========== Processing tmp/dump_archives/5/enwiki-20230601-pages-meta-history21.xml-p35522433p35682478.7z ==========
INFO: archive enwiki-20230601-pages-meta-history21.xml-p35522433p35682478.7z already exists
========== Processing tmp/dump_archives/5/enwiki-20230601-pages-meta-history20.xml-p34745521p34915757.7z ==========
INFO: archive enwiki-20230601-pages-meta-history20.xml-p34745521p34915757.7z already exists
========== Processing tmp/dump_archives/5/enwiki-20230601-pages-meta-history21.xml-p35682479p35833558.7z ==========
INFO: archive enwiki-20230601-pages-meta-history21.xml-p35682479p35833558.7z already exists
========== Processing tmp/dump_archives/5/enwiki-20230601-pages-meta-history20.xml-p35065072p35227592.7z ==========
INFO: archive enwiki-20230601-pages-meta-history20.xml-p35065072p35227592.7z already exists
========== Processing tmp/dump_archives/5/enwiki-20230601-pages-meta-history21.xml-p35833559p35971405.7z ==========
INFO: archive enwiki-20230601-pages-meta-history21.xml-p35833559p35971405.7z already exists
========== Processing tmp/dump_archives/5/enwiki-20230601-pages-meta-history21.xml-p36284590p36395489.7z ==========
INFO: archive enwiki-20230601-pages-meta-history21.xml-p36284590p36395489.7z already exists
========== Processing tmp/dump_archives/5/enwiki-20230601-pages-meta-history21.xml-p35971406p36123893.7z ==========
INFO: archive enwiki-20230601-pages-meta-history21.xml-p35971406p36123893.7z already exists
========== Processing tmp/dump_archives/5/enwiki-20230601-pages-meta-history21.xml-p36829111p36978307.7z ==========
INFO: archive enwiki-20230601-pages-meta-history21.xml-p36829111p36978307.7z already exists
========== Processing tmp/dump_archives/5/enwiki-20230601-pages-meta-history21.xml-p36550887p36684910.7z ==========
INFO: archive enwiki-20230601-pages-meta-history21.xml-p36550887p36684910.7z already exists
========== Processing tmp/dump_archives/5/enwiki-20230601-pages-meta-history21.xml-p36395490p36550886.7z ==========
INFO: archive enwiki-20230601-pages-meta-history21.xml-p36395490p36550886.7z already exists
========== Processing tmp/dump_archives/5/enwiki-20230601-pages-meta-history21.xml-p36978308p37137620.7z ==========
INFO: archive enwiki-20230601-pages-meta-history21.xml-p36978308p37137620.7z already exists
========== Processing tmp/dump_archives/5/enwiki-20230601-pages-meta-history21.xml-p36123894p36284589.7z ==========
INFO: archive enwiki-20230601-pages-meta-history21.xml-p36123894p36284589.7z already exists
========== Processing tmp/dump_archives/5/enwiki-20230601-pages-meta-history21.xml-p36684911p36829110.7z ==========
INFO: archive enwiki-20230601-pages-meta-history21.xml-p36684911p36829110.7z already exists
========== Processing tmp/dump_archives/5/enwiki-20230601-pages-meta-history21.xml-p37137621p37311304.7z ==========
INFO: archive enwiki-20230601-pages-meta-history21.xml-p37137621p37311304.7z already exists
========== Processing tmp/dump_archives/5/enwiki-20230601-pages-meta-history21.xml-p37972606p38121501.7z ==========
INFO: archive enwiki-20230601-pages-meta-history21.xml-p37972606p38121501.7z already exists
========== Processing tmp/dump_archives/5/enwiki-20230601-pages-meta-history21.xml-p38121502p38283476.7z ==========
INFO: archive enwiki-20230601-pages-meta-history21.xml-p38121502p38283476.7z already exists
========== Processing tmp/dump_archives/5/enwiki-20230601-pages-meta-history21.xml-p37491576p37650266.7z ==========
INFO: archive enwiki-20230601-pages-meta-history21.xml-p37491576p37650266.7z already exists
========== Processing tmp/dump_archives/5/enwiki-20230601-pages-meta-history21.xml-p37650267p37818777.7z ==========
INFO: archive enwiki-20230601-pages-meta-history21.xml-p37650267p37818777.7z already exists
========== Processing tmp/dump_archives/5/enwiki-20230601-pages-meta-history21.xml-p37818778p37972605.7z ==========
INFO: archive enwiki-20230601-pages-meta-history21.xml-p37818778p37972605.7z already exists
========== Processing tmp/dump_archives/5/enwiki-20230601-pages-meta-history21.xml-p37311305p37491575.7z ==========
INFO: archive enwiki-20230601-pages-meta-history21.xml-p37311305p37491575.7z already exists
========== Processing tmp/dump_archives/5/enwiki-20230601-pages-meta-history21.xml-p38283477p38449074.7z ==========
INFO: archive enwiki-20230601-pages-meta-history21.xml-p38283477p38449074.7z already exists
========== Processing tmp/dump_archives/5/enwiki-20230601-pages-meta-history21.xml-p38449075p38618597.7z ==========
INFO: archive enwiki-20230601-pages-meta-history21.xml-p38449075p38618597.7z already exists
========== Processing tmp/dump_archives/5/enwiki-20230601-pages-meta-history21.xml-p38756355p38925754.7z ==========
INFO: archive enwiki-20230601-pages-meta-history21.xml-p38756355p38925754.7z already exists
========== Processing tmp/dump_archives/5/enwiki-20230601-pages-meta-history21.xml-p38618598p38756354.7z ==========
INFO: archive enwiki-20230601-pages-meta-history21.xml-p38618598p38756354.7z already exists
========== Processing tmp/dump_archives/5/enwiki-20230601-pages-meta-history21.xml-p38925755p39091386.7z ==========
INFO: archive enwiki-20230601-pages-meta-history21.xml-p38925755p39091386.7z already exists
========== Processing tmp/dump_archives/5/enwiki-20230601-pages-meta-history21.xml-p39091387p39248745.7z ==========
INFO: archive enwiki-20230601-pages-meta-history21.xml-p39091387p39248745.7z already exists
========== Processing tmp/dump_archives/5/enwiki-20230601-pages-meta-history21.xml-p39551529p39711870.7z ==========
INFO: archive enwiki-20230601-pages-meta-history21.xml-p39551529p39711870.7z already exists
========== Processing tmp/dump_archives/5/enwiki-20230601-pages-meta-history21.xml-p39407002p39551528.7z ==========
INFO: archive enwiki-20230601-pages-meta-history21.xml-p39407002p39551528.7z already exists
========== Processing tmp/dump_archives/5/enwiki-20230601-pages-meta-history21.xml-p39248746p39407001.7z ==========
INFO: archive enwiki-20230601-pages-meta-history21.xml-p39248746p39407001.7z already exists
========== Processing tmp/dump_archives/5/enwiki-20230601-pages-meta-history21.xml-p39873997p39996245.7z ==========
INFO: archive enwiki-20230601-pages-meta-history21.xml-p39873997p39996245.7z already exists
========== Processing tmp/dump_archives/5/enwiki-20230601-pages-meta-history22.xml-p39996246p40133983.7z ==========
INFO: archive enwiki-20230601-pages-meta-history22.xml-p39996246p40133983.7z already exists
========== Processing tmp/dump_archives/5/enwiki-20230601-pages-meta-history22.xml-p40133984p40296104.7z ==========
INFO: archive enwiki-20230601-pages-meta-history22.xml-p40133984p40296104.7z already exists
========== Processing tmp/dump_archives/5/enwiki-20230601-pages-meta-history21.xml-p39711871p39873996.7z ==========
INFO: archive enwiki-20230601-pages-meta-history21.xml-p39711871p39873996.7z already exists
========== Processing tmp/dump_archives/5/enwiki-20230601-pages-meta-history22.xml-p40472605p40652605.7z ==========
INFO: archive enwiki-20230601-pages-meta-history22.xml-p40472605p40652605.7z already exists
========== Processing tmp/dump_archives/5/enwiki-20230601-pages-meta-history22.xml-p40296105p40472604.7z ==========
INFO: archive enwiki-20230601-pages-meta-history22.xml-p40296105p40472604.7z already exists
========== Processing tmp/dump_archives/5/enwiki-20230601-pages-meta-history22.xml-p40652606p40822070.7z ==========
INFO: archive enwiki-20230601-pages-meta-history22.xml-p40652606p40822070.7z already exists
========== Processing tmp/dump_archives/5/enwiki-20230601-pages-meta-history22.xml-p40822071p40996455.7z ==========
INFO: archive enwiki-20230601-pages-meta-history22.xml-p40822071p40996455.7z already exists
========== Processing tmp/dump_archives/5/enwiki-20230601-pages-meta-history22.xml-p40996456p41065275.7z ==========
INFO: archive enwiki-20230601-pages-meta-history22.xml-p40996456p41065275.7z already exists
========== Processing tmp/dump_archives/5/enwiki-20230601-pages-meta-history22.xml-p41065276p41215913.7z ==========
INFO: archive enwiki-20230601-pages-meta-history22.xml-p41065276p41215913.7z already exists
========== Processing tmp/dump_archives/5/enwiki-20230601-pages-meta-history22.xml-p41215914p41383315.7z ==========
INFO: archive enwiki-20230601-pages-meta-history22.xml-p41215914p41383315.7z already exists
========== Processing tmp/dump_archives/5/enwiki-20230601-pages-meta-history22.xml-p41383316p41555426.7z ==========
INFO: archive enwiki-20230601-pages-meta-history22.xml-p41383316p41555426.7z already exists
========== Processing tmp/dump_archives/5/enwiki-20230601-pages-meta-history22.xml-p42075467p42232611.7z ==========
INFO: archive enwiki-20230601-pages-meta-history22.xml-p42075467p42232611.7z already exists
========== Processing tmp/dump_archives/5/enwiki-20230601-pages-meta-history22.xml-p41555427p41724210.7z ==========
INFO: archive enwiki-20230601-pages-meta-history22.xml-p41555427p41724210.7z already exists
========== Processing tmp/dump_archives/5/enwiki-20230601-pages-meta-history22.xml-p41724211p41904002.7z ==========
INFO: archive enwiki-20230601-pages-meta-history22.xml-p41724211p41904002.7z already exists
========== Processing tmp/dump_archives/5/enwiki-20230601-pages-meta-history22.xml-p41904003p42075466.7z ==========
INFO: archive enwiki-20230601-pages-meta-history22.xml-p41904003p42075466.7z already exists
========== Processing tmp/dump_archives/5/enwiki-20230601-pages-meta-history22.xml-p42746409p42848435.7z ==========
INFO: archive enwiki-20230601-pages-meta-history22.xml-p42746409p42848435.7z already exists
========== Processing tmp/dump_archives/5/enwiki-20230601-pages-meta-history22.xml-p42232612p42413508.7z ==========
INFO: archive enwiki-20230601-pages-meta-history22.xml-p42232612p42413508.7z already exists
========== Processing tmp/dump_archives/5/enwiki-20230601-pages-meta-history22.xml-p42576727p42746408.7z ==========
INFO: archive enwiki-20230601-pages-meta-history22.xml-p42576727p42746408.7z already exists
========== Processing tmp/dump_archives/5/enwiki-20230601-pages-meta-history22.xml-p42413509p42576726.7z ==========
INFO: archive enwiki-20230601-pages-meta-history22.xml-p42413509p42576726.7z already exists
========== Processing tmp/dump_archives/5/enwiki-20230601-pages-meta-history22.xml-p42848436p43019338.7z ==========
INFO: archive enwiki-20230601-pages-meta-history22.xml-p42848436p43019338.7z already exists
========== Processing tmp/dump_archives/5/enwiki-20230601-pages-meta-history22.xml-p43186907p43356460.7z ==========
INFO: archive enwiki-20230601-pages-meta-history22.xml-p43186907p43356460.7z already exists
========== Processing tmp/dump_archives/5/enwiki-20230601-pages-meta-history22.xml-p43019339p43186906.7z ==========
INFO: archive enwiki-20230601-pages-meta-history22.xml-p43019339p43186906.7z already exists
========== Processing tmp/dump_archives/5/enwiki-20230601-pages-meta-history22.xml-p43356461p43504899.7z ==========
INFO: archive enwiki-20230601-pages-meta-history22.xml-p43356461p43504899.7z already exists
========== Processing tmp/dump_archives/5/enwiki-20230601-pages-meta-history22.xml-p43504900p43657131.7z ==========
INFO: archive enwiki-20230601-pages-meta-history22.xml-p43504900p43657131.7z already exists
========== Processing tmp/dump_archives/5/enwiki-20230601-pages-meta-history22.xml-p43780581p43962255.7z ==========
INFO: archive enwiki-20230601-pages-meta-history22.xml-p43780581p43962255.7z already exists
========== Processing tmp/dump_archives/5/enwiki-20230601-pages-meta-history22.xml-p43657132p43780580.7z ==========
INFO: archive enwiki-20230601-pages-meta-history22.xml-p43657132p43780580.7z already exists
========== Processing tmp/dump_archives/5/enwiki-20230601-pages-meta-history22.xml-p43962256p44127946.7z ==========
INFO: archive enwiki-20230601-pages-meta-history22.xml-p43962256p44127946.7z already exists
========== Processing tmp/dump_archives/5/enwiki-20230601-pages-meta-history22.xml-p44474364p44667494.7z ==========
INFO: archive enwiki-20230601-pages-meta-history22.xml-p44474364p44667494.7z already exists
========== Processing tmp/dump_archives/5/enwiki-20230601-pages-meta-history22.xml-p44127947p44289512.7z ==========
INFO: archive enwiki-20230601-pages-meta-history22.xml-p44127947p44289512.7z already exists
========== Processing tmp/dump_archives/5/enwiki-20230601-pages-meta-history22.xml-p44289513p44474363.7z ==========
INFO: archive enwiki-20230601-pages-meta-history22.xml-p44289513p44474363.7z already exists
========== Processing tmp/dump_archives/5/enwiki-20230601-pages-meta-history23.xml-p44788942p44983278.7z ==========
INFO: archive enwiki-20230601-pages-meta-history23.xml-p44788942p44983278.7z already exists
========== Processing tmp/dump_archives/5/enwiki-20230601-pages-meta-history23.xml-p44983279p45211198.7z ==========
INFO: archive enwiki-20230601-pages-meta-history23.xml-p44983279p45211198.7z already exists
========== Processing tmp/dump_archives/5/enwiki-20230601-pages-meta-history23.xml-p45211199p45365621.7z ==========
INFO: archive enwiki-20230601-pages-meta-history23.xml-p45211199p45365621.7z already exists
========== Processing tmp/dump_archives/5/enwiki-20230601-pages-meta-history23.xml-p45365622p45538015.7z ==========
INFO: archive enwiki-20230601-pages-meta-history23.xml-p45365622p45538015.7z already exists
========== Processing tmp/dump_archives/5/enwiki-20230601-pages-meta-history22.xml-p44667495p44788941.7z ==========
INFO: archive enwiki-20230601-pages-meta-history22.xml-p44667495p44788941.7z already exists
========== Processing tmp/dump_archives/5/enwiki-20230601-pages-meta-history23.xml-p45538016p45719633.7z ==========
INFO: archive enwiki-20230601-pages-meta-history23.xml-p45538016p45719633.7z already exists
========== Processing tmp/dump_archives/5/enwiki-20230601-pages-meta-history23.xml-p45719634p46189711.7z ==========
INFO: archive enwiki-20230601-pages-meta-history23.xml-p45719634p46189711.7z already exists
========== Processing tmp/dump_archives/5/enwiki-20230601-pages-meta-history23.xml-p46189712p46363473.7z ==========
INFO: archive enwiki-20230601-pages-meta-history23.xml-p46189712p46363473.7z already exists
========== Processing tmp/dump_archives/5/enwiki-20230601-pages-meta-history23.xml-p46363474p46505226.7z ==========
INFO: archive enwiki-20230601-pages-meta-history23.xml-p46363474p46505226.7z already exists
========== Processing tmp/dump_archives/5/enwiki-20230601-pages-meta-history23.xml-p46505227p46684899.7z ==========
INFO: archive enwiki-20230601-pages-meta-history23.xml-p46505227p46684899.7z already exists
========== Processing tmp/dump_archives/5/enwiki-20230601-pages-meta-history23.xml-p46684900p46849628.7z ==========
INFO: archive enwiki-20230601-pages-meta-history23.xml-p46684900p46849628.7z already exists
========== Processing tmp/dump_archives/5/enwiki-20230601-pages-meta-history23.xml-p46979332p47150068.7z ==========
INFO: archive enwiki-20230601-pages-meta-history23.xml-p46979332p47150068.7z already exists
========== Processing tmp/dump_archives/5/enwiki-20230601-pages-meta-history23.xml-p47150069p47317829.7z ==========
INFO: archive enwiki-20230601-pages-meta-history23.xml-p47150069p47317829.7z already exists
========== Processing tmp/dump_archives/5/enwiki-20230601-pages-meta-history23.xml-p47317830p47482806.7z ==========
INFO: archive enwiki-20230601-pages-meta-history23.xml-p47317830p47482806.7z already exists
========== Processing tmp/dump_archives/5/enwiki-20230601-pages-meta-history23.xml-p46849629p46979331.7z ==========
INFO: archive enwiki-20230601-pages-meta-history23.xml-p46849629p46979331.7z already exists
========== Processing tmp/dump_archives/5/enwiki-20230601-pages-meta-history23.xml-p47644357p47809293.7z ==========
INFO: archive enwiki-20230601-pages-meta-history23.xml-p47644357p47809293.7z already exists
========== Processing tmp/dump_archives/5/enwiki-20230601-pages-meta-history23.xml-p47809294p47945892.7z ==========
INFO: archive enwiki-20230601-pages-meta-history23.xml-p47809294p47945892.7z already exists
========== Processing tmp/dump_archives/5/enwiki-20230601-pages-meta-history23.xml-p47482807p47644356.7z ==========
INFO: archive enwiki-20230601-pages-meta-history23.xml-p47482807p47644356.7z already exists
========== Processing tmp/dump_archives/5/enwiki-20230601-pages-meta-history23.xml-p48231357p48442588.7z ==========
INFO: archive enwiki-20230601-pages-meta-history23.xml-p48231357p48442588.7z already exists
========== Processing tmp/dump_archives/5/enwiki-20230601-pages-meta-history23.xml-p47945893p48231356.7z ==========
INFO: archive enwiki-20230601-pages-meta-history23.xml-p47945893p48231356.7z already exists
========== Processing tmp/dump_archives/5/enwiki-20230601-pages-meta-history23.xml-p48615572p48804941.7z ==========
INFO: archive enwiki-20230601-pages-meta-history23.xml-p48615572p48804941.7z already exists
========== Processing tmp/dump_archives/5/enwiki-20230601-pages-meta-history23.xml-p48442589p48615571.7z ==========
INFO: archive enwiki-20230601-pages-meta-history23.xml-p48442589p48615571.7z already exists
========== Processing tmp/dump_archives/5/enwiki-20230601-pages-meta-history23.xml-p48804942p48987233.7z ==========
INFO: archive enwiki-20230601-pages-meta-history23.xml-p48804942p48987233.7z already exists
========== Processing tmp/dump_archives/5/enwiki-20230601-pages-meta-history23.xml-p49177658p49380831.7z ==========
INFO: archive enwiki-20230601-pages-meta-history23.xml-p49177658p49380831.7z already exists
========== Processing tmp/dump_archives/5/enwiki-20230601-pages-meta-history23.xml-p48987234p49177657.7z ==========
INFO: archive enwiki-20230601-pages-meta-history23.xml-p48987234p49177657.7z already exists
========== Processing tmp/dump_archives/5/enwiki-20230601-pages-meta-history23.xml-p49380832p49600396.7z ==========
INFO: archive enwiki-20230601-pages-meta-history23.xml-p49380832p49600396.7z already exists
========== Processing tmp/dump_archives/5/enwiki-20230601-pages-meta-history23.xml-p49600397p49838316.7z ==========
INFO: archive enwiki-20230601-pages-meta-history23.xml-p49600397p49838316.7z already exists
========== Processing tmp/dump_archives/5/enwiki-20230601-pages-meta-history23.xml-p50069647p50317930.7z ==========
INFO: archive enwiki-20230601-pages-meta-history23.xml-p50069647p50317930.7z already exists
========== Processing tmp/dump_archives/5/enwiki-20230601-pages-meta-history7.xml-p2063150p2089411.7z ==========
INFO: archive enwiki-20230601-pages-meta-history7.xml-p2063150p2089411.7z already exists
========== Processing tmp/dump_archives/5/enwiki-20230601-pages-meta-history23.xml-p50317931p50540150.7z ==========
INFO: archive enwiki-20230601-pages-meta-history23.xml-p50317931p50540150.7z already exists
========== Processing tmp/dump_archives/5/enwiki-20230601-pages-meta-history23.xml-p49838317p50069646.7z ==========
INFO: archive enwiki-20230601-pages-meta-history23.xml-p49838317p50069646.7z already exists
========== Processing tmp/dump_archives/5/enwiki-20230601-pages-meta-history7.xml-p2118564p2134111.7z ==========
INFO: archive enwiki-20230601-pages-meta-history7.xml-p2118564p2134111.7z already exists
========== Processing tmp/dump_archives/5/enwiki-20230601-pages-meta-history7.xml-p2033082p2063149.7z ==========
INFO: archive enwiki-20230601-pages-meta-history7.xml-p2033082p2063149.7z already exists
========== Processing tmp/dump_archives/5/enwiki-20230601-pages-meta-history7.xml-p2089412p2118563.7z ==========
INFO: archive enwiki-20230601-pages-meta-history7.xml-p2089412p2118563.7z already exists
========== Processing tmp/dump_archives/5/enwiki-20230601-pages-meta-history8.xml-p2134112p2160084.7z ==========
INFO: archive enwiki-20230601-pages-meta-history8.xml-p2134112p2160084.7z already exists
========== Processing tmp/dump_archives/5/enwiki-20230601-pages-meta-history8.xml-p2160085p2185678.7z ==========
INFO: archive enwiki-20230601-pages-meta-history8.xml-p2160085p2185678.7z already exists
========== Processing tmp/dump_archives/5/enwiki-20230601-pages-meta-history8.xml-p2185679p2206158.7z ==========
INFO: archive enwiki-20230601-pages-meta-history8.xml-p2185679p2206158.7z already exists
========== Processing tmp/dump_archives/5/enwiki-20230601-pages-meta-history8.xml-p2206159p2234209.7z ==========
INFO: archive enwiki-20230601-pages-meta-history8.xml-p2206159p2234209.7z already exists
========== Processing tmp/dump_archives/5/enwiki-20230601-pages-meta-history8.xml-p2234210p2256834.7z ==========
INFO: archive enwiki-20230601-pages-meta-history8.xml-p2234210p2256834.7z already exists
========== Processing tmp/dump_archives/5/enwiki-20230601-pages-meta-history8.xml-p2256835p2284165.7z ==========
INFO: archive enwiki-20230601-pages-meta-history8.xml-p2256835p2284165.7z already exists
========== Processing tmp/dump_archives/5/enwiki-20230601-pages-meta-history8.xml-p2284166p2311948.7z ==========
INFO: archive enwiki-20230601-pages-meta-history8.xml-p2284166p2311948.7z already exists
========== Processing tmp/dump_archives/5/enwiki-20230601-pages-meta-history8.xml-p2311949p2338360.7z ==========
INFO: archive enwiki-20230601-pages-meta-history8.xml-p2311949p2338360.7z already exists
========== Processing tmp/dump_archives/5/enwiki-20230601-pages-meta-history8.xml-p2338361p2366546.7z ==========
INFO: archive enwiki-20230601-pages-meta-history8.xml-p2338361p2366546.7z already exists
========== Processing tmp/dump_archives/5/enwiki-20230601-pages-meta-history8.xml-p2366547p2394760.7z ==========
INFO: archive enwiki-20230601-pages-meta-history8.xml-p2366547p2394760.7z already exists
========== Processing tmp/dump_archives/5/enwiki-20230601-pages-meta-history8.xml-p2394761p2420926.7z ==========
INFO: archive enwiki-20230601-pages-meta-history8.xml-p2394761p2420926.7z already exists
========== Processing tmp/dump_archives/5/enwiki-20230601-pages-meta-history8.xml-p2420927p2447505.7z ==========
INFO: archive enwiki-20230601-pages-meta-history8.xml-p2420927p2447505.7z already exists
========== Processing tmp/dump_archives/5/enwiki-20230601-pages-meta-history8.xml-p2504403p2529639.7z ==========
INFO: archive enwiki-20230601-pages-meta-history8.xml-p2504403p2529639.7z already exists
========== Processing tmp/dump_archives/5/enwiki-20230601-pages-meta-history8.xml-p2470068p2504402.7z ==========
INFO: archive enwiki-20230601-pages-meta-history8.xml-p2470068p2504402.7z already exists
========== Processing tmp/dump_archives/5/enwiki-20230601-pages-meta-history8.xml-p2447506p2470067.7z ==========
INFO: archive enwiki-20230601-pages-meta-history8.xml-p2447506p2470067.7z already exists
========== Processing tmp/dump_archives/5/enwiki-20230601-pages-meta-history8.xml-p2529640p2535888.7z ==========
INFO: archive enwiki-20230601-pages-meta-history8.xml-p2529640p2535888.7z already exists
========== Processing tmp/dump_archives/5/enwiki-20230601-pages-meta-history8.xml-p2572840p2594030.7z ==========
INFO: archive enwiki-20230601-pages-meta-history8.xml-p2572840p2594030.7z already exists
========== Processing tmp/dump_archives/5/enwiki-20230601-pages-meta-history8.xml-p2535928p2572839.7z ==========
INFO: archive enwiki-20230601-pages-meta-history8.xml-p2535928p2572839.7z already exists
========== Processing tmp/dump_archives/5/enwiki-20230601-pages-meta-history8.xml-p2625902p2658318.7z ==========
INFO: archive enwiki-20230601-pages-meta-history8.xml-p2625902p2658318.7z already exists
========== Processing tmp/dump_archives/5/enwiki-20230601-pages-meta-history8.xml-p2594031p2625901.7z ==========
INFO: archive enwiki-20230601-pages-meta-history8.xml-p2594031p2625901.7z already exists
========== Processing tmp/dump_archives/5/enwiki-20230601-pages-meta-history8.xml-p2658319p2694598.7z ==========
INFO: archive enwiki-20230601-pages-meta-history8.xml-p2658319p2694598.7z already exists
========== Processing tmp/dump_archives/5/enwiki-20230601-pages-meta-history8.xml-p2733379p2779099.7z ==========
INFO: archive enwiki-20230601-pages-meta-history8.xml-p2733379p2779099.7z already exists
========== Processing tmp/dump_archives/5/enwiki-20230601-pages-meta-history8.xml-p2779100p2817530.7z ==========
INFO: archive enwiki-20230601-pages-meta-history8.xml-p2779100p2817530.7z already exists
========== Processing tmp/dump_archives/5/enwiki-20230601-pages-meta-history8.xml-p2817531p2854041.7z ==========
INFO: archive enwiki-20230601-pages-meta-history8.xml-p2817531p2854041.7z already exists
========== Processing tmp/dump_archives/5/enwiki-20230601-pages-meta-history8.xml-p2854042p2889227.7z ==========
INFO: archive enwiki-20230601-pages-meta-history8.xml-p2854042p2889227.7z already exists
========== Processing tmp/dump_archives/5/enwiki-20230601-pages-meta-history8.xml-p2889228p2925412.7z ==========
INFO: archive enwiki-20230601-pages-meta-history8.xml-p2889228p2925412.7z already exists
========== Processing tmp/dump_archives/5/enwiki-20230601-pages-meta-history8.xml-p2925413p2936260.7z ==========
INFO: archive enwiki-20230601-pages-meta-history8.xml-p2925413p2936260.7z already exists
========== Processing tmp/dump_archives/5/enwiki-20230601-pages-meta-history9.xml-p2936261p2976255.7z ==========
INFO: archive enwiki-20230601-pages-meta-history9.xml-p2936261p2976255.7z already exists
========== Processing tmp/dump_archives/5/enwiki-20230601-pages-meta-history9.xml-p2976256p3013243.7z ==========
INFO: archive enwiki-20230601-pages-meta-history9.xml-p2976256p3013243.7z already exists
========== Processing tmp/dump_archives/5/enwiki-20230601-pages-meta-history9.xml-p3049795p3089253.7z ==========
INFO: archive enwiki-20230601-pages-meta-history9.xml-p3049795p3089253.7z already exists
========== Processing tmp/dump_archives/5/enwiki-20230601-pages-meta-history9.xml-p3013244p3049794.7z ==========
INFO: archive enwiki-20230601-pages-meta-history9.xml-p3013244p3049794.7z already exists
========== Processing tmp/dump_archives/5/enwiki-20230601-pages-meta-history9.xml-p3126652p3166918.7z ==========
INFO: archive enwiki-20230601-pages-meta-history9.xml-p3126652p3166918.7z already exists
========== Processing tmp/dump_archives/5/enwiki-20230601-pages-meta-history9.xml-p3166919p3207506.7z ==========
INFO: archive enwiki-20230601-pages-meta-history9.xml-p3166919p3207506.7z already exists
========== Processing tmp/dump_archives/5/enwiki-20230601-pages-meta-history9.xml-p3089254p3126651.7z ==========
INFO: archive enwiki-20230601-pages-meta-history9.xml-p3089254p3126651.7z already exists
========== Processing tmp/dump_archives/5/enwiki-20230601-pages-meta-history9.xml-p3254980p3292906.7z ==========
INFO: archive enwiki-20230601-pages-meta-history9.xml-p3254980p3292906.7z already exists
========== Processing tmp/dump_archives/5/enwiki-20230601-pages-meta-history9.xml-p3292907p3332733.7z ==========
INFO: archive enwiki-20230601-pages-meta-history9.xml-p3292907p3332733.7z already exists
========== Processing tmp/dump_archives/5/enwiki-20230601-pages-meta-history9.xml-p3207507p3245631.7z ==========
INFO: archive enwiki-20230601-pages-meta-history9.xml-p3207507p3245631.7z already exists
========== Processing tmp/dump_archives/5/enwiki-20230601-pages-meta-history9.xml-p3332734p3379093.7z ==========
INFO: archive enwiki-20230601-pages-meta-history9.xml-p3332734p3379093.7z already exists
========== Processing tmp/dump_archives/5/enwiki-20230601-pages-meta-history9.xml-p3245632p3254979.7z ==========
INFO: archive enwiki-20230601-pages-meta-history9.xml-p3245632p3254979.7z already exists
========== Processing tmp/dump_archives/5/enwiki-20230601-pages-meta-history9.xml-p3379094p3422347.7z ==========
INFO: archive enwiki-20230601-pages-meta-history9.xml-p3379094p3422347.7z already exists
========== Processing tmp/dump_archives/5/enwiki-20230601-pages-meta-history9.xml-p3455469p3496398.7z ==========
INFO: archive enwiki-20230601-pages-meta-history9.xml-p3455469p3496398.7z already exists
========== Processing tmp/dump_archives/5/enwiki-20230601-pages-meta-history9.xml-p3422348p3455468.7z ==========
INFO: archive enwiki-20230601-pages-meta-history9.xml-p3422348p3455468.7z already exists
========== Processing tmp/dump_archives/5/enwiki-20230601-pages-meta-history9.xml-p3496399p3515963.7z ==========
INFO: archive enwiki-20230601-pages-meta-history9.xml-p3496399p3515963.7z already exists
========== Processing tmp/dump_archives/5/enwiki-20230601-pages-meta-history9.xml-p3515964p3554135.7z ==========
INFO: archive enwiki-20230601-pages-meta-history9.xml-p3515964p3554135.7z already exists
========== Processing tmp/dump_archives/5/enwiki-20230601-pages-meta-history9.xml-p3595652p3633222.7z ==========
INFO: archive enwiki-20230601-pages-meta-history9.xml-p3595652p3633222.7z already exists
========== Processing tmp/dump_archives/5/enwiki-20230601-pages-meta-history9.xml-p3633223p3674527.7z ==========
INFO: archive enwiki-20230601-pages-meta-history9.xml-p3633223p3674527.7z already exists
========== Processing tmp/dump_archives/5/enwiki-20230601-pages-meta-history9.xml-p3554136p3595651.7z ==========
INFO: archive enwiki-20230601-pages-meta-history9.xml-p3554136p3595651.7z already exists
========== Processing tmp/dump_archives/5/enwiki-20230601-pages-meta-history9.xml-p3706909p3741664.7z ==========
INFO: archive enwiki-20230601-pages-meta-history9.xml-p3706909p3741664.7z already exists
========== Processing tmp/dump_archives/5/enwiki-20230601-pages-meta-history9.xml-p3741665p3784822.7z ==========
INFO: archive enwiki-20230601-pages-meta-history9.xml-p3741665p3784822.7z already exists
========== Processing tmp/dump_archives/5/enwiki-20230601-pages-meta-history9.xml-p3883389p3936419.7z ==========
INFO: archive enwiki-20230601-pages-meta-history9.xml-p3883389p3936419.7z already exists
========== Processing tmp/dump_archives/5/enwiki-20230601-pages-meta-history9.xml-p3784823p3834429.7z ==========
INFO: archive enwiki-20230601-pages-meta-history9.xml-p3784823p3834429.7z already exists
========== Processing tmp/dump_archives/5/enwiki-20230601-pages-meta-history9.xml-p3674528p3706908.7z ==========
INFO: archive enwiki-20230601-pages-meta-history9.xml-p3674528p3706908.7z already exists
========== Processing tmp/dump_archives/5/enwiki-20230601-pages-meta-history9.xml-p3834430p3883388.7z ==========
INFO: archive enwiki-20230601-pages-meta-history9.xml-p3834430p3883388.7z already exists
========== Processing tmp/dump_archives/5/enwiki-20230601-pages-meta-history9.xml-p3988489p4039683.7z ==========
INFO: archive enwiki-20230601-pages-meta-history9.xml-p3988489p4039683.7z already exists
========== Processing tmp/dump_archives/5/enwiki-20230601-pages-meta-history9.xml-p3936420p3988488.7z ==========
INFO: archive enwiki-20230601-pages-meta-history9.xml-p3936420p3988488.7z already exists
========== Processing tmp/dump_archives/5/enwiki-20230601-pages-meta-history9.xml-p4039684p4045402.7z ==========
INFO: archive enwiki-20230601-pages-meta-history9.xml-p4039684p4045402.7z already exists
========== Processing tmp/dump_archives/5/enwiki-20230601-pages-meta-history8.xml-p2535889p2535927.7z ==========
========== unzipping enwiki-20230601-pages-meta-history8.xml-p2535889p2535927.7z ==========

7-Zip [64] 16.02 : Copyright (c) 1999-2016 Igor Pavlov : 2016-05-21
p7zip Version 16.02 (locale=C,Utf16=off,HugeFiles=on,64 bits,256 CPUs AMD EPYC 7742 64-Core Processor                 (830F10),ASM,AES-NI)

Scanning the drive for archives:
1 file, 407717464 bytes (389 MiB)

Extracting archive: tmp/dump_archives/5/enwiki-20230601-pages-meta-history8.xml-p2535889p2535927.7z
--
Path = tmp/dump_archives/5/enwiki-20230601-pages-meta-history8.xml-p2535889p2535927.7z
Type = 7z
Physical Size = 407717464
Headers Size = 98
Method = LZMA2:22
Solid = -
Blocks = 1

Everything is Ok

Size:       72669287443
Compressed: 407717464
========== starting stage 1 (DirectParseMain) for enwiki-20230601-pages-meta-history8.xml-p2535889p2535927 (28 GB max. mem) ==========
2023-09-05 08:58:47,602 -- INFO  -- wikixmlsplit.parser.Main -- Setting up parser for file /home/project/data/tmp/dumps/enwiki-20230601-pages-meta-history8.xml-p2535889p2535927
Sins of thy beloved
Battle of Danzig Bay
Matrix scheme
Vang Vieng
Battle of the Gdansk Bay
Buenos Aires Stock Exchange
Finished parsing Matrix scheme:0.172687978
DZMM 630 kHz
Pinkpoint
CacheStats{hitCount=0, missCount=1, loadSuccessCount=1, loadExceptionCount=0, totalLoadTime=160395734, evictionCount=0}
Lift For Life
Lift for life
Mages of high sorcery
gc..
American cress
Processed 1 files
========== starting stage 2 (JsonOutputTable) for enwiki-20230601-pages-meta-history8.xml-p2535889p2535927 (28 GB max. mem) ==========
2023-09-05 09:06:57,549 -- TRACE -- wikixmlsplit.output.json.Outputbase -- Processing Bucket enwiki-20230601-pages-meta-history8.xml-p2535889p2535927
Processing file 0/1
2023-09-05 09:06:57,686 -- TRACE -- wikixmlsplit.output.json.Outputbase -- Success: 2535900-Matrix_scheme.parsed
2023-09-05 09:06:57,689 -- TRACE -- wikixmlsplit.output.json.Outputbase -- Finished Bucket in total time (ms): 143.209091
========== starting stage 3 (JsonOutputRowMatcher) for enwiki-20230601-pages-meta-history8.xml-p2535889p2535927 (28 GB max. mem) ==========
2023-09-05 09:06:58,154 -- TRACE -- wikixmlsplit.output.json.Outputbase -- Processing Bucket enwiki-20230601-pages-meta-history8.xml-p2535889p2535927
2023-09-05 09:06:58,160 -- TRACE -- wikixmlsplit.output.json.Outputbase -- Finished Bucket in total time (ms): 7.344283
========== starting stage 4 (subject column detextion) for enwiki-20230601-pages-meta-history8.xml-p2535889p2535927 ==========
Tue Sep 05 09:07:00 GMT 2023 loading exception data for lemmatiser...
Tue Sep 05 09:07:00 GMT 2023 loading done
========== zipping results  ==========

7-Zip [64] 16.02 : Copyright (c) 1999-2016 Igor Pavlov : 2016-05-21
p7zip Version 16.02 (locale=C,Utf16=off,HugeFiles=on,64 bits,256 CPUs AMD EPYC 7742 64-Core Processor                 (830F10),ASM,AES-NI)

Scanning the drive:
0 files, 0 bytes

Creating archive: /home/project/data/archives/enwiki-20230601-p2535889p2535927-table-row-matching.7z

Items to compress: 0


Files read from disk: 0
Archive size: 32 bytes (1 KiB)
Everything is Ok
WARNING: An illegal reflective access operation has occurred
WARNING: Illegal reflective access by com.esotericsoftware.kryo.util.UnsafeUtil (file:/home/project/data/wikixmlsplit-parser/target/wikixmlsplit-parser-0.0.1-SNAPSHOT-jar-with-dependencies.jar) to constructor java.nio.DirectByteBuffer(long,int,java.lang.Object)
WARNING: Please consider reporting this to the maintainers of com.esotericsoftware.kryo.util.UnsafeUtil
WARNING: Use --illegal-access=warn to enable warnings of further illegal reflective access operations
WARNING: All illegal access operations will be denied in a future release
WARNING: An illegal reflective access operation has occurred
WARNING: Illegal reflective access by com.esotericsoftware.kryo.util.UnsafeUtil (file:/home/project/data/wikixmlsplit-output/target/wikixmlsplit-output-0.0.1-SNAPSHOT-jar-with-dependencies.jar) to constructor java.nio.DirectByteBuffer(long,int,java.lang.Object)
WARNING: Please consider reporting this to the maintainers of com.esotericsoftware.kryo.util.UnsafeUtil
WARNING: Use --illegal-access=warn to enable warnings of further illegal reflective access operations
WARNING: All illegal access operations will be denied in a future release
WARNING: An illegal reflective access operation has occurred
WARNING: Illegal reflective access by com.esotericsoftware.kryo.util.UnsafeUtil (file:/home/project/data/wikixmlsplit-output/target/wikixmlsplit-output-0.0.1-SNAPSHOT-jar-with-dependencies.jar) to constructor java.nio.DirectByteBuffer(long,int,java.lang.Object)
WARNING: Please consider reporting this to the maintainers of com.esotericsoftware.kryo.util.UnsafeUtil
WARNING: Use --illegal-access=warn to enable warnings of further illegal reflective access operations
WARNING: All illegal access operations will be denied in a future release
log4j:WARN No appenders could be found for logger (uk.ac.shef.dcs.sti.experiment.WikiTableMinerPlusBatch).
log4j:WARN Please initialize the log4j system properly.
log4j:WARN See http://logging.apache.org/log4j/1.2/faq.html#noconfig for more info.
java.lang.StringIndexOutOfBoundsException: begin 0, end -1, length 1
	at java.base/java.lang.String.checkBoundsBeginEnd(String.java:3319)
	at java.base/java.lang.String.substring(String.java:1874)
	at dragon.util.EnvVariable.getEnv(EnvVariable.java:44)
	at dragon.util.EnvVariable.getEnv(EnvVariable.java:59)
	at dragon.util.EnvVariable.getCharSet(EnvVariable.java:85)
	at dragon.util.FileUtil.getTextReader(FileUtil.java:34)
	at dragon.util.FileUtil.getTextReader(FileUtil.java:19)
	at dragon.nlp.tool.lemmatiser.ExceptionOperation.loadExceptions(ExceptionOperation.java:59)
	at dragon.nlp.tool.lemmatiser.ExceptionOperation.<init>(ExceptionOperation.java:22)
	at dragon.nlp.tool.lemmatiser.EngLemmatiser.loadLemmatiser(EngLemmatiser.java:139)
	at dragon.nlp.tool.lemmatiser.EngLemmatiser.initialize(EngLemmatiser.java:64)
	at dragon.nlp.tool.lemmatiser.EngLemmatiser.<init>(EngLemmatiser.java:41)
	at uk.ac.shef.dcs.sti.nlp.Lemmatizer.init(Lemmatizer.java:19)
	at uk.ac.shef.dcs.sti.nlp.Lemmatizer.<init>(Lemmatizer.java:15)
	at uk.ac.shef.dcs.sti.nlp.NLPTools.<init>(NLPTools.java:32)
	at uk.ac.shef.dcs.sti.nlp.NLPTools.getInstance(NLPTools.java:47)
	at uk.ac.shef.dcs.sti.core.subjectcol.CMScorer.<init>(CMScorer.java:33)
	at uk.ac.shef.dcs.sti.core.subjectcol.TColumnFeatureGenerator.<init>(TColumnFeatureGenerator.java:36)
	at uk.ac.shef.dcs.sti.core.subjectcol.SubjectColumnDetector.<init>(SubjectColumnDetector.java:42)
	at uk.ac.shef.dcs.sti.experiment.WikiTableMinerPlusBatch.initComponents(WikiTableMinerPlusBatch.java:78)
	at uk.ac.shef.dcs.sti.experiment.STIBatch.<init>(STIBatch.java:88)
	at uk.ac.shef.dcs.sti.experiment.WikiTableMinerPlusBatch.<init>(WikiTableMinerPlusBatch.java:60)
	at uk.ac.shef.dcs.sti.experiment.WikiTableMinerPlusBatch.main(WikiTableMinerPlusBatch.java:95)
java.lang.StringIndexOutOfBoundsException: begin 0, end -1, length 1
	at java.base/java.lang.String.checkBoundsBeginEnd(String.java:3319)
	at java.base/java.lang.String.substring(String.java:1874)
	at dragon.util.EnvVariable.getEnv(EnvVariable.java:44)
	at dragon.util.EnvVariable.getEnv(EnvVariable.java:59)
	at dragon.util.EnvVariable.getCharSet(EnvVariable.java:85)
	at dragon.util.FileUtil.getTextReader(FileUtil.java:34)
	at dragon.util.FileUtil.getTextReader(FileUtil.java:19)
	at dragon.nlp.tool.lemmatiser.ExceptionOperation.loadExceptions(ExceptionOperation.java:59)
	at dragon.nlp.tool.lemmatiser.ExceptionOperation.<init>(ExceptionOperation.java:22)
	at dragon.nlp.tool.lemmatiser.EngLemmatiser.loadLemmatiser(EngLemmatiser.java:139)
	at dragon.nlp.tool.lemmatiser.EngLemmatiser.initialize(EngLemmatiser.java:64)
	at dragon.nlp.tool.lemmatiser.EngLemmatiser.<init>(EngLemmatiser.java:41)
	at uk.ac.shef.dcs.sti.nlp.Lemmatizer.init(Lemmatizer.java:19)
	at uk.ac.shef.dcs.sti.nlp.Lemmatizer.<init>(Lemmatizer.java:15)
	at uk.ac.shef.dcs.sti.nlp.NLPTools.<init>(NLPTools.java:32)
	at uk.ac.shef.dcs.sti.nlp.NLPTools.getInstance(NLPTools.java:47)
	at uk.ac.shef.dcs.sti.core.subjectcol.CMScorer.<init>(CMScorer.java:33)
	at uk.ac.shef.dcs.sti.core.subjectcol.TColumnFeatureGenerator.<init>(TColumnFeatureGenerator.java:36)
	at uk.ac.shef.dcs.sti.core.subjectcol.SubjectColumnDetector.<init>(SubjectColumnDetector.java:42)
	at uk.ac.shef.dcs.sti.experiment.WikiTableMinerPlusBatch.initComponents(WikiTableMinerPlusBatch.java:78)
	at uk.ac.shef.dcs.sti.experiment.STIBatch.<init>(STIBatch.java:88)
	at uk.ac.shef.dcs.sti.experiment.WikiTableMinerPlusBatch.<init>(WikiTableMinerPlusBatch.java:60)
	at uk.ac.shef.dcs.sti.experiment.WikiTableMinerPlusBatch.main(WikiTableMinerPlusBatch.java:95)
java.lang.StringIndexOutOfBoundsException: begin 0, end -1, length 1
	at java.base/java.lang.String.checkBoundsBeginEnd(String.java:3319)
	at java.base/java.lang.String.substring(String.java:1874)
	at dragon.util.EnvVariable.getEnv(EnvVariable.java:44)
	at dragon.util.EnvVariable.getEnv(EnvVariable.java:59)
	at dragon.util.EnvVariable.getCharSet(EnvVariable.java:85)
	at dragon.util.FileUtil.getTextReader(FileUtil.java:34)
	at dragon.util.FileUtil.getTextReader(FileUtil.java:19)
	at dragon.nlp.tool.lemmatiser.ExceptionOperation.loadExceptions(ExceptionOperation.java:59)
	at dragon.nlp.tool.lemmatiser.ExceptionOperation.<init>(ExceptionOperation.java:22)
	at dragon.nlp.tool.lemmatiser.EngLemmatiser.loadLemmatiser(EngLemmatiser.java:139)
	at dragon.nlp.tool.lemmatiser.EngLemmatiser.initialize(EngLemmatiser.java:64)
	at dragon.nlp.tool.lemmatiser.EngLemmatiser.<init>(EngLemmatiser.java:41)
	at uk.ac.shef.dcs.sti.nlp.Lemmatizer.init(Lemmatizer.java:19)
	at uk.ac.shef.dcs.sti.nlp.Lemmatizer.<init>(Lemmatizer.java:15)
	at uk.ac.shef.dcs.sti.nlp.NLPTools.<init>(NLPTools.java:32)
	at uk.ac.shef.dcs.sti.nlp.NLPTools.getInstance(NLPTools.java:47)
	at uk.ac.shef.dcs.sti.core.subjectcol.CMScorer.<init>(CMScorer.java:33)
	at uk.ac.shef.dcs.sti.core.subjectcol.TColumnFeatureGenerator.<init>(TColumnFeatureGenerator.java:36)
	at uk.ac.shef.dcs.sti.core.subjectcol.SubjectColumnDetector.<init>(SubjectColumnDetector.java:42)
	at uk.ac.shef.dcs.sti.experiment.WikiTableMinerPlusBatch.initComponents(WikiTableMinerPlusBatch.java:78)
	at uk.ac.shef.dcs.sti.experiment.STIBatch.<init>(STIBatch.java:88)
	at uk.ac.shef.dcs.sti.experiment.WikiTableMinerPlusBatch.<init>(WikiTableMinerPlusBatch.java:60)
	at uk.ac.shef.dcs.sti.experiment.WikiTableMinerPlusBatch.main(WikiTableMinerPlusBatch.java:95)
java.lang.StringIndexOutOfBoundsException: begin 0, end -1, length 1
	at java.base/java.lang.String.checkBoundsBeginEnd(String.java:3319)
	at java.base/java.lang.String.substring(String.java:1874)
	at dragon.util.EnvVariable.getEnv(EnvVariable.java:44)
	at dragon.util.EnvVariable.getEnv(EnvVariable.java:59)
	at dragon.util.EnvVariable.getCharSet(EnvVariable.java:85)
	at dragon.util.FileUtil.getTextReader(FileUtil.java:34)
	at dragon.util.FileUtil.getTextReader(FileUtil.java:19)
	at dragon.nlp.tool.lemmatiser.EngLemmatiser.loadIndexList(EngLemmatiser.java:215)
	at dragon.nlp.tool.lemmatiser.EngLemmatiser.loadLemmatiser(EngLemmatiser.java:149)
	at dragon.nlp.tool.lemmatiser.EngLemmatiser.initialize(EngLemmatiser.java:64)
	at dragon.nlp.tool.lemmatiser.EngLemmatiser.<init>(EngLemmatiser.java:41)
	at uk.ac.shef.dcs.sti.nlp.Lemmatizer.init(Lemmatizer.java:19)
	at uk.ac.shef.dcs.sti.nlp.Lemmatizer.<init>(Lemmatizer.java:15)
	at uk.ac.shef.dcs.sti.nlp.NLPTools.<init>(NLPTools.java:32)
	at uk.ac.shef.dcs.sti.nlp.NLPTools.getInstance(NLPTools.java:47)
	at uk.ac.shef.dcs.sti.core.subjectcol.CMScorer.<init>(CMScorer.java:33)
	at uk.ac.shef.dcs.sti.core.subjectcol.TColumnFeatureGenerator.<init>(TColumnFeatureGenerator.java:36)
	at uk.ac.shef.dcs.sti.core.subjectcol.SubjectColumnDetector.<init>(SubjectColumnDetector.java:42)
	at uk.ac.shef.dcs.sti.experiment.WikiTableMinerPlusBatch.initComponents(WikiTableMinerPlusBatch.java:78)
	at uk.ac.shef.dcs.sti.experiment.STIBatch.<init>(STIBatch.java:88)
	at uk.ac.shef.dcs.sti.experiment.WikiTableMinerPlusBatch.<init>(WikiTableMinerPlusBatch.java:60)
	at uk.ac.shef.dcs.sti.experiment.WikiTableMinerPlusBatch.main(WikiTableMinerPlusBatch.java:95)
java.lang.StringIndexOutOfBoundsException: begin 0, end -1, length 1
	at java.base/java.lang.String.checkBoundsBeginEnd(String.java:3319)
	at java.base/java.lang.String.substring(String.java:1874)
	at dragon.util.EnvVariable.getEnv(EnvVariable.java:44)
	at dragon.util.EnvVariable.getEnv(EnvVariable.java:59)
	at dragon.util.EnvVariable.getCharSet(EnvVariable.java:85)
	at dragon.util.FileUtil.getTextReader(FileUtil.java:34)
	at dragon.util.FileUtil.getTextReader(FileUtil.java:19)
	at dragon.nlp.tool.lemmatiser.ExceptionOperation.loadExceptions(ExceptionOperation.java:59)
	at dragon.nlp.tool.lemmatiser.ExceptionOperation.<init>(ExceptionOperation.java:22)
	at dragon.nlp.tool.lemmatiser.EngLemmatiser.loadLemmatiser(EngLemmatiser.java:139)
	at dragon.nlp.tool.lemmatiser.EngLemmatiser.initialize(EngLemmatiser.java:64)
	at dragon.nlp.tool.lemmatiser.EngLemmatiser.<init>(EngLemmatiser.java:41)
	at uk.ac.shef.dcs.sti.nlp.Lemmatizer.init(Lemmatizer.java:19)
	at uk.ac.shef.dcs.sti.nlp.Lemmatizer.<init>(Lemmatizer.java:15)
	at uk.ac.shef.dcs.sti.nlp.NLPTools.<init>(NLPTools.java:32)
	at uk.ac.shef.dcs.sti.nlp.NLPTools.getInstance(NLPTools.java:47)
	at uk.ac.shef.dcs.sti.core.subjectcol.CMScorer.<init>(CMScorer.java:33)
	at uk.ac.shef.dcs.sti.core.subjectcol.TColumnFeatureGenerator.<init>(TColumnFeatureGenerator.java:36)
	at uk.ac.shef.dcs.sti.core.subjectcol.SubjectColumnDetector.<init>(SubjectColumnDetector.java:42)
	at uk.ac.shef.dcs.sti.experiment.WikiTableMinerPlusBatch.initComponents(WikiTableMinerPlusBatch.java:78)
	at uk.ac.shef.dcs.sti.experiment.STIBatch.<init>(STIBatch.java:88)
	at uk.ac.shef.dcs.sti.experiment.WikiTableMinerPlusBatch.<init>(WikiTableMinerPlusBatch.java:60)
	at uk.ac.shef.dcs.sti.experiment.WikiTableMinerPlusBatch.main(WikiTableMinerPlusBatch.java:95)
slurmstepd-node-22: error: *** STEP 538074.0 ON node-22 CANCELLED AT 2023-09-07T07:53:16 ***
srun: Job step aborted: Waiting up to 182 seconds for job step to finish.
slurmstepd-node-22: error: *** JOB 538074 ON node-22 CANCELLED AT 2023-09-07T07:53:16 ***
