========== creating folders ==========
========== Processing tmp/dump_archives/2/enwiki-20230601-pages-meta-history11.xml-p6244609p6312881.7z ==========
INFO: archive enwiki-20230601-pages-meta-history11.xml-p6244609p6312881.7z already exists
========== Processing tmp/dump_archives/2/enwiki-20230601-pages-meta-history11.xml-p6831457p6899887.7z ==========
INFO: archive enwiki-20230601-pages-meta-history11.xml-p6831457p6899887.7z already exists
========== Processing tmp/dump_archives/2/enwiki-20230601-pages-meta-history11.xml-p6381576p6450387.7z ==========
INFO: archive enwiki-20230601-pages-meta-history11.xml-p6381576p6450387.7z already exists
========== Processing tmp/dump_archives/2/enwiki-20230601-pages-meta-history11.xml-p6523106p6593113.7z ==========
INFO: archive enwiki-20230601-pages-meta-history11.xml-p6523106p6593113.7z already exists
========== Processing tmp/dump_archives/2/enwiki-20230601-pages-meta-history11.xml-p6768175p6831456.7z ==========
INFO: archive enwiki-20230601-pages-meta-history11.xml-p6768175p6831456.7z already exists
========== Processing tmp/dump_archives/2/enwiki-20230601-pages-meta-history11.xml-p6670021p6729665.7z ==========
INFO: archive enwiki-20230601-pages-meta-history11.xml-p6670021p6729665.7z already exists
========== Processing tmp/dump_archives/2/enwiki-20230601-pages-meta-history11.xml-p6312882p6381575.7z ==========
INFO: archive enwiki-20230601-pages-meta-history11.xml-p6312882p6381575.7z already exists
========== Processing tmp/dump_archives/2/enwiki-20230601-pages-meta-history11.xml-p6729666p6768174.7z ==========
INFO: archive enwiki-20230601-pages-meta-history11.xml-p6729666p6768174.7z already exists
========== Processing tmp/dump_archives/2/enwiki-20230601-pages-meta-history11.xml-p6593114p6670020.7z ==========
INFO: archive enwiki-20230601-pages-meta-history11.xml-p6593114p6670020.7z already exists
========== Processing tmp/dump_archives/2/enwiki-20230601-pages-meta-history12.xml-p7054860p7128887.7z ==========
INFO: archive enwiki-20230601-pages-meta-history12.xml-p7054860p7128887.7z already exists
========== Processing tmp/dump_archives/2/enwiki-20230601-pages-meta-history12.xml-p7128888p7204003.7z ==========
INFO: archive enwiki-20230601-pages-meta-history12.xml-p7128888p7204003.7z already exists
========== Processing tmp/dump_archives/2/enwiki-20230601-pages-meta-history11.xml-p6450388p6523105.7z ==========
INFO: archive enwiki-20230601-pages-meta-history11.xml-p6450388p6523105.7z already exists
========== Processing tmp/dump_archives/2/enwiki-20230601-pages-meta-history11.xml-p6899888p6938713.7z ==========
INFO: archive enwiki-20230601-pages-meta-history11.xml-p6899888p6938713.7z already exists
========== Processing tmp/dump_archives/2/enwiki-20230601-pages-meta-history11.xml-p7011624p7054859.7z ==========
INFO: archive enwiki-20230601-pages-meta-history11.xml-p7011624p7054859.7z already exists
========== Processing tmp/dump_archives/2/enwiki-20230601-pages-meta-history11.xml-p6938714p7011623.7z ==========
INFO: archive enwiki-20230601-pages-meta-history11.xml-p6938714p7011623.7z already exists
========== Processing tmp/dump_archives/2/enwiki-20230601-pages-meta-history12.xml-p7204004p7287270.7z ==========
INFO: archive enwiki-20230601-pages-meta-history12.xml-p7204004p7287270.7z already exists
========== Processing tmp/dump_archives/2/enwiki-20230601-pages-meta-history12.xml-p7370103p7446237.7z ==========
INFO: archive enwiki-20230601-pages-meta-history12.xml-p7370103p7446237.7z already exists
========== Processing tmp/dump_archives/2/enwiki-20230601-pages-meta-history12.xml-p7446238p7522663.7z ==========
INFO: archive enwiki-20230601-pages-meta-history12.xml-p7446238p7522663.7z already exists
========== Processing tmp/dump_archives/2/enwiki-20230601-pages-meta-history12.xml-p7522664p7593882.7z ==========
INFO: archive enwiki-20230601-pages-meta-history12.xml-p7522664p7593882.7z already exists
========== Processing tmp/dump_archives/2/enwiki-20230601-pages-meta-history12.xml-p7287271p7370102.7z ==========
INFO: archive enwiki-20230601-pages-meta-history12.xml-p7287271p7370102.7z already exists
========== Processing tmp/dump_archives/2/enwiki-20230601-pages-meta-history12.xml-p7672165p7749601.7z ==========
INFO: archive enwiki-20230601-pages-meta-history12.xml-p7672165p7749601.7z already exists
========== Processing tmp/dump_archives/2/enwiki-20230601-pages-meta-history12.xml-p7593883p7672164.7z ==========
INFO: archive enwiki-20230601-pages-meta-history12.xml-p7593883p7672164.7z already exists
========== Processing tmp/dump_archives/2/enwiki-20230601-pages-meta-history12.xml-p7749602p7819417.7z ==========
INFO: archive enwiki-20230601-pages-meta-history12.xml-p7749602p7819417.7z already exists
========== Processing tmp/dump_archives/2/enwiki-20230601-pages-meta-history12.xml-p8137113p8217292.7z ==========
INFO: archive enwiki-20230601-pages-meta-history12.xml-p8137113p8217292.7z already exists
========== Processing tmp/dump_archives/2/enwiki-20230601-pages-meta-history12.xml-p7819418p7902367.7z ==========
INFO: archive enwiki-20230601-pages-meta-history12.xml-p7819418p7902367.7z already exists
========== Processing tmp/dump_archives/2/enwiki-20230601-pages-meta-history12.xml-p8295076p8382517.7z ==========
INFO: archive enwiki-20230601-pages-meta-history12.xml-p8295076p8382517.7z already exists
========== Processing tmp/dump_archives/2/enwiki-20230601-pages-meta-history12.xml-p7902368p7971548.7z ==========
INFO: archive enwiki-20230601-pages-meta-history12.xml-p7902368p7971548.7z already exists
========== Processing tmp/dump_archives/2/enwiki-20230601-pages-meta-history12.xml-p8217293p8295075.7z ==========
INFO: archive enwiki-20230601-pages-meta-history12.xml-p8217293p8295075.7z already exists
========== Processing tmp/dump_archives/2/enwiki-20230601-pages-meta-history12.xml-p8053929p8137112.7z ==========
INFO: archive enwiki-20230601-pages-meta-history12.xml-p8053929p8137112.7z already exists
========== Processing tmp/dump_archives/2/enwiki-20230601-pages-meta-history12.xml-p7971549p8053928.7z ==========
INFO: archive enwiki-20230601-pages-meta-history12.xml-p7971549p8053928.7z already exists
========== Processing tmp/dump_archives/2/enwiki-20230601-pages-meta-history12.xml-p8382518p8469032.7z ==========
INFO: archive enwiki-20230601-pages-meta-history12.xml-p8382518p8469032.7z already exists
========== Processing tmp/dump_archives/2/enwiki-20230601-pages-meta-history12.xml-p8548244p8628709.7z ==========
INFO: archive enwiki-20230601-pages-meta-history12.xml-p8548244p8628709.7z already exists
========== Processing tmp/dump_archives/2/enwiki-20230601-pages-meta-history12.xml-p8628710p8703633.7z ==========
INFO: archive enwiki-20230601-pages-meta-history12.xml-p8628710p8703633.7z already exists
========== Processing tmp/dump_archives/2/enwiki-20230601-pages-meta-history12.xml-p8469033p8548243.7z ==========
INFO: archive enwiki-20230601-pages-meta-history12.xml-p8469033p8548243.7z already exists
========== Processing tmp/dump_archives/2/enwiki-20230601-pages-meta-history12.xml-p8849730p8929815.7z ==========
INFO: archive enwiki-20230601-pages-meta-history12.xml-p8849730p8929815.7z already exists
========== Processing tmp/dump_archives/2/enwiki-20230601-pages-meta-history12.xml-p8929816p8993216.7z ==========
INFO: archive enwiki-20230601-pages-meta-history12.xml-p8929816p8993216.7z already exists
========== Processing tmp/dump_archives/2/enwiki-20230601-pages-meta-history13.xml-p10175426p10278602.7z ==========
INFO: archive enwiki-20230601-pages-meta-history13.xml-p10175426p10278602.7z already exists
========== Processing tmp/dump_archives/2/enwiki-20230601-pages-meta-history12.xml-p8781048p8849729.7z ==========
INFO: archive enwiki-20230601-pages-meta-history12.xml-p8781048p8849729.7z already exists
========== Processing tmp/dump_archives/2/enwiki-20230601-pages-meta-history13.xml-p10278603p10383549.7z ==========
INFO: archive enwiki-20230601-pages-meta-history13.xml-p10278603p10383549.7z already exists
========== Processing tmp/dump_archives/2/enwiki-20230601-pages-meta-history12.xml-p9084464p9172788.7z ==========
INFO: archive enwiki-20230601-pages-meta-history12.xml-p9084464p9172788.7z already exists
========== Processing tmp/dump_archives/2/enwiki-20230601-pages-meta-history13.xml-p10092604p10175425.7z ==========
INFO: archive enwiki-20230601-pages-meta-history13.xml-p10092604p10175425.7z already exists
========== Processing tmp/dump_archives/2/enwiki-20230601-pages-meta-history12.xml-p8993217p9084463.7z ==========
INFO: archive enwiki-20230601-pages-meta-history12.xml-p8993217p9084463.7z already exists
========== Processing tmp/dump_archives/2/enwiki-20230601-pages-meta-history13.xml-p10462076p10540121.7z ==========
INFO: archive enwiki-20230601-pages-meta-history13.xml-p10462076p10540121.7z already exists
========== Processing tmp/dump_archives/2/enwiki-20230601-pages-meta-history12.xml-p8703634p8781047.7z ==========
INFO: archive enwiki-20230601-pages-meta-history12.xml-p8703634p8781047.7z already exists
========== Processing tmp/dump_archives/2/enwiki-20230601-pages-meta-history13.xml-p10383550p10462075.7z ==========
INFO: archive enwiki-20230601-pages-meta-history13.xml-p10383550p10462075.7z already exists
========== Processing tmp/dump_archives/2/enwiki-20230601-pages-meta-history13.xml-p10540122p10640424.7z ==========
INFO: archive enwiki-20230601-pages-meta-history13.xml-p10540122p10640424.7z already exists
========== Processing tmp/dump_archives/2/enwiki-20230601-pages-meta-history13.xml-p10723276p10823278.7z ==========
INFO: archive enwiki-20230601-pages-meta-history13.xml-p10723276p10823278.7z already exists
========== Processing tmp/dump_archives/2/enwiki-20230601-pages-meta-history13.xml-p10926693p11011028.7z ==========
INFO: archive enwiki-20230601-pages-meta-history13.xml-p10926693p11011028.7z already exists
========== Processing tmp/dump_archives/2/enwiki-20230601-pages-meta-history13.xml-p10823279p10926692.7z ==========
INFO: archive enwiki-20230601-pages-meta-history13.xml-p10823279p10926692.7z already exists
========== Processing tmp/dump_archives/2/enwiki-20230601-pages-meta-history13.xml-p10640425p10723275.7z ==========
INFO: archive enwiki-20230601-pages-meta-history13.xml-p10640425p10723275.7z already exists
========== Processing tmp/dump_archives/2/enwiki-20230601-pages-meta-history13.xml-p11011029p11066009.7z ==========
INFO: archive enwiki-20230601-pages-meta-history13.xml-p11011029p11066009.7z already exists
========== Processing tmp/dump_archives/2/enwiki-20230601-pages-meta-history13.xml-p11158577p11238119.7z ==========
INFO: archive enwiki-20230601-pages-meta-history13.xml-p11158577p11238119.7z already exists
========== Processing tmp/dump_archives/2/enwiki-20230601-pages-meta-history13.xml-p11623656p11659682.7z ==========
INFO: archive enwiki-20230601-pages-meta-history13.xml-p11623656p11659682.7z already exists
========== Processing tmp/dump_archives/2/enwiki-20230601-pages-meta-history13.xml-p11337442p11424977.7z ==========
INFO: archive enwiki-20230601-pages-meta-history13.xml-p11337442p11424977.7z already exists
========== Processing tmp/dump_archives/2/enwiki-20230601-pages-meta-history13.xml-p11526509p11623655.7z ==========
INFO: archive enwiki-20230601-pages-meta-history13.xml-p11526509p11623655.7z already exists
========== Processing tmp/dump_archives/2/enwiki-20230601-pages-meta-history13.xml-p11238120p11337441.7z ==========
INFO: archive enwiki-20230601-pages-meta-history13.xml-p11238120p11337441.7z already exists
========== Processing tmp/dump_archives/2/enwiki-20230601-pages-meta-history13.xml-p9172789p9264103.7z ==========
INFO: archive enwiki-20230601-pages-meta-history13.xml-p9172789p9264103.7z already exists
========== Processing tmp/dump_archives/2/enwiki-20230601-pages-meta-history13.xml-p11066010p11158576.7z ==========
INFO: archive enwiki-20230601-pages-meta-history13.xml-p11066010p11158576.7z already exists
========== Processing tmp/dump_archives/2/enwiki-20230601-pages-meta-history13.xml-p11424978p11526508.7z ==========
INFO: archive enwiki-20230601-pages-meta-history13.xml-p11424978p11526508.7z already exists
========== Processing tmp/dump_archives/2/enwiki-20230601-pages-meta-history13.xml-p9264104p9356722.7z ==========
INFO: archive enwiki-20230601-pages-meta-history13.xml-p9264104p9356722.7z already exists
========== Processing tmp/dump_archives/2/enwiki-20230601-pages-meta-history13.xml-p9356723p9441871.7z ==========
INFO: archive enwiki-20230601-pages-meta-history13.xml-p9356723p9441871.7z already exists
========== Processing tmp/dump_archives/2/enwiki-20230601-pages-meta-history13.xml-p9441872p9531652.7z ==========
INFO: archive enwiki-20230601-pages-meta-history13.xml-p9441872p9531652.7z already exists
========== Processing tmp/dump_archives/2/enwiki-20230601-pages-meta-history13.xml-p9624809p9724947.7z ==========
INFO: archive enwiki-20230601-pages-meta-history13.xml-p9624809p9724947.7z already exists
========== Processing tmp/dump_archives/2/enwiki-20230601-pages-meta-history13.xml-p9824445p9896879.7z ==========
INFO: archive enwiki-20230601-pages-meta-history13.xml-p9824445p9896879.7z already exists
========== Processing tmp/dump_archives/2/enwiki-20230601-pages-meta-history13.xml-p9896880p9998287.7z ==========
INFO: archive enwiki-20230601-pages-meta-history13.xml-p9896880p9998287.7z already exists
========== Processing tmp/dump_archives/2/enwiki-20230601-pages-meta-history14.xml-p11760722p11859494.7z ==========
INFO: archive enwiki-20230601-pages-meta-history14.xml-p11760722p11859494.7z already exists
========== Processing tmp/dump_archives/2/enwiki-20230601-pages-meta-history13.xml-p9998288p10092603.7z ==========
INFO: archive enwiki-20230601-pages-meta-history13.xml-p9998288p10092603.7z already exists
========== Processing tmp/dump_archives/2/enwiki-20230601-pages-meta-history13.xml-p9724948p9824444.7z ==========
INFO: archive enwiki-20230601-pages-meta-history13.xml-p9724948p9824444.7z already exists
========== Processing tmp/dump_archives/2/enwiki-20230601-pages-meta-history14.xml-p12133078p12224726.7z ==========
INFO: archive enwiki-20230601-pages-meta-history14.xml-p12133078p12224726.7z already exists
========== Processing tmp/dump_archives/2/enwiki-20230601-pages-meta-history13.xml-p9531653p9624808.7z ==========
INFO: archive enwiki-20230601-pages-meta-history13.xml-p9531653p9624808.7z already exists
========== Processing tmp/dump_archives/2/enwiki-20230601-pages-meta-history14.xml-p11659683p11760721.7z ==========
INFO: archive enwiki-20230601-pages-meta-history14.xml-p11659683p11760721.7z already exists
========== Processing tmp/dump_archives/2/enwiki-20230601-pages-meta-history14.xml-p12052116p12133077.7z ==========
INFO: archive enwiki-20230601-pages-meta-history14.xml-p12052116p12133077.7z already exists
========== Processing tmp/dump_archives/2/enwiki-20230601-pages-meta-history14.xml-p11956029p12052115.7z ==========
INFO: archive enwiki-20230601-pages-meta-history14.xml-p11956029p12052115.7z already exists
========== Processing tmp/dump_archives/2/enwiki-20230601-pages-meta-history14.xml-p11859495p11956028.7z ==========
INFO: archive enwiki-20230601-pages-meta-history14.xml-p11859495p11956028.7z already exists
========== Processing tmp/dump_archives/2/enwiki-20230601-pages-meta-history14.xml-p12224727p12321770.7z ==========
INFO: archive enwiki-20230601-pages-meta-history14.xml-p12224727p12321770.7z already exists
========== Processing tmp/dump_archives/2/enwiki-20230601-pages-meta-history14.xml-p12321771p12417986.7z ==========
INFO: archive enwiki-20230601-pages-meta-history14.xml-p12321771p12417986.7z already exists
========== Processing tmp/dump_archives/2/enwiki-20230601-pages-meta-history14.xml-p12417987p12509258.7z ==========
INFO: archive enwiki-20230601-pages-meta-history14.xml-p12417987p12509258.7z already exists
========== Processing tmp/dump_archives/2/enwiki-20230601-pages-meta-history14.xml-p12509259p12602756.7z ==========
INFO: archive enwiki-20230601-pages-meta-history14.xml-p12509259p12602756.7z already exists
========== Processing tmp/dump_archives/2/enwiki-20230601-pages-meta-history14.xml-p12602757p12702347.7z ==========
INFO: archive enwiki-20230601-pages-meta-history14.xml-p12602757p12702347.7z already exists
========== Processing tmp/dump_archives/2/enwiki-20230601-pages-meta-history14.xml-p12799200p12895724.7z ==========
INFO: archive enwiki-20230601-pages-meta-history14.xml-p12799200p12895724.7z already exists
========== Processing tmp/dump_archives/2/enwiki-20230601-pages-meta-history14.xml-p12702348p12799199.7z ==========
INFO: archive enwiki-20230601-pages-meta-history14.xml-p12702348p12799199.7z already exists
========== Processing tmp/dump_archives/2/enwiki-20230601-pages-meta-history14.xml-p12968402p13060500.7z ==========
INFO: archive enwiki-20230601-pages-meta-history14.xml-p12968402p13060500.7z already exists
========== Processing tmp/dump_archives/2/enwiki-20230601-pages-meta-history14.xml-p13148128p13148686.7z ==========
INFO: archive enwiki-20230601-pages-meta-history14.xml-p13148128p13148686.7z already exists
========== Processing tmp/dump_archives/2/enwiki-20230601-pages-meta-history14.xml-p13399214p13504647.7z ==========
INFO: archive enwiki-20230601-pages-meta-history14.xml-p13399214p13504647.7z already exists
========== Processing tmp/dump_archives/2/enwiki-20230601-pages-meta-history14.xml-p13296773p13399213.7z ==========
INFO: archive enwiki-20230601-pages-meta-history14.xml-p13296773p13399213.7z already exists
========== Processing tmp/dump_archives/2/enwiki-20230601-pages-meta-history14.xml-p13148687p13197039.7z ==========
INFO: archive enwiki-20230601-pages-meta-history14.xml-p13148687p13197039.7z already exists
========== Processing tmp/dump_archives/2/enwiki-20230601-pages-meta-history14.xml-p12895725p12968401.7z ==========
INFO: archive enwiki-20230601-pages-meta-history14.xml-p12895725p12968401.7z already exists
========== Processing tmp/dump_archives/2/enwiki-20230601-pages-meta-history14.xml-p13197040p13296772.7z ==========
INFO: archive enwiki-20230601-pages-meta-history14.xml-p13197040p13296772.7z already exists
========== Processing tmp/dump_archives/2/enwiki-20230601-pages-meta-history14.xml-p13504648p13619030.7z ==========
INFO: archive enwiki-20230601-pages-meta-history14.xml-p13504648p13619030.7z already exists
========== Processing tmp/dump_archives/2/enwiki-20230601-pages-meta-history14.xml-p13619031p13730654.7z ==========
INFO: archive enwiki-20230601-pages-meta-history14.xml-p13619031p13730654.7z already exists
========== Processing tmp/dump_archives/2/enwiki-20230601-pages-meta-history14.xml-p13730655p13784410.7z ==========
INFO: archive enwiki-20230601-pages-meta-history14.xml-p13730655p13784410.7z already exists
========== Processing tmp/dump_archives/2/enwiki-20230601-pages-meta-history14.xml-p13784411p13906458.7z ==========
INFO: archive enwiki-20230601-pages-meta-history14.xml-p13784411p13906458.7z already exists
========== Processing tmp/dump_archives/2/enwiki-20230601-pages-meta-history14.xml-p13906459p14024569.7z ==========
INFO: archive enwiki-20230601-pages-meta-history14.xml-p13906459p14024569.7z already exists
========== Processing tmp/dump_archives/2/enwiki-20230601-pages-meta-history14.xml-p14024570p14152652.7z ==========
INFO: archive enwiki-20230601-pages-meta-history14.xml-p14024570p14152652.7z already exists
========== Processing tmp/dump_archives/2/enwiki-20230601-pages-meta-history14.xml-p14152653p14266902.7z ==========
INFO: archive enwiki-20230601-pages-meta-history14.xml-p14152653p14266902.7z already exists
========== Processing tmp/dump_archives/2/enwiki-20230601-pages-meta-history15.xml-p14324603p14448359.7z ==========
INFO: archive enwiki-20230601-pages-meta-history15.xml-p14324603p14448359.7z already exists
========== Processing tmp/dump_archives/2/enwiki-20230601-pages-meta-history14.xml-p14266903p14324602.7z ==========
INFO: archive enwiki-20230601-pages-meta-history14.xml-p14266903p14324602.7z already exists
========== Processing tmp/dump_archives/2/enwiki-20230601-pages-meta-history15.xml-p14557647p14670975.7z ==========
INFO: archive enwiki-20230601-pages-meta-history15.xml-p14557647p14670975.7z already exists
========== Processing tmp/dump_archives/2/enwiki-20230601-pages-meta-history15.xml-p14448360p14557646.7z ==========
INFO: archive enwiki-20230601-pages-meta-history15.xml-p14448360p14557646.7z already exists
========== Processing tmp/dump_archives/2/enwiki-20230601-pages-meta-history26.xml-p63366678p63561622.7z ==========
INFO: archive enwiki-20230601-pages-meta-history26.xml-p63366678p63561622.7z already exists
========== Processing tmp/dump_archives/2/enwiki-20230601-pages-meta-history26.xml-p63561623p63799034.7z ==========
INFO: archive enwiki-20230601-pages-meta-history26.xml-p63561623p63799034.7z already exists
========== Processing tmp/dump_archives/2/enwiki-20230601-pages-meta-history26.xml-p63799035p63972180.7z ==========
INFO: archive enwiki-20230601-pages-meta-history26.xml-p63799035p63972180.7z already exists
========== Processing tmp/dump_archives/2/enwiki-20230601-pages-meta-history26.xml-p63972181p63975909.7z ==========
INFO: archive enwiki-20230601-pages-meta-history26.xml-p63972181p63975909.7z already exists
========== Processing tmp/dump_archives/2/enwiki-20230601-pages-meta-history27.xml-p63975910p64238230.7z ==========
INFO: archive enwiki-20230601-pages-meta-history27.xml-p63975910p64238230.7z already exists
========== Processing tmp/dump_archives/2/enwiki-20230601-pages-meta-history27.xml-p64238231p64498453.7z ==========
INFO: archive enwiki-20230601-pages-meta-history27.xml-p64238231p64498453.7z already exists
========== Processing tmp/dump_archives/2/enwiki-20230601-pages-meta-history27.xml-p64498454p64782707.7z ==========
INFO: archive enwiki-20230601-pages-meta-history27.xml-p64498454p64782707.7z already exists
========== Processing tmp/dump_archives/2/enwiki-20230601-pages-meta-history27.xml-p64782708p65222760.7z ==========
INFO: archive enwiki-20230601-pages-meta-history27.xml-p64782708p65222760.7z already exists
========== Processing tmp/dump_archives/2/enwiki-20230601-pages-meta-history27.xml-p65771550p66031256.7z ==========
INFO: archive enwiki-20230601-pages-meta-history27.xml-p65771550p66031256.7z already exists
========== Processing tmp/dump_archives/2/enwiki-20230601-pages-meta-history27.xml-p65222761p65498647.7z ==========
INFO: archive enwiki-20230601-pages-meta-history27.xml-p65222761p65498647.7z already exists
========== Processing tmp/dump_archives/2/enwiki-20230601-pages-meta-history27.xml-p65498648p65771549.7z ==========
INFO: archive enwiki-20230601-pages-meta-history27.xml-p65498648p65771549.7z already exists
========== Processing tmp/dump_archives/2/enwiki-20230601-pages-meta-history27.xml-p66257242p66515934.7z ==========
INFO: archive enwiki-20230601-pages-meta-history27.xml-p66257242p66515934.7z already exists
========== Processing tmp/dump_archives/2/enwiki-20230601-pages-meta-history27.xml-p66031257p66257241.7z ==========
INFO: archive enwiki-20230601-pages-meta-history27.xml-p66031257p66257241.7z already exists
========== Processing tmp/dump_archives/2/enwiki-20230601-pages-meta-history27.xml-p67499096p67782159.7z ==========
INFO: archive enwiki-20230601-pages-meta-history27.xml-p67499096p67782159.7z already exists
========== Processing tmp/dump_archives/2/enwiki-20230601-pages-meta-history27.xml-p66867497p67193709.7z ==========
INFO: archive enwiki-20230601-pages-meta-history27.xml-p66867497p67193709.7z already exists
========== Processing tmp/dump_archives/2/enwiki-20230601-pages-meta-history27.xml-p66515935p66867496.7z ==========
INFO: archive enwiki-20230601-pages-meta-history27.xml-p66515935p66867496.7z already exists
========== Processing tmp/dump_archives/2/enwiki-20230601-pages-meta-history27.xml-p67193710p67499095.7z ==========
INFO: archive enwiki-20230601-pages-meta-history27.xml-p67193710p67499095.7z already exists
========== Processing tmp/dump_archives/2/enwiki-20230601-pages-meta-history27.xml-p67782160p68101009.7z ==========
INFO: archive enwiki-20230601-pages-meta-history27.xml-p67782160p68101009.7z already exists
========== Processing tmp/dump_archives/2/enwiki-20230601-pages-meta-history27.xml-p68101010p68418919.7z ==========
INFO: archive enwiki-20230601-pages-meta-history27.xml-p68101010p68418919.7z already exists
========== Processing tmp/dump_archives/2/enwiki-20230601-pages-meta-history27.xml-p68418920p68479620.7z ==========
INFO: archive enwiki-20230601-pages-meta-history27.xml-p68418920p68479620.7z already exists
========== Processing tmp/dump_archives/2/enwiki-20230601-pages-meta-history27.xml-p68479621p68779672.7z ==========
INFO: archive enwiki-20230601-pages-meta-history27.xml-p68479621p68779672.7z already exists
========== Processing tmp/dump_archives/2/enwiki-20230601-pages-meta-history27.xml-p68779673p69137734.7z ==========
INFO: archive enwiki-20230601-pages-meta-history27.xml-p68779673p69137734.7z already exists
========== Processing tmp/dump_archives/2/enwiki-20230601-pages-meta-history27.xml-p69733029p70114417.7z ==========
INFO: archive enwiki-20230601-pages-meta-history27.xml-p69733029p70114417.7z already exists
========== Processing tmp/dump_archives/2/enwiki-20230601-pages-meta-history27.xml-p69444977p69733028.7z ==========
INFO: archive enwiki-20230601-pages-meta-history27.xml-p69444977p69733028.7z already exists
========== Processing tmp/dump_archives/2/enwiki-20230601-pages-meta-history27.xml-p69137735p69444976.7z ==========
INFO: archive enwiki-20230601-pages-meta-history27.xml-p69137735p69444976.7z already exists
========== Processing tmp/dump_archives/2/enwiki-20230601-pages-meta-history27.xml-p70114418p70417526.7z ==========
INFO: archive enwiki-20230601-pages-meta-history27.xml-p70114418p70417526.7z already exists
========== Processing tmp/dump_archives/2/enwiki-20230601-pages-meta-history27.xml-p71459021p71827692.7z ==========
INFO: archive enwiki-20230601-pages-meta-history27.xml-p71459021p71827692.7z already exists
========== Processing tmp/dump_archives/2/enwiki-20230601-pages-meta-history27.xml-p70744247p71083397.7z ==========
INFO: archive enwiki-20230601-pages-meta-history27.xml-p70744247p71083397.7z already exists
========== Processing tmp/dump_archives/2/enwiki-20230601-pages-meta-history27.xml-p71083398p71459020.7z ==========
INFO: archive enwiki-20230601-pages-meta-history27.xml-p71083398p71459020.7z already exists
========== Processing tmp/dump_archives/2/enwiki-20230601-pages-meta-history27.xml-p70417527p70744246.7z ==========
INFO: archive enwiki-20230601-pages-meta-history27.xml-p70417527p70744246.7z already exists
========== Processing tmp/dump_archives/2/enwiki-20230601-pages-meta-history27.xml-p72217498p72611125.7z ==========
INFO: archive enwiki-20230601-pages-meta-history27.xml-p72217498p72611125.7z already exists
========== Processing tmp/dump_archives/2/enwiki-20230601-pages-meta-history27.xml-p71827693p72217497.7z ==========
INFO: archive enwiki-20230601-pages-meta-history27.xml-p71827693p72217497.7z already exists
========== Processing tmp/dump_archives/2/enwiki-20230601-pages-meta-history27.xml-p72611126p73038721.7z ==========
INFO: archive enwiki-20230601-pages-meta-history27.xml-p72611126p73038721.7z already exists
========== Processing tmp/dump_archives/2/enwiki-20230601-pages-meta-history3.xml-p151574p154563.7z ==========
INFO: archive enwiki-20230601-pages-meta-history3.xml-p151574p154563.7z already exists
========== Processing tmp/dump_archives/2/enwiki-20230601-pages-meta-history3.xml-p154564p157848.7z ==========
INFO: archive enwiki-20230601-pages-meta-history3.xml-p154564p157848.7z already exists
========== Processing tmp/dump_archives/2/enwiki-20230601-pages-meta-history27.xml-p73038722p73506540.7z ==========
INFO: archive enwiki-20230601-pages-meta-history27.xml-p73038722p73506540.7z already exists
========== Processing tmp/dump_archives/2/enwiki-20230601-pages-meta-history3.xml-p157849p160209.7z ==========
INFO: archive enwiki-20230601-pages-meta-history3.xml-p157849p160209.7z already exists
========== Processing tmp/dump_archives/2/enwiki-20230601-pages-meta-history3.xml-p162868p165567.7z ==========
INFO: archive enwiki-20230601-pages-meta-history3.xml-p162868p165567.7z already exists
========== Processing tmp/dump_archives/2/enwiki-20230601-pages-meta-history3.xml-p160210p162867.7z ==========
INFO: archive enwiki-20230601-pages-meta-history3.xml-p160210p162867.7z already exists
========== Processing tmp/dump_archives/2/enwiki-20230601-pages-meta-history3.xml-p165568p167756.7z ==========
INFO: archive enwiki-20230601-pages-meta-history3.xml-p165568p167756.7z already exists
========== Processing tmp/dump_archives/2/enwiki-20230601-pages-meta-history3.xml-p169906p172545.7z ==========
INFO: archive enwiki-20230601-pages-meta-history3.xml-p169906p172545.7z already exists
========== Processing tmp/dump_archives/2/enwiki-20230601-pages-meta-history3.xml-p167757p169905.7z ==========
INFO: archive enwiki-20230601-pages-meta-history3.xml-p167757p169905.7z already exists
========== Processing tmp/dump_archives/2/enwiki-20230601-pages-meta-history3.xml-p175550p179094.7z ==========
INFO: archive enwiki-20230601-pages-meta-history3.xml-p175550p179094.7z already exists
========== Processing tmp/dump_archives/2/enwiki-20230601-pages-meta-history3.xml-p172546p175549.7z ==========
INFO: archive enwiki-20230601-pages-meta-history3.xml-p172546p175549.7z already exists
========== Processing tmp/dump_archives/2/enwiki-20230601-pages-meta-history3.xml-p182478p186173.7z ==========
INFO: archive enwiki-20230601-pages-meta-history3.xml-p182478p186173.7z already exists
========== Processing tmp/dump_archives/2/enwiki-20230601-pages-meta-history3.xml-p179095p182477.7z ==========
INFO: archive enwiki-20230601-pages-meta-history3.xml-p179095p182477.7z already exists
========== Processing tmp/dump_archives/2/enwiki-20230601-pages-meta-history3.xml-p186174p189163.7z ==========
INFO: archive enwiki-20230601-pages-meta-history3.xml-p186174p189163.7z already exists
========== Processing tmp/dump_archives/2/enwiki-20230601-pages-meta-history3.xml-p189164p192483.7z ==========
INFO: archive enwiki-20230601-pages-meta-history3.xml-p189164p192483.7z already exists
========== Processing tmp/dump_archives/2/enwiki-20230601-pages-meta-history3.xml-p192484p197024.7z ==========
INFO: archive enwiki-20230601-pages-meta-history3.xml-p192484p197024.7z already exists
========== Processing tmp/dump_archives/2/enwiki-20230601-pages-meta-history3.xml-p201819p205816.7z ==========
INFO: archive enwiki-20230601-pages-meta-history3.xml-p201819p205816.7z already exists
========== Processing tmp/dump_archives/2/enwiki-20230601-pages-meta-history3.xml-p197025p201818.7z ==========
INFO: archive enwiki-20230601-pages-meta-history3.xml-p197025p201818.7z already exists
========== Processing tmp/dump_archives/2/enwiki-20230601-pages-meta-history3.xml-p205817p210715.7z ==========
INFO: archive enwiki-20230601-pages-meta-history3.xml-p205817p210715.7z already exists
========== Processing tmp/dump_archives/2/enwiki-20230601-pages-meta-history3.xml-p210716p215024.7z ==========
INFO: archive enwiki-20230601-pages-meta-history3.xml-p210716p215024.7z already exists
========== Processing tmp/dump_archives/2/enwiki-20230601-pages-meta-history3.xml-p225470p230729.7z ==========
INFO: archive enwiki-20230601-pages-meta-history3.xml-p225470p230729.7z already exists
========== Processing tmp/dump_archives/2/enwiki-20230601-pages-meta-history3.xml-p219625p225469.7z ==========
INFO: archive enwiki-20230601-pages-meta-history3.xml-p219625p225469.7z already exists
========== Processing tmp/dump_archives/2/enwiki-20230601-pages-meta-history3.xml-p215025p219624.7z ==========
INFO: archive enwiki-20230601-pages-meta-history3.xml-p215025p219624.7z already exists
========== Processing tmp/dump_archives/2/enwiki-20230601-pages-meta-history3.xml-p230730p235956.7z ==========
INFO: archive enwiki-20230601-pages-meta-history3.xml-p230730p235956.7z already exists
========== Processing tmp/dump_archives/2/enwiki-20230601-pages-meta-history3.xml-p235957p240581.7z ==========
INFO: archive enwiki-20230601-pages-meta-history3.xml-p235957p240581.7z already exists
========== Processing tmp/dump_archives/2/enwiki-20230601-pages-meta-history3.xml-p244936p249635.7z ==========
INFO: archive enwiki-20230601-pages-meta-history3.xml-p244936p249635.7z already exists
========== Processing tmp/dump_archives/2/enwiki-20230601-pages-meta-history3.xml-p240582p244935.7z ==========
INFO: archive enwiki-20230601-pages-meta-history3.xml-p240582p244935.7z already exists
========== Processing tmp/dump_archives/2/enwiki-20230601-pages-meta-history3.xml-p249636p254445.7z ==========
INFO: archive enwiki-20230601-pages-meta-history3.xml-p249636p254445.7z already exists
========== Processing tmp/dump_archives/2/enwiki-20230601-pages-meta-history3.xml-p254446p261954.7z ==========
INFO: archive enwiki-20230601-pages-meta-history3.xml-p254446p261954.7z already exists
========== Processing tmp/dump_archives/2/enwiki-20230601-pages-meta-history14.xml-p13060501p13148127.7z ==========
========== starting stage 4 (subject column detextion) for enwiki-20230601-pages-meta-history14.xml-p13060501p13148127 ==========
Thu Sep 07 05:54:52 GMT 2023 loading exception data for lemmatiser...
Thu Sep 07 05:54:52 GMT 2023 loading done
Failure for table  on page -1

========== zipping results  ==========

7-Zip [64] 16.02 : Copyright (c) 1999-2016 Igor Pavlov : 2016-05-21
p7zip Version 16.02 (locale=C,Utf16=off,HugeFiles=on,64 bits,256 CPUs AMD EPYC 7742 64-Core Processor                 (830F10),ASM,AES-NI)

Scanning the drive:
1 file, 1585837221 bytes (1513 MiB)

Creating archive: /home/project/data/archives/enwiki-20230601-p13060501p13148127-table-row-matching.7z

Items to compress: 1


Files read from disk: 1
Archive size: 26397556 bytes (26 MiB)
Everything is Ok
log4j:WARN No appenders could be found for logger (uk.ac.shef.dcs.sti.experiment.WikiTableMinerPlusBatch).
log4j:WARN Please initialize the log4j system properly.
log4j:WARN See http://logging.apache.org/log4j/1.2/faq.html#noconfig for more info.
java.lang.StringIndexOutOfBoundsException: begin 0, end -1, length 1
	at java.base/java.lang.String.checkBoundsBeginEnd(String.java:3319)
	at java.base/java.lang.String.substring(String.java:1874)
	at dragon.util.EnvVariable.getEnv(EnvVariable.java:44)
	at dragon.util.EnvVariable.getEnv(EnvVariable.java:59)
	at dragon.util.EnvVariable.getCharSet(EnvVariable.java:85)
	at dragon.util.FileUtil.getTextReader(FileUtil.java:34)
	at dragon.util.FileUtil.getTextReader(FileUtil.java:19)
	at dragon.nlp.tool.lemmatiser.ExceptionOperation.loadExceptions(ExceptionOperation.java:59)
	at dragon.nlp.tool.lemmatiser.ExceptionOperation.<init>(ExceptionOperation.java:22)
	at dragon.nlp.tool.lemmatiser.EngLemmatiser.loadLemmatiser(EngLemmatiser.java:139)
	at dragon.nlp.tool.lemmatiser.EngLemmatiser.initialize(EngLemmatiser.java:64)
	at dragon.nlp.tool.lemmatiser.EngLemmatiser.<init>(EngLemmatiser.java:41)
	at uk.ac.shef.dcs.sti.nlp.Lemmatizer.init(Lemmatizer.java:19)
	at uk.ac.shef.dcs.sti.nlp.Lemmatizer.<init>(Lemmatizer.java:15)
	at uk.ac.shef.dcs.sti.nlp.NLPTools.<init>(NLPTools.java:32)
	at uk.ac.shef.dcs.sti.nlp.NLPTools.getInstance(NLPTools.java:47)
	at uk.ac.shef.dcs.sti.core.subjectcol.CMScorer.<init>(CMScorer.java:33)
	at uk.ac.shef.dcs.sti.core.subjectcol.TColumnFeatureGenerator.<init>(TColumnFeatureGenerator.java:36)
	at uk.ac.shef.dcs.sti.core.subjectcol.SubjectColumnDetector.<init>(SubjectColumnDetector.java:42)
	at uk.ac.shef.dcs.sti.experiment.WikiTableMinerPlusBatch.initComponents(WikiTableMinerPlusBatch.java:78)
	at uk.ac.shef.dcs.sti.experiment.STIBatch.<init>(STIBatch.java:88)
	at uk.ac.shef.dcs.sti.experiment.WikiTableMinerPlusBatch.<init>(WikiTableMinerPlusBatch.java:60)
	at uk.ac.shef.dcs.sti.experiment.WikiTableMinerPlusBatch.main(WikiTableMinerPlusBatch.java:95)
java.lang.StringIndexOutOfBoundsException: begin 0, end -1, length 1
	at java.base/java.lang.String.checkBoundsBeginEnd(String.java:3319)
	at java.base/java.lang.String.substring(String.java:1874)
	at dragon.util.EnvVariable.getEnv(EnvVariable.java:44)
	at dragon.util.EnvVariable.getEnv(EnvVariable.java:59)
	at dragon.util.EnvVariable.getCharSet(EnvVariable.java:85)
	at dragon.util.FileUtil.getTextReader(FileUtil.java:34)
	at dragon.util.FileUtil.getTextReader(FileUtil.java:19)
	at dragon.nlp.tool.lemmatiser.ExceptionOperation.loadExceptions(ExceptionOperation.java:59)
	at dragon.nlp.tool.lemmatiser.ExceptionOperation.<init>(ExceptionOperation.java:22)
	at dragon.nlp.tool.lemmatiser.EngLemmatiser.loadLemmatiser(EngLemmatiser.java:139)
	at dragon.nlp.tool.lemmatiser.EngLemmatiser.initialize(EngLemmatiser.java:64)
	at dragon.nlp.tool.lemmatiser.EngLemmatiser.<init>(EngLemmatiser.java:41)
	at uk.ac.shef.dcs.sti.nlp.Lemmatizer.init(Lemmatizer.java:19)
	at uk.ac.shef.dcs.sti.nlp.Lemmatizer.<init>(Lemmatizer.java:15)
	at uk.ac.shef.dcs.sti.nlp.NLPTools.<init>(NLPTools.java:32)
	at uk.ac.shef.dcs.sti.nlp.NLPTools.getInstance(NLPTools.java:47)
	at uk.ac.shef.dcs.sti.core.subjectcol.CMScorer.<init>(CMScorer.java:33)
	at uk.ac.shef.dcs.sti.core.subjectcol.TColumnFeatureGenerator.<init>(TColumnFeatureGenerator.java:36)
	at uk.ac.shef.dcs.sti.core.subjectcol.SubjectColumnDetector.<init>(SubjectColumnDetector.java:42)
	at uk.ac.shef.dcs.sti.experiment.WikiTableMinerPlusBatch.initComponents(WikiTableMinerPlusBatch.java:78)
	at uk.ac.shef.dcs.sti.experiment.STIBatch.<init>(STIBatch.java:88)
	at uk.ac.shef.dcs.sti.experiment.WikiTableMinerPlusBatch.<init>(WikiTableMinerPlusBatch.java:60)
	at uk.ac.shef.dcs.sti.experiment.WikiTableMinerPlusBatch.main(WikiTableMinerPlusBatch.java:95)
java.lang.StringIndexOutOfBoundsException: begin 0, end -1, length 1
	at java.base/java.lang.String.checkBoundsBeginEnd(String.java:3319)
	at java.base/java.lang.String.substring(String.java:1874)
	at dragon.util.EnvVariable.getEnv(EnvVariable.java:44)
	at dragon.util.EnvVariable.getEnv(EnvVariable.java:59)
	at dragon.util.EnvVariable.getCharSet(EnvVariable.java:85)
	at dragon.util.FileUtil.getTextReader(FileUtil.java:34)
	at dragon.util.FileUtil.getTextReader(FileUtil.java:19)
	at dragon.nlp.tool.lemmatiser.ExceptionOperation.loadExceptions(ExceptionOperation.java:59)
	at dragon.nlp.tool.lemmatiser.ExceptionOperation.<init>(ExceptionOperation.java:22)
	at dragon.nlp.tool.lemmatiser.EngLemmatiser.loadLemmatiser(EngLemmatiser.java:139)
	at dragon.nlp.tool.lemmatiser.EngLemmatiser.initialize(EngLemmatiser.java:64)
	at dragon.nlp.tool.lemmatiser.EngLemmatiser.<init>(EngLemmatiser.java:41)
	at uk.ac.shef.dcs.sti.nlp.Lemmatizer.init(Lemmatizer.java:19)
	at uk.ac.shef.dcs.sti.nlp.Lemmatizer.<init>(Lemmatizer.java:15)
	at uk.ac.shef.dcs.sti.nlp.NLPTools.<init>(NLPTools.java:32)
	at uk.ac.shef.dcs.sti.nlp.NLPTools.getInstance(NLPTools.java:47)
	at uk.ac.shef.dcs.sti.core.subjectcol.CMScorer.<init>(CMScorer.java:33)
	at uk.ac.shef.dcs.sti.core.subjectcol.TColumnFeatureGenerator.<init>(TColumnFeatureGenerator.java:36)
	at uk.ac.shef.dcs.sti.core.subjectcol.SubjectColumnDetector.<init>(SubjectColumnDetector.java:42)
	at uk.ac.shef.dcs.sti.experiment.WikiTableMinerPlusBatch.initComponents(WikiTableMinerPlusBatch.java:78)
	at uk.ac.shef.dcs.sti.experiment.STIBatch.<init>(STIBatch.java:88)
	at uk.ac.shef.dcs.sti.experiment.WikiTableMinerPlusBatch.<init>(WikiTableMinerPlusBatch.java:60)
	at uk.ac.shef.dcs.sti.experiment.WikiTableMinerPlusBatch.main(WikiTableMinerPlusBatch.java:95)
java.lang.StringIndexOutOfBoundsException: begin 0, end -1, length 1
	at java.base/java.lang.String.checkBoundsBeginEnd(String.java:3319)
	at java.base/java.lang.String.substring(String.java:1874)
	at dragon.util.EnvVariable.getEnv(EnvVariable.java:44)
	at dragon.util.EnvVariable.getEnv(EnvVariable.java:59)
	at dragon.util.EnvVariable.getCharSet(EnvVariable.java:85)
	at dragon.util.FileUtil.getTextReader(FileUtil.java:34)
	at dragon.util.FileUtil.getTextReader(FileUtil.java:19)
	at dragon.nlp.tool.lemmatiser.EngLemmatiser.loadIndexList(EngLemmatiser.java:215)
	at dragon.nlp.tool.lemmatiser.EngLemmatiser.loadLemmatiser(EngLemmatiser.java:149)
	at dragon.nlp.tool.lemmatiser.EngLemmatiser.initialize(EngLemmatiser.java:64)
	at dragon.nlp.tool.lemmatiser.EngLemmatiser.<init>(EngLemmatiser.java:41)
	at uk.ac.shef.dcs.sti.nlp.Lemmatizer.init(Lemmatizer.java:19)
	at uk.ac.shef.dcs.sti.nlp.Lemmatizer.<init>(Lemmatizer.java:15)
	at uk.ac.shef.dcs.sti.nlp.NLPTools.<init>(NLPTools.java:32)
	at uk.ac.shef.dcs.sti.nlp.NLPTools.getInstance(NLPTools.java:47)
	at uk.ac.shef.dcs.sti.core.subjectcol.CMScorer.<init>(CMScorer.java:33)
	at uk.ac.shef.dcs.sti.core.subjectcol.TColumnFeatureGenerator.<init>(TColumnFeatureGenerator.java:36)
	at uk.ac.shef.dcs.sti.core.subjectcol.SubjectColumnDetector.<init>(SubjectColumnDetector.java:42)
	at uk.ac.shef.dcs.sti.experiment.WikiTableMinerPlusBatch.initComponents(WikiTableMinerPlusBatch.java:78)
	at uk.ac.shef.dcs.sti.experiment.STIBatch.<init>(STIBatch.java:88)
	at uk.ac.shef.dcs.sti.experiment.WikiTableMinerPlusBatch.<init>(WikiTableMinerPlusBatch.java:60)
	at uk.ac.shef.dcs.sti.experiment.WikiTableMinerPlusBatch.main(WikiTableMinerPlusBatch.java:95)
java.lang.StringIndexOutOfBoundsException: begin 0, end -1, length 1
	at java.base/java.lang.String.checkBoundsBeginEnd(String.java:3319)
	at java.base/java.lang.String.substring(String.java:1874)
	at dragon.util.EnvVariable.getEnv(EnvVariable.java:44)
	at dragon.util.EnvVariable.getEnv(EnvVariable.java:59)
	at dragon.util.EnvVariable.getCharSet(EnvVariable.java:85)
	at dragon.util.FileUtil.getTextReader(FileUtil.java:34)
	at dragon.util.FileUtil.getTextReader(FileUtil.java:19)
	at dragon.nlp.tool.lemmatiser.ExceptionOperation.loadExceptions(ExceptionOperation.java:59)
	at dragon.nlp.tool.lemmatiser.ExceptionOperation.<init>(ExceptionOperation.java:22)
	at dragon.nlp.tool.lemmatiser.EngLemmatiser.loadLemmatiser(EngLemmatiser.java:139)
	at dragon.nlp.tool.lemmatiser.EngLemmatiser.initialize(EngLemmatiser.java:64)
	at dragon.nlp.tool.lemmatiser.EngLemmatiser.<init>(EngLemmatiser.java:41)
	at uk.ac.shef.dcs.sti.nlp.Lemmatizer.init(Lemmatizer.java:19)
	at uk.ac.shef.dcs.sti.nlp.Lemmatizer.<init>(Lemmatizer.java:15)
	at uk.ac.shef.dcs.sti.nlp.NLPTools.<init>(NLPTools.java:32)
	at uk.ac.shef.dcs.sti.nlp.NLPTools.getInstance(NLPTools.java:47)
	at uk.ac.shef.dcs.sti.core.subjectcol.CMScorer.<init>(CMScorer.java:33)
	at uk.ac.shef.dcs.sti.core.subjectcol.TColumnFeatureGenerator.<init>(TColumnFeatureGenerator.java:36)
	at uk.ac.shef.dcs.sti.core.subjectcol.SubjectColumnDetector.<init>(SubjectColumnDetector.java:42)
	at uk.ac.shef.dcs.sti.experiment.WikiTableMinerPlusBatch.initComponents(WikiTableMinerPlusBatch.java:78)
	at uk.ac.shef.dcs.sti.experiment.STIBatch.<init>(STIBatch.java:88)
	at uk.ac.shef.dcs.sti.experiment.WikiTableMinerPlusBatch.<init>(WikiTableMinerPlusBatch.java:60)
	at uk.ac.shef.dcs.sti.experiment.WikiTableMinerPlusBatch.main(WikiTableMinerPlusBatch.java:95)
com.google.gson.JsonSyntaxException: com.google.gson.stream.MalformedJsonException: Unterminated string at line 1 column 477248 path $.[48].revisions[15].cells[0].
	at com.google.gson.Gson.fromJson(Gson.java:876)
	at com.google.gson.Gson.fromJson(Gson.java:826)
	at com.google.gson.Gson.fromJson(Gson.java:775)
	at com.google.gson.Gson.fromJson(Gson.java:747)
	at uk.ac.shef.dcs.sti.experiment.WikiTableMinerPlusBatch.main(WikiTableMinerPlusBatch.java:131)
Caused by: com.google.gson.stream.MalformedJsonException: Unterminated string at line 1 column 477248 path $.[48].revisions[15].cells[0].
	at com.google.gson.stream.JsonReader.syntaxError(JsonReader.java:1574)
	at com.google.gson.stream.JsonReader.nextQuotedValue(JsonReader.java:1031)
	at com.google.gson.stream.JsonReader.nextName(JsonReader.java:798)
	at com.google.gson.internal.bind.ObjectTypeAdapter.read(ObjectTypeAdapter.java:70)
	at com.google.gson.internal.bind.ObjectTypeAdapter.read(ObjectTypeAdapter.java:61)
	at com.google.gson.internal.bind.ObjectTypeAdapter.read(ObjectTypeAdapter.java:70)
	at com.google.gson.internal.bind.ObjectTypeAdapter.read(ObjectTypeAdapter.java:61)
	at com.google.gson.internal.bind.ObjectTypeAdapter.read(ObjectTypeAdapter.java:70)
	at com.google.gson.internal.bind.ObjectTypeAdapter.read(ObjectTypeAdapter.java:61)
	at com.google.gson.internal.bind.TypeAdapterRuntimeTypeWrapper.read(TypeAdapterRuntimeTypeWrapper.java:40)
	at com.google.gson.internal.bind.MapTypeAdapterFactory$Adapter.read(MapTypeAdapterFactory.java:187)
	at com.google.gson.internal.bind.MapTypeAdapterFactory$Adapter.read(MapTypeAdapterFactory.java:145)
	at com.google.gson.Gson.fromJson(Gson.java:861)
	... 4 more
========= DONE ========
