========== creating folders ==========
========== Processing tmp/dump_archives/3/enwiki-20230601-pages-meta-history15.xml-p14670976p14768884.7z ==========
INFO: archive enwiki-20230601-pages-meta-history15.xml-p14670976p14768884.7z already exists
========== Processing tmp/dump_archives/3/enwiki-20230601-pages-meta-history15.xml-p14895695p15007596.7z ==========
INFO: archive enwiki-20230601-pages-meta-history15.xml-p14895695p15007596.7z already exists
========== Processing tmp/dump_archives/3/enwiki-20230601-pages-meta-history15.xml-p15445535p15559355.7z ==========
INFO: archive enwiki-20230601-pages-meta-history15.xml-p15445535p15559355.7z already exists
========== Processing tmp/dump_archives/3/enwiki-20230601-pages-meta-history15.xml-p15127185p15236889.7z ==========
INFO: archive enwiki-20230601-pages-meta-history15.xml-p15127185p15236889.7z already exists
========== Processing tmp/dump_archives/3/enwiki-20230601-pages-meta-history15.xml-p15559356p15667606.7z ==========
INFO: archive enwiki-20230601-pages-meta-history15.xml-p15559356p15667606.7z already exists
========== Processing tmp/dump_archives/3/enwiki-20230601-pages-meta-history15.xml-p15339551p15445534.7z ==========
INFO: archive enwiki-20230601-pages-meta-history15.xml-p15339551p15445534.7z already exists
========== Processing tmp/dump_archives/3/enwiki-20230601-pages-meta-history15.xml-p15236890p15339550.7z ==========
INFO: archive enwiki-20230601-pages-meta-history15.xml-p15236890p15339550.7z already exists
========== Processing tmp/dump_archives/3/enwiki-20230601-pages-meta-history15.xml-p16102386p16245065.7z ==========
INFO: archive enwiki-20230601-pages-meta-history15.xml-p16102386p16245065.7z already exists
========== Processing tmp/dump_archives/3/enwiki-20230601-pages-meta-history15.xml-p15776032p15881722.7z ==========
INFO: archive enwiki-20230601-pages-meta-history15.xml-p15776032p15881722.7z already exists
========== Processing tmp/dump_archives/3/enwiki-20230601-pages-meta-history15.xml-p16245066p16289671.7z ==========
INFO: archive enwiki-20230601-pages-meta-history15.xml-p16245066p16289671.7z already exists
========== Processing tmp/dump_archives/3/enwiki-20230601-pages-meta-history15.xml-p15881723p15990470.7z ==========
INFO: archive enwiki-20230601-pages-meta-history15.xml-p15881723p15990470.7z already exists
========== Processing tmp/dump_archives/3/enwiki-20230601-pages-meta-history15.xml-p15990471p16102385.7z ==========
INFO: archive enwiki-20230601-pages-meta-history15.xml-p15990471p16102385.7z already exists
========== Processing tmp/dump_archives/3/enwiki-20230601-pages-meta-history15.xml-p14768885p14895694.7z ==========
INFO: archive enwiki-20230601-pages-meta-history15.xml-p14768885p14895694.7z already exists
========== Processing tmp/dump_archives/3/enwiki-20230601-pages-meta-history15.xml-p15667607p15776031.7z ==========
INFO: archive enwiki-20230601-pages-meta-history15.xml-p15667607p15776031.7z already exists
========== Processing tmp/dump_archives/3/enwiki-20230601-pages-meta-history15.xml-p15007597p15127184.7z ==========
INFO: archive enwiki-20230601-pages-meta-history15.xml-p15007597p15127184.7z already exists
========== Processing tmp/dump_archives/3/enwiki-20230601-pages-meta-history15.xml-p16289672p16445618.7z ==========
INFO: archive enwiki-20230601-pages-meta-history15.xml-p16289672p16445618.7z already exists
========== Processing tmp/dump_archives/3/enwiki-20230601-pages-meta-history15.xml-p16858661p16927407.7z ==========
INFO: archive enwiki-20230601-pages-meta-history15.xml-p16858661p16927407.7z already exists
========== Processing tmp/dump_archives/3/enwiki-20230601-pages-meta-history15.xml-p16445619p16606167.7z ==========
INFO: archive enwiki-20230601-pages-meta-history15.xml-p16445619p16606167.7z already exists
========== Processing tmp/dump_archives/3/enwiki-20230601-pages-meta-history15.xml-p16740500p16858660.7z ==========
INFO: archive enwiki-20230601-pages-meta-history15.xml-p16740500p16858660.7z already exists
========== Processing tmp/dump_archives/3/enwiki-20230601-pages-meta-history15.xml-p16927408p17050520.7z ==========
INFO: archive enwiki-20230601-pages-meta-history15.xml-p16927408p17050520.7z already exists
========== Processing tmp/dump_archives/3/enwiki-20230601-pages-meta-history15.xml-p17050521p17182306.7z ==========
INFO: archive enwiki-20230601-pages-meta-history15.xml-p17050521p17182306.7z already exists
========== Processing tmp/dump_archives/3/enwiki-20230601-pages-meta-history15.xml-p16606168p16740499.7z ==========
INFO: archive enwiki-20230601-pages-meta-history15.xml-p16606168p16740499.7z already exists
========== Processing tmp/dump_archives/3/enwiki-20230601-pages-meta-history15.xml-p17182307p17302821.7z ==========
INFO: archive enwiki-20230601-pages-meta-history15.xml-p17182307p17302821.7z already exists
========== Processing tmp/dump_archives/3/enwiki-20230601-pages-meta-history15.xml-p17428699p17460152.7z ==========
INFO: archive enwiki-20230601-pages-meta-history15.xml-p17428699p17460152.7z already exists
========== Processing tmp/dump_archives/3/enwiki-20230601-pages-meta-history15.xml-p17302822p17428698.7z ==========
INFO: archive enwiki-20230601-pages-meta-history15.xml-p17302822p17428698.7z already exists
========== Processing tmp/dump_archives/3/enwiki-20230601-pages-meta-history16.xml-p17597448p17720084.7z ==========
INFO: archive enwiki-20230601-pages-meta-history16.xml-p17597448p17720084.7z already exists
========== Processing tmp/dump_archives/3/enwiki-20230601-pages-meta-history16.xml-p17956449p18083186.7z ==========
INFO: archive enwiki-20230601-pages-meta-history16.xml-p17956449p18083186.7z already exists
========== Processing tmp/dump_archives/3/enwiki-20230601-pages-meta-history16.xml-p17460153p17597447.7z ==========
INFO: archive enwiki-20230601-pages-meta-history16.xml-p17460153p17597447.7z already exists
========== Processing tmp/dump_archives/3/enwiki-20230601-pages-meta-history16.xml-p17830099p17956448.7z ==========
INFO: archive enwiki-20230601-pages-meta-history16.xml-p17830099p17956448.7z already exists
========== Processing tmp/dump_archives/3/enwiki-20230601-pages-meta-history16.xml-p17720085p17830098.7z ==========
INFO: archive enwiki-20230601-pages-meta-history16.xml-p17720085p17830098.7z already exists
========== Processing tmp/dump_archives/3/enwiki-20230601-pages-meta-history16.xml-p18083187p18216665.7z ==========
INFO: archive enwiki-20230601-pages-meta-history16.xml-p18083187p18216665.7z already exists
========== Processing tmp/dump_archives/3/enwiki-20230601-pages-meta-history16.xml-p18344598p18454429.7z ==========
INFO: archive enwiki-20230601-pages-meta-history16.xml-p18344598p18454429.7z already exists
========== Processing tmp/dump_archives/3/enwiki-20230601-pages-meta-history16.xml-p18454430p18530388.7z ==========
INFO: archive enwiki-20230601-pages-meta-history16.xml-p18454430p18530388.7z already exists
========== Processing tmp/dump_archives/3/enwiki-20230601-pages-meta-history16.xml-p18617669p18716215.7z ==========
INFO: archive enwiki-20230601-pages-meta-history16.xml-p18617669p18716215.7z already exists
========== Processing tmp/dump_archives/3/enwiki-20230601-pages-meta-history16.xml-p18216666p18344597.7z ==========
INFO: archive enwiki-20230601-pages-meta-history16.xml-p18216666p18344597.7z already exists
========== Processing tmp/dump_archives/3/enwiki-20230601-pages-meta-history16.xml-p18716216p18813498.7z ==========
INFO: archive enwiki-20230601-pages-meta-history16.xml-p18716216p18813498.7z already exists
========== Processing tmp/dump_archives/3/enwiki-20230601-pages-meta-history16.xml-p19011187p19129363.7z ==========
INFO: archive enwiki-20230601-pages-meta-history16.xml-p19011187p19129363.7z already exists
========== Processing tmp/dump_archives/3/enwiki-20230601-pages-meta-history16.xml-p18530389p18617668.7z ==========
INFO: archive enwiki-20230601-pages-meta-history16.xml-p18530389p18617668.7z already exists
========== Processing tmp/dump_archives/3/enwiki-20230601-pages-meta-history16.xml-p18951906p19011186.7z ==========
INFO: archive enwiki-20230601-pages-meta-history16.xml-p18951906p19011186.7z already exists
========== Processing tmp/dump_archives/3/enwiki-20230601-pages-meta-history16.xml-p18914778p18951905.7z ==========
INFO: archive enwiki-20230601-pages-meta-history16.xml-p18914778p18951905.7z already exists
========== Processing tmp/dump_archives/3/enwiki-20230601-pages-meta-history16.xml-p19129364p19222533.7z ==========
INFO: archive enwiki-20230601-pages-meta-history16.xml-p19129364p19222533.7z already exists
========== Processing tmp/dump_archives/3/enwiki-20230601-pages-meta-history16.xml-p19394183p19518969.7z ==========
INFO: archive enwiki-20230601-pages-meta-history16.xml-p19394183p19518969.7z already exists
========== Processing tmp/dump_archives/3/enwiki-20230601-pages-meta-history16.xml-p18813499p18914777.7z ==========
INFO: archive enwiki-20230601-pages-meta-history16.xml-p18813499p18914777.7z already exists
========== Processing tmp/dump_archives/3/enwiki-20230601-pages-meta-history16.xml-p19321628p19394182.7z ==========
INFO: archive enwiki-20230601-pages-meta-history16.xml-p19321628p19394182.7z already exists
========== Processing tmp/dump_archives/3/enwiki-20230601-pages-meta-history16.xml-p19222534p19321627.7z ==========
INFO: archive enwiki-20230601-pages-meta-history16.xml-p19222534p19321627.7z already exists
========== Processing tmp/dump_archives/3/enwiki-20230601-pages-meta-history16.xml-p19518970p19625964.7z ==========
INFO: archive enwiki-20230601-pages-meta-history16.xml-p19518970p19625964.7z already exists
========== Processing tmp/dump_archives/3/enwiki-20230601-pages-meta-history16.xml-p19625965p19706673.7z ==========
INFO: archive enwiki-20230601-pages-meta-history16.xml-p19625965p19706673.7z already exists
========== Processing tmp/dump_archives/3/enwiki-20230601-pages-meta-history16.xml-p19706674p19826888.7z ==========
INFO: archive enwiki-20230601-pages-meta-history16.xml-p19706674p19826888.7z already exists
========== Processing tmp/dump_archives/3/enwiki-20230601-pages-meta-history16.xml-p20068502p20199204.7z ==========
INFO: archive enwiki-20230601-pages-meta-history16.xml-p20068502p20199204.7z already exists
========== Processing tmp/dump_archives/3/enwiki-20230601-pages-meta-history16.xml-p20346698p20497187.7z ==========
INFO: archive enwiki-20230601-pages-meta-history16.xml-p20346698p20497187.7z already exists
========== Processing tmp/dump_archives/3/enwiki-20230601-pages-meta-history16.xml-p19826889p19951380.7z ==========
INFO: archive enwiki-20230601-pages-meta-history16.xml-p19826889p19951380.7z already exists
========== Processing tmp/dump_archives/3/enwiki-20230601-pages-meta-history16.xml-p20199205p20346697.7z ==========
INFO: archive enwiki-20230601-pages-meta-history16.xml-p20199205p20346697.7z already exists
========== Processing tmp/dump_archives/3/enwiki-20230601-pages-meta-history17.xml-p20785917p20892299.7z ==========
INFO: archive enwiki-20230601-pages-meta-history17.xml-p20785917p20892299.7z already exists
========== Processing tmp/dump_archives/3/enwiki-20230601-pages-meta-history16.xml-p19951381p20068501.7z ==========
INFO: archive enwiki-20230601-pages-meta-history16.xml-p19951381p20068501.7z already exists
========== Processing tmp/dump_archives/3/enwiki-20230601-pages-meta-history17.xml-p20675112p20785916.7z ==========
INFO: archive enwiki-20230601-pages-meta-history17.xml-p20675112p20785916.7z already exists
========== Processing tmp/dump_archives/3/enwiki-20230601-pages-meta-history17.xml-p20570393p20675111.7z ==========
INFO: archive enwiki-20230601-pages-meta-history17.xml-p20570393p20675111.7z already exists
========== Processing tmp/dump_archives/3/enwiki-20230601-pages-meta-history17.xml-p20892300p20991624.7z ==========
INFO: archive enwiki-20230601-pages-meta-history17.xml-p20892300p20991624.7z already exists
========== Processing tmp/dump_archives/3/enwiki-20230601-pages-meta-history17.xml-p20991625p21090546.7z ==========
INFO: archive enwiki-20230601-pages-meta-history17.xml-p20991625p21090546.7z already exists
========== Processing tmp/dump_archives/3/enwiki-20230601-pages-meta-history16.xml-p20497188p20570392.7z ==========
INFO: archive enwiki-20230601-pages-meta-history16.xml-p20497188p20570392.7z already exists
========== Processing tmp/dump_archives/3/enwiki-20230601-pages-meta-history17.xml-p21195631p21304970.7z ==========
INFO: archive enwiki-20230601-pages-meta-history17.xml-p21195631p21304970.7z already exists
========== Processing tmp/dump_archives/3/enwiki-20230601-pages-meta-history17.xml-p21304971p21412316.7z ==========
INFO: archive enwiki-20230601-pages-meta-history17.xml-p21304971p21412316.7z already exists
========== Processing tmp/dump_archives/3/enwiki-20230601-pages-meta-history17.xml-p21412317p21514404.7z ==========
INFO: archive enwiki-20230601-pages-meta-history17.xml-p21412317p21514404.7z already exists
========== Processing tmp/dump_archives/3/enwiki-20230601-pages-meta-history17.xml-p21764945p21882878.7z ==========
INFO: archive enwiki-20230601-pages-meta-history17.xml-p21764945p21882878.7z already exists
========== Processing tmp/dump_archives/3/enwiki-20230601-pages-meta-history17.xml-p21514405p21645878.7z ==========
INFO: archive enwiki-20230601-pages-meta-history17.xml-p21514405p21645878.7z already exists
========== Processing tmp/dump_archives/3/enwiki-20230601-pages-meta-history17.xml-p21882879p22003934.7z ==========
INFO: archive enwiki-20230601-pages-meta-history17.xml-p21882879p22003934.7z already exists
========== Processing tmp/dump_archives/3/enwiki-20230601-pages-meta-history17.xml-p21645879p21764944.7z ==========
INFO: archive enwiki-20230601-pages-meta-history17.xml-p21645879p21764944.7z already exists
========== Processing tmp/dump_archives/3/enwiki-20230601-pages-meta-history17.xml-p22253072p22363913.7z ==========
INFO: archive enwiki-20230601-pages-meta-history17.xml-p22253072p22363913.7z already exists
========== Processing tmp/dump_archives/3/enwiki-20230601-pages-meta-history17.xml-p22003935p22125688.7z ==========
INFO: archive enwiki-20230601-pages-meta-history17.xml-p22003935p22125688.7z already exists
========== Processing tmp/dump_archives/3/enwiki-20230601-pages-meta-history17.xml-p22125689p22253071.7z ==========
INFO: archive enwiki-20230601-pages-meta-history17.xml-p22125689p22253071.7z already exists
========== Processing tmp/dump_archives/3/enwiki-20230601-pages-meta-history17.xml-p22363914p22486369.7z ==========
INFO: archive enwiki-20230601-pages-meta-history17.xml-p22363914p22486369.7z already exists
========== Processing tmp/dump_archives/3/enwiki-20230601-pages-meta-history17.xml-p22486370p22613736.7z ==========
INFO: archive enwiki-20230601-pages-meta-history17.xml-p22486370p22613736.7z already exists
========== Processing tmp/dump_archives/3/enwiki-20230601-pages-meta-history17.xml-p22736569p22826867.7z ==========
INFO: archive enwiki-20230601-pages-meta-history17.xml-p22736569p22826867.7z already exists
========== Processing tmp/dump_archives/3/enwiki-20230601-pages-meta-history17.xml-p22613737p22736568.7z ==========
INFO: archive enwiki-20230601-pages-meta-history17.xml-p22613737p22736568.7z already exists
========== Processing tmp/dump_archives/3/enwiki-20230601-pages-meta-history17.xml-p22826868p22966127.7z ==========
INFO: archive enwiki-20230601-pages-meta-history17.xml-p22826868p22966127.7z already exists
========== Processing tmp/dump_archives/3/enwiki-20230601-pages-meta-history17.xml-p22966128p23035253.7z ==========
INFO: archive enwiki-20230601-pages-meta-history17.xml-p22966128p23035253.7z already exists
========== Processing tmp/dump_archives/3/enwiki-20230601-pages-meta-history17.xml-p23035254p23162681.7z ==========
INFO: archive enwiki-20230601-pages-meta-history17.xml-p23035254p23162681.7z already exists
========== Processing tmp/dump_archives/3/enwiki-20230601-pages-meta-history17.xml-p23162682p23259672.7z ==========
INFO: archive enwiki-20230601-pages-meta-history17.xml-p23162682p23259672.7z already exists
========== Processing tmp/dump_archives/3/enwiki-20230601-pages-meta-history17.xml-p23321613p23438903.7z ==========
INFO: archive enwiki-20230601-pages-meta-history17.xml-p23321613p23438903.7z already exists
========== Processing tmp/dump_archives/3/enwiki-20230601-pages-meta-history17.xml-p23648403p23716197.7z ==========
INFO: archive enwiki-20230601-pages-meta-history17.xml-p23648403p23716197.7z already exists
========== Processing tmp/dump_archives/3/enwiki-20230601-pages-meta-history18.xml-p23716198p23835604.7z ==========
INFO: archive enwiki-20230601-pages-meta-history18.xml-p23716198p23835604.7z already exists
========== Processing tmp/dump_archives/3/enwiki-20230601-pages-meta-history17.xml-p23259673p23321612.7z ==========
INFO: archive enwiki-20230601-pages-meta-history17.xml-p23259673p23321612.7z already exists
========== Processing tmp/dump_archives/3/enwiki-20230601-pages-meta-history17.xml-p23438904p23544116.7z ==========
INFO: archive enwiki-20230601-pages-meta-history17.xml-p23438904p23544116.7z already exists
========== Processing tmp/dump_archives/3/enwiki-20230601-pages-meta-history18.xml-p24060055p24175386.7z ==========
INFO: archive enwiki-20230601-pages-meta-history18.xml-p24060055p24175386.7z already exists
========== Processing tmp/dump_archives/3/enwiki-20230601-pages-meta-history17.xml-p23544117p23648402.7z ==========
INFO: archive enwiki-20230601-pages-meta-history17.xml-p23544117p23648402.7z already exists
========== Processing tmp/dump_archives/3/enwiki-20230601-pages-meta-history18.xml-p23835605p23949087.7z ==========
INFO: archive enwiki-20230601-pages-meta-history18.xml-p23835605p23949087.7z already exists
========== Processing tmp/dump_archives/3/enwiki-20230601-pages-meta-history18.xml-p23949088p24060054.7z ==========
INFO: archive enwiki-20230601-pages-meta-history18.xml-p23949088p24060054.7z already exists
========== Processing tmp/dump_archives/3/enwiki-20230601-pages-meta-history18.xml-p24175387p24300834.7z ==========
INFO: archive enwiki-20230601-pages-meta-history18.xml-p24175387p24300834.7z already exists
========== Processing tmp/dump_archives/3/enwiki-20230601-pages-meta-history18.xml-p24300835p24424041.7z ==========
INFO: archive enwiki-20230601-pages-meta-history18.xml-p24300835p24424041.7z already exists
========== Processing tmp/dump_archives/3/enwiki-20230601-pages-meta-history18.xml-p24424042p24547547.7z ==========
INFO: archive enwiki-20230601-pages-meta-history18.xml-p24424042p24547547.7z already exists
========== Processing tmp/dump_archives/3/enwiki-20230601-pages-meta-history18.xml-p24547548p24658510.7z ==========
INFO: archive enwiki-20230601-pages-meta-history18.xml-p24547548p24658510.7z already exists
========== Processing tmp/dump_archives/3/enwiki-20230601-pages-meta-history18.xml-p24658511p24791972.7z ==========
INFO: archive enwiki-20230601-pages-meta-history18.xml-p24658511p24791972.7z already exists
========== Processing tmp/dump_archives/3/enwiki-20230601-pages-meta-history18.xml-p25063710p25186722.7z ==========
INFO: archive enwiki-20230601-pages-meta-history18.xml-p25063710p25186722.7z already exists
========== Processing tmp/dump_archives/3/enwiki-20230601-pages-meta-history18.xml-p24791973p24933926.7z ==========
INFO: archive enwiki-20230601-pages-meta-history18.xml-p24791973p24933926.7z already exists
========== Processing tmp/dump_archives/3/enwiki-20230601-pages-meta-history18.xml-p24933927p25063709.7z ==========
INFO: archive enwiki-20230601-pages-meta-history18.xml-p24933927p25063709.7z already exists
========== Processing tmp/dump_archives/3/enwiki-20230601-pages-meta-history18.xml-p25186723p25310128.7z ==========
INFO: archive enwiki-20230601-pages-meta-history18.xml-p25186723p25310128.7z already exists
========== Processing tmp/dump_archives/3/enwiki-20230601-pages-meta-history18.xml-p25451719p25578266.7z ==========
INFO: archive enwiki-20230601-pages-meta-history18.xml-p25451719p25578266.7z already exists
========== Processing tmp/dump_archives/3/enwiki-20230601-pages-meta-history18.xml-p25310129p25451718.7z ==========
INFO: archive enwiki-20230601-pages-meta-history18.xml-p25310129p25451718.7z already exists
========== Processing tmp/dump_archives/3/enwiki-20230601-pages-meta-history18.xml-p25683828p25685749.7z ==========
INFO: archive enwiki-20230601-pages-meta-history18.xml-p25683828p25685749.7z already exists
========== Processing tmp/dump_archives/3/enwiki-20230601-pages-meta-history18.xml-p25578267p25683827.7z ==========
INFO: archive enwiki-20230601-pages-meta-history18.xml-p25578267p25683827.7z already exists
========== Processing tmp/dump_archives/3/enwiki-20230601-pages-meta-history3.xml-p265965p272874.7z ==========
INFO: archive enwiki-20230601-pages-meta-history3.xml-p265965p272874.7z already exists
========== Processing tmp/dump_archives/3/enwiki-20230601-pages-meta-history3.xml-p261955p265964.7z ==========
INFO: archive enwiki-20230601-pages-meta-history3.xml-p261955p265964.7z already exists
========== Processing tmp/dump_archives/3/enwiki-20230601-pages-meta-history3.xml-p272875p279725.7z ==========
INFO: archive enwiki-20230601-pages-meta-history3.xml-p272875p279725.7z already exists
========== Processing tmp/dump_archives/3/enwiki-20230601-pages-meta-history3.xml-p279726p286650.7z ==========
INFO: archive enwiki-20230601-pages-meta-history3.xml-p279726p286650.7z already exists
========== Processing tmp/dump_archives/3/enwiki-20230601-pages-meta-history3.xml-p286651p292639.7z ==========
INFO: archive enwiki-20230601-pages-meta-history3.xml-p286651p292639.7z already exists
========== Processing tmp/dump_archives/3/enwiki-20230601-pages-meta-history3.xml-p292640p297644.7z ==========
INFO: archive enwiki-20230601-pages-meta-history3.xml-p292640p297644.7z already exists
========== Processing tmp/dump_archives/3/enwiki-20230601-pages-meta-history3.xml-p297645p302601.7z ==========
INFO: archive enwiki-20230601-pages-meta-history3.xml-p297645p302601.7z already exists
========== Processing tmp/dump_archives/3/enwiki-20230601-pages-meta-history3.xml-p310014p311329.7z ==========
INFO: archive enwiki-20230601-pages-meta-history3.xml-p310014p311329.7z already exists
========== Processing tmp/dump_archives/3/enwiki-20230601-pages-meta-history4.xml-p311330p317072.7z ==========
INFO: archive enwiki-20230601-pages-meta-history4.xml-p311330p317072.7z already exists
========== Processing tmp/dump_archives/3/enwiki-20230601-pages-meta-history3.xml-p302602p305484.7z ==========
INFO: archive enwiki-20230601-pages-meta-history3.xml-p302602p305484.7z already exists
========== Processing tmp/dump_archives/3/enwiki-20230601-pages-meta-history3.xml-p305485p310013.7z ==========
INFO: archive enwiki-20230601-pages-meta-history3.xml-p305485p310013.7z already exists
========== Processing tmp/dump_archives/3/enwiki-20230601-pages-meta-history4.xml-p322806p329805.7z ==========
INFO: archive enwiki-20230601-pages-meta-history4.xml-p322806p329805.7z already exists
========== Processing tmp/dump_archives/3/enwiki-20230601-pages-meta-history4.xml-p317073p322805.7z ==========
INFO: archive enwiki-20230601-pages-meta-history4.xml-p317073p322805.7z already exists
========== Processing tmp/dump_archives/3/enwiki-20230601-pages-meta-history4.xml-p342651p348462.7z ==========
INFO: archive enwiki-20230601-pages-meta-history4.xml-p342651p348462.7z already exists
========== Processing tmp/dump_archives/3/enwiki-20230601-pages-meta-history4.xml-p329806p335300.7z ==========
INFO: archive enwiki-20230601-pages-meta-history4.xml-p329806p335300.7z already exists
========== Processing tmp/dump_archives/3/enwiki-20230601-pages-meta-history4.xml-p335301p342650.7z ==========
INFO: archive enwiki-20230601-pages-meta-history4.xml-p335301p342650.7z already exists
========== Processing tmp/dump_archives/3/enwiki-20230601-pages-meta-history4.xml-p348463p352851.7z ==========
INFO: archive enwiki-20230601-pages-meta-history4.xml-p348463p352851.7z already exists
========== Processing tmp/dump_archives/3/enwiki-20230601-pages-meta-history4.xml-p352852p358983.7z ==========
INFO: archive enwiki-20230601-pages-meta-history4.xml-p352852p358983.7z already exists
========== Processing tmp/dump_archives/3/enwiki-20230601-pages-meta-history4.xml-p358984p364289.7z ==========
INFO: archive enwiki-20230601-pages-meta-history4.xml-p358984p364289.7z already exists
========== Processing tmp/dump_archives/3/enwiki-20230601-pages-meta-history4.xml-p364290p371578.7z ==========
INFO: archive enwiki-20230601-pages-meta-history4.xml-p364290p371578.7z already exists
========== Processing tmp/dump_archives/3/enwiki-20230601-pages-meta-history4.xml-p377359p384218.7z ==========
INFO: archive enwiki-20230601-pages-meta-history4.xml-p377359p384218.7z already exists
========== Processing tmp/dump_archives/3/enwiki-20230601-pages-meta-history4.xml-p371579p377358.7z ==========
INFO: archive enwiki-20230601-pages-meta-history4.xml-p371579p377358.7z already exists
========== Processing tmp/dump_archives/3/enwiki-20230601-pages-meta-history4.xml-p384219p393026.7z ==========
INFO: archive enwiki-20230601-pages-meta-history4.xml-p384219p393026.7z already exists
========== Processing tmp/dump_archives/3/enwiki-20230601-pages-meta-history4.xml-p393027p401380.7z ==========
INFO: archive enwiki-20230601-pages-meta-history4.xml-p393027p401380.7z already exists
========== Processing tmp/dump_archives/3/enwiki-20230601-pages-meta-history4.xml-p401381p408102.7z ==========
INFO: archive enwiki-20230601-pages-meta-history4.xml-p401381p408102.7z already exists
========== Processing tmp/dump_archives/3/enwiki-20230601-pages-meta-history4.xml-p413623p418956.7z ==========
INFO: archive enwiki-20230601-pages-meta-history4.xml-p413623p418956.7z already exists
========== Processing tmp/dump_archives/3/enwiki-20230601-pages-meta-history4.xml-p408103p413622.7z ==========
INFO: archive enwiki-20230601-pages-meta-history4.xml-p408103p413622.7z already exists
========== Processing tmp/dump_archives/3/enwiki-20230601-pages-meta-history4.xml-p418957p425905.7z ==========
INFO: archive enwiki-20230601-pages-meta-history4.xml-p418957p425905.7z already exists
========== Processing tmp/dump_archives/3/enwiki-20230601-pages-meta-history4.xml-p432932p438962.7z ==========
INFO: archive enwiki-20230601-pages-meta-history4.xml-p432932p438962.7z already exists
========== Processing tmp/dump_archives/3/enwiki-20230601-pages-meta-history4.xml-p425906p432931.7z ==========
INFO: archive enwiki-20230601-pages-meta-history4.xml-p425906p432931.7z already exists
========== Processing tmp/dump_archives/3/enwiki-20230601-pages-meta-history4.xml-p438963p447384.7z ==========
INFO: archive enwiki-20230601-pages-meta-history4.xml-p438963p447384.7z already exists
========== Processing tmp/dump_archives/3/enwiki-20230601-pages-meta-history4.xml-p454278p461924.7z ==========
INFO: archive enwiki-20230601-pages-meta-history4.xml-p454278p461924.7z already exists
========== Processing tmp/dump_archives/3/enwiki-20230601-pages-meta-history4.xml-p447385p454277.7z ==========
INFO: archive enwiki-20230601-pages-meta-history4.xml-p447385p454277.7z already exists
========== Processing tmp/dump_archives/3/enwiki-20230601-pages-meta-history4.xml-p461925p471444.7z ==========
INFO: archive enwiki-20230601-pages-meta-history4.xml-p461925p471444.7z already exists
========== Processing tmp/dump_archives/3/enwiki-20230601-pages-meta-history4.xml-p481140p489595.7z ==========
INFO: archive enwiki-20230601-pages-meta-history4.xml-p481140p489595.7z already exists
========== Processing tmp/dump_archives/3/enwiki-20230601-pages-meta-history4.xml-p471445p481139.7z ==========
INFO: archive enwiki-20230601-pages-meta-history4.xml-p471445p481139.7z already exists
========== Processing tmp/dump_archives/3/enwiki-20230601-pages-meta-history4.xml-p489596p500010.7z ==========
INFO: archive enwiki-20230601-pages-meta-history4.xml-p489596p500010.7z already exists
========== Processing tmp/dump_archives/3/enwiki-20230601-pages-meta-history4.xml-p500011p510824.7z ==========
INFO: archive enwiki-20230601-pages-meta-history4.xml-p500011p510824.7z already exists
========== Processing tmp/dump_archives/3/enwiki-20230601-pages-meta-history4.xml-p510825p521561.7z ==========
INFO: archive enwiki-20230601-pages-meta-history4.xml-p510825p521561.7z already exists
========== Processing tmp/dump_archives/3/enwiki-20230601-pages-meta-history4.xml-p521562p533284.7z ==========
INFO: archive enwiki-20230601-pages-meta-history4.xml-p521562p533284.7z already exists
========== Processing tmp/dump_archives/3/enwiki-20230601-pages-meta-history4.xml-p533285p543920.7z ==========
INFO: archive enwiki-20230601-pages-meta-history4.xml-p533285p543920.7z already exists
========== Processing tmp/dump_archives/3/enwiki-20230601-pages-meta-history5.xml-p558392p564701.7z ==========
INFO: archive enwiki-20230601-pages-meta-history5.xml-p558392p564701.7z already exists
========== Processing tmp/dump_archives/3/enwiki-20230601-pages-meta-history4.xml-p543921p557859.7z ==========
INFO: archive enwiki-20230601-pages-meta-history4.xml-p543921p557859.7z already exists
========== Processing tmp/dump_archives/3/enwiki-20230601-pages-meta-history4.xml-p557860p558391.7z ==========
INFO: archive enwiki-20230601-pages-meta-history4.xml-p557860p558391.7z already exists
========== Processing tmp/dump_archives/3/enwiki-20230601-pages-meta-history5.xml-p564702p571160.7z ==========
INFO: archive enwiki-20230601-pages-meta-history5.xml-p564702p571160.7z already exists
========== Processing tmp/dump_archives/3/enwiki-20230601-pages-meta-history5.xml-p579747p591329.7z ==========
INFO: archive enwiki-20230601-pages-meta-history5.xml-p579747p591329.7z already exists
========== Processing tmp/dump_archives/3/enwiki-20230601-pages-meta-history5.xml-p571161p579746.7z ==========
INFO: archive enwiki-20230601-pages-meta-history5.xml-p571161p579746.7z already exists
========== Processing tmp/dump_archives/3/enwiki-20230601-pages-meta-history5.xml-p591330p602908.7z ==========
INFO: archive enwiki-20230601-pages-meta-history5.xml-p591330p602908.7z already exists
========== Processing tmp/dump_archives/3/enwiki-20230601-pages-meta-history5.xml-p602909p612372.7z ==========
INFO: archive enwiki-20230601-pages-meta-history5.xml-p602909p612372.7z already exists
========== Processing tmp/dump_archives/3/enwiki-20230601-pages-meta-history5.xml-p612373p622158.7z ==========
INFO: archive enwiki-20230601-pages-meta-history5.xml-p612373p622158.7z already exists
========== Processing tmp/dump_archives/3/enwiki-20230601-pages-meta-history5.xml-p622159p629948.7z ==========
INFO: archive enwiki-20230601-pages-meta-history5.xml-p622159p629948.7z already exists
========== Processing tmp/dump_archives/3/enwiki-20230601-pages-meta-history5.xml-p629949p642222.7z ==========
INFO: archive enwiki-20230601-pages-meta-history5.xml-p629949p642222.7z already exists
========== Processing tmp/dump_archives/3/enwiki-20230601-pages-meta-history5.xml-p642223p653923.7z ==========
INFO: archive enwiki-20230601-pages-meta-history5.xml-p642223p653923.7z already exists
========== Processing tmp/dump_archives/3/enwiki-20230601-pages-meta-history5.xml-p666363p679416.7z ==========
INFO: archive enwiki-20230601-pages-meta-history5.xml-p666363p679416.7z already exists
========== Processing tmp/dump_archives/3/enwiki-20230601-pages-meta-history5.xml-p679417p690842.7z ==========
INFO: archive enwiki-20230601-pages-meta-history5.xml-p679417p690842.7z already exists
========== Processing tmp/dump_archives/3/enwiki-20230601-pages-meta-history5.xml-p653924p666362.7z ==========
INFO: archive enwiki-20230601-pages-meta-history5.xml-p653924p666362.7z already exists
========== Processing tmp/dump_archives/3/enwiki-20230601-pages-meta-history5.xml-p704778p719526.7z ==========
INFO: archive enwiki-20230601-pages-meta-history5.xml-p704778p719526.7z already exists
========== Processing tmp/dump_archives/3/enwiki-20230601-pages-meta-history5.xml-p690843p704777.7z ==========
INFO: archive enwiki-20230601-pages-meta-history5.xml-p690843p704777.7z already exists
========== Processing tmp/dump_archives/3/enwiki-20230601-pages-meta-history5.xml-p719527p732079.7z ==========
INFO: archive enwiki-20230601-pages-meta-history5.xml-p719527p732079.7z already exists
========== Processing tmp/dump_archives/3/enwiki-20230601-pages-meta-history5.xml-p747402p762812.7z ==========
INFO: archive enwiki-20230601-pages-meta-history5.xml-p747402p762812.7z already exists
========== Processing tmp/dump_archives/3/enwiki-20230601-pages-meta-history5.xml-p732080p747401.7z ==========
INFO: archive enwiki-20230601-pages-meta-history5.xml-p732080p747401.7z already exists
========== Processing tmp/dump_archives/3/enwiki-20230601-pages-meta-history5.xml-p762813p779627.7z ==========
INFO: archive enwiki-20230601-pages-meta-history5.xml-p762813p779627.7z already exists
========== Processing tmp/dump_archives/3/enwiki-20230601-pages-meta-history17.xml-p21090547p21195630.7z ==========
========== starting stage 4 (subject column detextion) for enwiki-20230601-pages-meta-history17.xml-p21090547p21195630 ==========
Thu Sep 07 05:54:55 GMT 2023 loading exception data for lemmatiser...
Thu Sep 07 05:54:55 GMT 2023 loading done
Failure for table  on page -1

========== zipping results  ==========

7-Zip [64] 16.02 : Copyright (c) 1999-2016 Igor Pavlov : 2016-05-21
p7zip Version 16.02 (locale=C,Utf16=off,HugeFiles=on,64 bits,256 CPUs AMD EPYC 7742 64-Core Processor                 (830F10),ASM,AES-NI)

Scanning the drive:
1 file, 46587818 bytes (45 MiB)

Creating archive: /home/project/data/archives/enwiki-20230601-p21090547p21195630-table-row-matching.7z

Items to compress: 1


Files read from disk: 1
Archive size: 1118588 bytes (1093 KiB)
Everything is Ok
log4j:WARN No appenders could be found for logger (uk.ac.shef.dcs.sti.experiment.WikiTableMinerPlusBatch).
log4j:WARN Please initialize the log4j system properly.
log4j:WARN See http://logging.apache.org/log4j/1.2/faq.html#noconfig for more info.
java.lang.StringIndexOutOfBoundsException: begin 0, end -1, length 1
	at java.base/java.lang.String.checkBoundsBeginEnd(String.java:3319)
	at java.base/java.lang.String.substring(String.java:1874)
	at dragon.util.EnvVariable.getEnv(EnvVariable.java:44)
	at dragon.util.EnvVariable.getEnv(EnvVariable.java:59)
	at dragon.util.EnvVariable.getCharSet(EnvVariable.java:85)
	at dragon.util.FileUtil.getTextReader(FileUtil.java:34)
	at dragon.util.FileUtil.getTextReader(FileUtil.java:19)
	at dragon.nlp.tool.lemmatiser.ExceptionOperation.loadExceptions(ExceptionOperation.java:59)
	at dragon.nlp.tool.lemmatiser.ExceptionOperation.<init>(ExceptionOperation.java:22)
	at dragon.nlp.tool.lemmatiser.EngLemmatiser.loadLemmatiser(EngLemmatiser.java:139)
	at dragon.nlp.tool.lemmatiser.EngLemmatiser.initialize(EngLemmatiser.java:64)
	at dragon.nlp.tool.lemmatiser.EngLemmatiser.<init>(EngLemmatiser.java:41)
	at uk.ac.shef.dcs.sti.nlp.Lemmatizer.init(Lemmatizer.java:19)
	at uk.ac.shef.dcs.sti.nlp.Lemmatizer.<init>(Lemmatizer.java:15)
	at uk.ac.shef.dcs.sti.nlp.NLPTools.<init>(NLPTools.java:32)
	at uk.ac.shef.dcs.sti.nlp.NLPTools.getInstance(NLPTools.java:47)
	at uk.ac.shef.dcs.sti.core.subjectcol.CMScorer.<init>(CMScorer.java:33)
	at uk.ac.shef.dcs.sti.core.subjectcol.TColumnFeatureGenerator.<init>(TColumnFeatureGenerator.java:36)
	at uk.ac.shef.dcs.sti.core.subjectcol.SubjectColumnDetector.<init>(SubjectColumnDetector.java:42)
	at uk.ac.shef.dcs.sti.experiment.WikiTableMinerPlusBatch.initComponents(WikiTableMinerPlusBatch.java:78)
	at uk.ac.shef.dcs.sti.experiment.STIBatch.<init>(STIBatch.java:88)
	at uk.ac.shef.dcs.sti.experiment.WikiTableMinerPlusBatch.<init>(WikiTableMinerPlusBatch.java:60)
	at uk.ac.shef.dcs.sti.experiment.WikiTableMinerPlusBatch.main(WikiTableMinerPlusBatch.java:95)
java.lang.StringIndexOutOfBoundsException: begin 0, end -1, length 1
	at java.base/java.lang.String.checkBoundsBeginEnd(String.java:3319)
	at java.base/java.lang.String.substring(String.java:1874)
	at dragon.util.EnvVariable.getEnv(EnvVariable.java:44)
	at dragon.util.EnvVariable.getEnv(EnvVariable.java:59)
	at dragon.util.EnvVariable.getCharSet(EnvVariable.java:85)
	at dragon.util.FileUtil.getTextReader(FileUtil.java:34)
	at dragon.util.FileUtil.getTextReader(FileUtil.java:19)
	at dragon.nlp.tool.lemmatiser.ExceptionOperation.loadExceptions(ExceptionOperation.java:59)
	at dragon.nlp.tool.lemmatiser.ExceptionOperation.<init>(ExceptionOperation.java:22)
	at dragon.nlp.tool.lemmatiser.EngLemmatiser.loadLemmatiser(EngLemmatiser.java:139)
	at dragon.nlp.tool.lemmatiser.EngLemmatiser.initialize(EngLemmatiser.java:64)
	at dragon.nlp.tool.lemmatiser.EngLemmatiser.<init>(EngLemmatiser.java:41)
	at uk.ac.shef.dcs.sti.nlp.Lemmatizer.init(Lemmatizer.java:19)
	at uk.ac.shef.dcs.sti.nlp.Lemmatizer.<init>(Lemmatizer.java:15)
	at uk.ac.shef.dcs.sti.nlp.NLPTools.<init>(NLPTools.java:32)
	at uk.ac.shef.dcs.sti.nlp.NLPTools.getInstance(NLPTools.java:47)
	at uk.ac.shef.dcs.sti.core.subjectcol.CMScorer.<init>(CMScorer.java:33)
	at uk.ac.shef.dcs.sti.core.subjectcol.TColumnFeatureGenerator.<init>(TColumnFeatureGenerator.java:36)
	at uk.ac.shef.dcs.sti.core.subjectcol.SubjectColumnDetector.<init>(SubjectColumnDetector.java:42)
	at uk.ac.shef.dcs.sti.experiment.WikiTableMinerPlusBatch.initComponents(WikiTableMinerPlusBatch.java:78)
	at uk.ac.shef.dcs.sti.experiment.STIBatch.<init>(STIBatch.java:88)
	at uk.ac.shef.dcs.sti.experiment.WikiTableMinerPlusBatch.<init>(WikiTableMinerPlusBatch.java:60)
	at uk.ac.shef.dcs.sti.experiment.WikiTableMinerPlusBatch.main(WikiTableMinerPlusBatch.java:95)
java.lang.StringIndexOutOfBoundsException: begin 0, end -1, length 1
	at java.base/java.lang.String.checkBoundsBeginEnd(String.java:3319)
	at java.base/java.lang.String.substring(String.java:1874)
	at dragon.util.EnvVariable.getEnv(EnvVariable.java:44)
	at dragon.util.EnvVariable.getEnv(EnvVariable.java:59)
	at dragon.util.EnvVariable.getCharSet(EnvVariable.java:85)
	at dragon.util.FileUtil.getTextReader(FileUtil.java:34)
	at dragon.util.FileUtil.getTextReader(FileUtil.java:19)
	at dragon.nlp.tool.lemmatiser.ExceptionOperation.loadExceptions(ExceptionOperation.java:59)
	at dragon.nlp.tool.lemmatiser.ExceptionOperation.<init>(ExceptionOperation.java:22)
	at dragon.nlp.tool.lemmatiser.EngLemmatiser.loadLemmatiser(EngLemmatiser.java:139)
	at dragon.nlp.tool.lemmatiser.EngLemmatiser.initialize(EngLemmatiser.java:64)
	at dragon.nlp.tool.lemmatiser.EngLemmatiser.<init>(EngLemmatiser.java:41)
	at uk.ac.shef.dcs.sti.nlp.Lemmatizer.init(Lemmatizer.java:19)
	at uk.ac.shef.dcs.sti.nlp.Lemmatizer.<init>(Lemmatizer.java:15)
	at uk.ac.shef.dcs.sti.nlp.NLPTools.<init>(NLPTools.java:32)
	at uk.ac.shef.dcs.sti.nlp.NLPTools.getInstance(NLPTools.java:47)
	at uk.ac.shef.dcs.sti.core.subjectcol.CMScorer.<init>(CMScorer.java:33)
	at uk.ac.shef.dcs.sti.core.subjectcol.TColumnFeatureGenerator.<init>(TColumnFeatureGenerator.java:36)
	at uk.ac.shef.dcs.sti.core.subjectcol.SubjectColumnDetector.<init>(SubjectColumnDetector.java:42)
	at uk.ac.shef.dcs.sti.experiment.WikiTableMinerPlusBatch.initComponents(WikiTableMinerPlusBatch.java:78)
	at uk.ac.shef.dcs.sti.experiment.STIBatch.<init>(STIBatch.java:88)
	at uk.ac.shef.dcs.sti.experiment.WikiTableMinerPlusBatch.<init>(WikiTableMinerPlusBatch.java:60)
	at uk.ac.shef.dcs.sti.experiment.WikiTableMinerPlusBatch.main(WikiTableMinerPlusBatch.java:95)
java.lang.StringIndexOutOfBoundsException: begin 0, end -1, length 1
	at java.base/java.lang.String.checkBoundsBeginEnd(String.java:3319)
	at java.base/java.lang.String.substring(String.java:1874)
	at dragon.util.EnvVariable.getEnv(EnvVariable.java:44)
	at dragon.util.EnvVariable.getEnv(EnvVariable.java:59)
	at dragon.util.EnvVariable.getCharSet(EnvVariable.java:85)
	at dragon.util.FileUtil.getTextReader(FileUtil.java:34)
	at dragon.util.FileUtil.getTextReader(FileUtil.java:19)
	at dragon.nlp.tool.lemmatiser.EngLemmatiser.loadIndexList(EngLemmatiser.java:215)
	at dragon.nlp.tool.lemmatiser.EngLemmatiser.loadLemmatiser(EngLemmatiser.java:149)
	at dragon.nlp.tool.lemmatiser.EngLemmatiser.initialize(EngLemmatiser.java:64)
	at dragon.nlp.tool.lemmatiser.EngLemmatiser.<init>(EngLemmatiser.java:41)
	at uk.ac.shef.dcs.sti.nlp.Lemmatizer.init(Lemmatizer.java:19)
	at uk.ac.shef.dcs.sti.nlp.Lemmatizer.<init>(Lemmatizer.java:15)
	at uk.ac.shef.dcs.sti.nlp.NLPTools.<init>(NLPTools.java:32)
	at uk.ac.shef.dcs.sti.nlp.NLPTools.getInstance(NLPTools.java:47)
	at uk.ac.shef.dcs.sti.core.subjectcol.CMScorer.<init>(CMScorer.java:33)
	at uk.ac.shef.dcs.sti.core.subjectcol.TColumnFeatureGenerator.<init>(TColumnFeatureGenerator.java:36)
	at uk.ac.shef.dcs.sti.core.subjectcol.SubjectColumnDetector.<init>(SubjectColumnDetector.java:42)
	at uk.ac.shef.dcs.sti.experiment.WikiTableMinerPlusBatch.initComponents(WikiTableMinerPlusBatch.java:78)
	at uk.ac.shef.dcs.sti.experiment.STIBatch.<init>(STIBatch.java:88)
	at uk.ac.shef.dcs.sti.experiment.WikiTableMinerPlusBatch.<init>(WikiTableMinerPlusBatch.java:60)
	at uk.ac.shef.dcs.sti.experiment.WikiTableMinerPlusBatch.main(WikiTableMinerPlusBatch.java:95)
java.lang.StringIndexOutOfBoundsException: begin 0, end -1, length 1
	at java.base/java.lang.String.checkBoundsBeginEnd(String.java:3319)
	at java.base/java.lang.String.substring(String.java:1874)
	at dragon.util.EnvVariable.getEnv(EnvVariable.java:44)
	at dragon.util.EnvVariable.getEnv(EnvVariable.java:59)
	at dragon.util.EnvVariable.getCharSet(EnvVariable.java:85)
	at dragon.util.FileUtil.getTextReader(FileUtil.java:34)
	at dragon.util.FileUtil.getTextReader(FileUtil.java:19)
	at dragon.nlp.tool.lemmatiser.ExceptionOperation.loadExceptions(ExceptionOperation.java:59)
	at dragon.nlp.tool.lemmatiser.ExceptionOperation.<init>(ExceptionOperation.java:22)
	at dragon.nlp.tool.lemmatiser.EngLemmatiser.loadLemmatiser(EngLemmatiser.java:139)
	at dragon.nlp.tool.lemmatiser.EngLemmatiser.initialize(EngLemmatiser.java:64)
	at dragon.nlp.tool.lemmatiser.EngLemmatiser.<init>(EngLemmatiser.java:41)
	at uk.ac.shef.dcs.sti.nlp.Lemmatizer.init(Lemmatizer.java:19)
	at uk.ac.shef.dcs.sti.nlp.Lemmatizer.<init>(Lemmatizer.java:15)
	at uk.ac.shef.dcs.sti.nlp.NLPTools.<init>(NLPTools.java:32)
	at uk.ac.shef.dcs.sti.nlp.NLPTools.getInstance(NLPTools.java:47)
	at uk.ac.shef.dcs.sti.core.subjectcol.CMScorer.<init>(CMScorer.java:33)
	at uk.ac.shef.dcs.sti.core.subjectcol.TColumnFeatureGenerator.<init>(TColumnFeatureGenerator.java:36)
	at uk.ac.shef.dcs.sti.core.subjectcol.SubjectColumnDetector.<init>(SubjectColumnDetector.java:42)
	at uk.ac.shef.dcs.sti.experiment.WikiTableMinerPlusBatch.initComponents(WikiTableMinerPlusBatch.java:78)
	at uk.ac.shef.dcs.sti.experiment.STIBatch.<init>(STIBatch.java:88)
	at uk.ac.shef.dcs.sti.experiment.WikiTableMinerPlusBatch.<init>(WikiTableMinerPlusBatch.java:60)
	at uk.ac.shef.dcs.sti.experiment.WikiTableMinerPlusBatch.main(WikiTableMinerPlusBatch.java:95)
com.google.gson.JsonSyntaxException: com.google.gson.stream.MalformedJsonException: Unterminated string at line 1 column 826557 path $.[19].revisions[24].cells[0].content
	at com.google.gson.Gson.fromJson(Gson.java:876)
	at com.google.gson.Gson.fromJson(Gson.java:826)
	at com.google.gson.Gson.fromJson(Gson.java:775)
	at com.google.gson.Gson.fromJson(Gson.java:747)
	at uk.ac.shef.dcs.sti.experiment.WikiTableMinerPlusBatch.main(WikiTableMinerPlusBatch.java:131)
Caused by: com.google.gson.stream.MalformedJsonException: Unterminated string at line 1 column 826557 path $.[19].revisions[24].cells[0].content
	at com.google.gson.stream.JsonReader.syntaxError(JsonReader.java:1574)
	at com.google.gson.stream.JsonReader.nextQuotedValue(JsonReader.java:1031)
	at com.google.gson.stream.JsonReader.nextString(JsonReader.java:827)
	at com.google.gson.internal.bind.ObjectTypeAdapter.read(ObjectTypeAdapter.java:76)
	at com.google.gson.internal.bind.ObjectTypeAdapter.read(ObjectTypeAdapter.java:70)
	at com.google.gson.internal.bind.ObjectTypeAdapter.read(ObjectTypeAdapter.java:61)
	at com.google.gson.internal.bind.ObjectTypeAdapter.read(ObjectTypeAdapter.java:70)
	at com.google.gson.internal.bind.ObjectTypeAdapter.read(ObjectTypeAdapter.java:61)
	at com.google.gson.internal.bind.ObjectTypeAdapter.read(ObjectTypeAdapter.java:70)
	at com.google.gson.internal.bind.ObjectTypeAdapter.read(ObjectTypeAdapter.java:61)
	at com.google.gson.internal.bind.TypeAdapterRuntimeTypeWrapper.read(TypeAdapterRuntimeTypeWrapper.java:40)
	at com.google.gson.internal.bind.MapTypeAdapterFactory$Adapter.read(MapTypeAdapterFactory.java:187)
	at com.google.gson.internal.bind.MapTypeAdapterFactory$Adapter.read(MapTypeAdapterFactory.java:145)
	at com.google.gson.Gson.fromJson(Gson.java:861)
	... 4 more
========= DONE ========
